#
# There is insufficient memory for the Java Runtime Environment to continue.
# Native memory allocation (malloc) failed to allocate 649376 bytes for Chunk::new
# Possible reasons:
#   The system is out of physical RAM or swap space
#   The process is running with CompressedOops enabled, and the Java Heap may be blocking the growth of the native heap
# Possible solutions:
#   Reduce memory load on the system
#   Increase physical memory or swap space
#   Check if swap backing store is full
#   Decrease Java heap size (-Xmx/-Xms)
#   Decrease number of Java threads
#   Decrease Java thread stack sizes (-Xss)
#   Set larger code cache with -XX:ReservedCodeCacheSize=
#   JVM is running with Unscaled Compressed Oops mode in which the Java heap is
#     placed in the first 4GB address space. The Java Heap base address is the
#     maximum limit for the native heap growth. Please use -XX:HeapBaseMinAddress
#     to set the Java Heap base and to place the Java Heap above 4GB virtual address.
# This output file may be truncated or incomplete.
#
#  Out of Memory Error (allocation.cpp:389), pid=4140, tid=0x0000000000002c6c
#
# JRE version: Java(TM) SE Runtime Environment (8.0_211-b12) (build 1.8.0_211-b12)
# Java VM: Java HotSpot(TM) 64-Bit Server VM (25.211-b12 mixed mode windows-amd64 compressed oops)
# Failed to write core dump. Minidumps are not enabled by default on client versions of Windows
#

---------------  T H R E A D  ---------------

Current thread (0x0000000017304000):  JavaThread "C2 CompilerThread0" daemon [_thread_in_native, id=11372, stack(0x0000000018960000,0x0000000018a60000)]

Stack: [0x0000000018960000,0x0000000018a60000]
[error occurred during error reporting (printing stack bounds), id 0xc0000005]

Native frames: (J=compiled Java code, j=interpreted, Vv=VM code, C=native code)


Current CompileTask:
C2:   4619 3955   !   4       org.springframework.core.annotation.AnnotationUtils::findAnnotation (171 bytes)


---------------  P R O C E S S  ---------------

Java Threads: ( => current thread )
  0x0000000019c49000 JavaThread "restartedMain" [_thread_in_Java, id=1812, stack(0x000000001ac90000,0x000000001ad90000)]
  0x0000000019c47800 JavaThread "Thread-0" [_thread_blocked, id=4400, stack(0x000000001ab90000,0x000000001ac90000)]
  0x0000000018c98800 JavaThread "Service Thread" daemon [_thread_blocked, id=8188, stack(0x0000000019060000,0x0000000019160000)]
  0x0000000017316000 JavaThread "C1 CompilerThread2" daemon [_thread_blocked, id=5704, stack(0x0000000018b60000,0x0000000018c60000)]
  0x0000000017307800 JavaThread "C2 CompilerThread1" daemon [_thread_in_native, id=3148, stack(0x0000000018a60000,0x0000000018b60000)]
=>0x0000000017304000 JavaThread "C2 CompilerThread0" daemon [_thread_in_native, id=11372, stack(0x0000000018960000,0x0000000018a60000)]
  0x0000000017302000 JavaThread "Attach Listener" daemon [_thread_blocked, id=2192, stack(0x0000000018860000,0x0000000018960000)]
  0x0000000017301000 JavaThread "Signal Dispatcher" daemon [_thread_blocked, id=1416, stack(0x0000000018760000,0x0000000018860000)]
  0x00000000172ea800 JavaThread "Finalizer" daemon [_thread_blocked, id=2068, stack(0x0000000018550000,0x0000000018650000)]
  0x00000000027d4000 JavaThread "Reference Handler" daemon [_thread_blocked, id=11412, stack(0x0000000018450000,0x0000000018550000)]
  0x00000000026e5800 JavaThread "main" [_thread_blocked, id=11276, stack(0x0000000002500000,0x0000000002600000)]

Other Threads:
  0x00000000172c8000 VMThread [stack: 0x0000000018350000,0x0000000018450000] [id=1920]
  0x000000001735e000 WatcherThread [stack: 0x0000000019160000,0x0000000019260000] [id=6380]

VM state:not at safepoint (normal execution)

VM Mutex/Monitor currently owned by a thread: None

heap address: 0x0000000081e00000, size: 2018 MB, Compressed Oops mode: 32-bit
Narrow klass base: 0x0000000000000000, Narrow klass shift: 3
Compressed class space size: 1073741824 Address: 0x0000000100000000

Heap:
 PSYoungGen      total 138240K, used 58588K [0x00000000d5f80000, 0x00000000deb80000, 0x0000000100000000)
  eden space 133120K, 44% used [0x00000000d5f80000,0x00000000d98b73f0,0x00000000de180000)
  from space 5120K, 0% used [0x00000000de180000,0x00000000de180000,0x00000000de680000)
  to   space 5120K, 0% used [0x00000000de680000,0x00000000de680000,0x00000000deb80000)
 ParOldGen       total 93696K, used 19527K [0x0000000081e00000, 0x0000000087980000, 0x00000000d5f80000)
  object space 93696K, 20% used [0x0000000081e00000,0x0000000083111f70,0x0000000087980000)
 Metaspace       used 34952K, capacity 36840K, committed 36992K, reserved 1081344K
  class space    used 4579K, capacity 4939K, committed 4992K, reserved 1048576K

Card table byte_map: [0x0000000011ba0000,0x0000000011fa0000] byte_map_base: 0x0000000011791000

Marking Bits: (ParMarkBitMap*) 0x0000000066615ce0
 Begin Bits: [0x0000000012650000, 0x00000000145d8000)
 End Bits:   [0x00000000145d8000, 0x0000000016560000)

Polling page: 0x0000000000810000

CodeCache: size=245760Kb used=11755Kb max_used=13451Kb free=234005Kb
 bounds [0x00000000027e0000, 0x0000000003510000, 0x00000000117e0000]
 total_blobs=3846 nmethods=3433 adapters=325
 compilation: enabled

Compilation events (10 events):
Event: 4.595 Thread 0x0000000017316000 nmethod 3964 0x0000000003008990 code [0x0000000003008b80, 0x00000000030098c8]
Event: 4.601 Thread 0x0000000017316000 3966       3       org.springframework.cglib.reflect.FastClassEmitter$GetIndexCallback::processCase (31 bytes)
Event: 4.602 Thread 0x0000000017316000 nmethod 3966 0x0000000002dffd50 code [0x0000000002dfff20, 0x0000000002e006a8]
Event: 4.602 Thread 0x0000000017316000 3967       3       org.springframework.cglib.core.EmitUtils$14::processDefault (12 bytes)
Event: 4.602 Thread 0x0000000017316000 nmethod 3967 0x0000000003001cd0 code [0x0000000003001e40, 0x0000000003002148]
Event: 4.602 Thread 0x0000000017316000 3968       3       org.springframework.cglib.core.EmitUtils$14::<init> (38 bytes)
Event: 4.602 Thread 0x0000000017316000 nmethod 3968 0x000000000300d550 code [0x000000000300d6a0, 0x000000000300d8d0]
Event: 4.609 Thread 0x0000000017316000 3970       3       org.springframework.cglib.core.CodeEmitter::invoke (92 bytes)
Event: 4.609 Thread 0x0000000017316000 nmethod 3970 0x000000000300e810 code [0x000000000300ea60, 0x000000000300f778]
Event: 4.617 Thread 0x0000000017316000 3971   !   3       com.sun.proxy.$Proxy62::annotationType (29 bytes)

GC Heap History (10 events):
Event: 1.498 GC heap before
{Heap before GC invocations=5 (full 1):
 PSYoungGen      total 138240K, used 5106K [0x00000000d5f80000, 0x00000000deb80000, 0x0000000100000000)
  eden space 133120K, 0% used [0x00000000d5f80000,0x00000000d5f80000,0x00000000de180000)
  from space 5120K, 99% used [0x00000000de680000,0x00000000deb7caa8,0x00000000deb80000)
  to   space 5120K, 0% used [0x00000000de180000,0x00000000de180000,0x00000000de680000)
 ParOldGen       total 87552K, used 8259K [0x0000000081e00000, 0x0000000087380000, 0x00000000d5f80000)
  object space 87552K, 9% used [0x0000000081e00000,0x0000000082610d98,0x0000000087380000)
 Metaspace       used 20572K, capacity 21162K, committed 21296K, reserved 1067008K
  class space    used 2693K, capacity 2868K, committed 2944K, reserved 1048576K
Event: 1.524 GC heap after
Heap after GC invocations=5 (full 1):
 PSYoungGen      total 138240K, used 0K [0x00000000d5f80000, 0x00000000deb80000, 0x0000000100000000)
  eden space 133120K, 0% used [0x00000000d5f80000,0x00000000d5f80000,0x00000000de180000)
  from space 5120K, 0% used [0x00000000de680000,0x00000000de680000,0x00000000deb80000)
  to   space 5120K, 0% used [0x00000000de180000,0x00000000de180000,0x00000000de680000)
 ParOldGen       total 59392K, used 7429K [0x0000000081e00000, 0x0000000085800000, 0x00000000d5f80000)
  object space 59392K, 12% used [0x0000000081e00000,0x0000000082541590,0x0000000085800000)
 Metaspace       used 20572K, capacity 21162K, committed 21296K, reserved 1067008K
  class space    used 2693K, capacity 2868K, committed 2944K, reserved 1048576K
}
Event: 2.713 GC heap before
{Heap before GC invocations=6 (full 1):
 PSYoungGen      total 138240K, used 133120K [0x00000000d5f80000, 0x00000000deb80000, 0x0000000100000000)
  eden space 133120K, 100% used [0x00000000d5f80000,0x00000000de180000,0x00000000de180000)
  from space 5120K, 0% used [0x00000000de680000,0x00000000de680000,0x00000000deb80000)
  to   space 5120K, 0% used [0x00000000de180000,0x00000000de180000,0x00000000de680000)
 ParOldGen       total 59392K, used 7429K [0x0000000081e00000, 0x0000000085800000, 0x00000000d5f80000)
  object space 59392K, 12% used [0x0000000081e00000,0x0000000082541590,0x0000000085800000)
 Metaspace       used 25685K, capacity 26592K, committed 26880K, reserved 1073152K
  class space    used 3337K, capacity 3537K, committed 3584K, reserved 1048576K
Event: 2.724 GC heap after
Heap after GC invocations=6 (full 1):
 PSYoungGen      total 138240K, used 5099K [0x00000000d5f80000, 0x00000000deb80000, 0x0000000100000000)
  eden space 133120K, 0% used [0x00000000d5f80000,0x00000000d5f80000,0x00000000de180000)
  from space 5120K, 99% used [0x00000000de180000,0x00000000de67ae70,0x00000000de680000)
  to   space 5120K, 0% used [0x00000000de680000,0x00000000de680000,0x00000000deb80000)
 ParOldGen       total 59392K, used 11274K [0x0000000081e00000, 0x0000000085800000, 0x00000000d5f80000)
  object space 59392K, 18% used [0x0000000081e00000,0x0000000082902858,0x0000000085800000)
 Metaspace       used 25685K, capacity 26592K, committed 26880K, reserved 1073152K
  class space    used 3337K, capacity 3537K, committed 3584K, reserved 1048576K
}
Event: 4.131 GC heap before
{Heap before GC invocations=7 (full 1):
 PSYoungGen      total 138240K, used 138170K [0x00000000d5f80000, 0x00000000deb80000, 0x0000000100000000)
  eden space 133120K, 99% used [0x00000000d5f80000,0x00000000de173c90,0x00000000de180000)
  from space 5120K, 99% used [0x00000000de180000,0x00000000de67ae70,0x00000000de680000)
  to   space 5120K, 0% used [0x00000000de680000,0x00000000de680000,0x00000000deb80000)
 ParOldGen       total 59392K, used 11274K [0x0000000081e00000, 0x0000000085800000, 0x00000000d5f80000)
  object space 59392K, 18% used [0x0000000081e00000,0x0000000082902858,0x0000000085800000)
 Metaspace       used 32864K, capacity 34514K, committed 34560K, reserved 1079296K
  class space    used 4305K, capacity 4606K, committed 4608K, reserved 1048576K
Event: 4.140 GC heap after
Heap after GC invocations=7 (full 1):
 PSYoungGen      total 138240K, used 5109K [0x00000000d5f80000, 0x00000000deb80000, 0x0000000100000000)
  eden space 133120K, 0% used [0x00000000d5f80000,0x00000000d5f80000,0x00000000de180000)
  from space 5120K, 99% used [0x00000000de680000,0x00000000deb7d6f0,0x00000000deb80000)
  to   space 5120K, 0% used [0x00000000de180000,0x00000000de180000,0x00000000de680000)
 ParOldGen       total 59392K, used 20636K [0x0000000081e00000, 0x0000000085800000, 0x00000000d5f80000)
  object space 59392K, 34% used [0x0000000081e00000,0x0000000083227398,0x0000000085800000)
 Metaspace       used 32864K, capacity 34514K, committed 34560K, reserved 1079296K
  class space    used 4305K, capacity 4606K, committed 4608K, reserved 1048576K
}
Event: 4.247 GC heap before
{Heap before GC invocations=8 (full 1):
 PSYoungGen      total 138240K, used 12887K [0x00000000d5f80000, 0x00000000deb80000, 0x0000000100000000)
  eden space 133120K, 5% used [0x00000000d5f80000,0x00000000d6718860,0x00000000de180000)
  from space 5120K, 99% used [0x00000000de680000,0x00000000deb7d6f0,0x00000000deb80000)
  to   space 5120K, 0% used [0x00000000de180000,0x00000000de180000,0x00000000de680000)
 ParOldGen       total 59392K, used 20636K [0x0000000081e00000, 0x0000000085800000, 0x00000000d5f80000)
  object space 59392K, 34% used [0x0000000081e00000,0x0000000083227398,0x0000000085800000)
 Metaspace       used 33735K, capacity 35360K, committed 35456K, reserved 1079296K
  class space    used 4404K, capacity 4709K, committed 4736K, reserved 1048576K
Event: 4.255 GC heap after
Heap after GC invocations=8 (full 1):
 PSYoungGen      total 138240K, used 5092K [0x00000000d5f80000, 0x00000000deb80000, 0x0000000100000000)
  eden space 133120K, 0% used [0x00000000d5f80000,0x00000000d5f80000,0x00000000de180000)
  from space 5120K, 99% used [0x00000000de180000,0x00000000de679040,0x00000000de680000)
  to   space 5120K, 0% used [0x00000000de680000,0x00000000de680000,0x00000000deb80000)
 ParOldGen       total 59392K, used 21689K [0x0000000081e00000, 0x0000000085800000, 0x00000000d5f80000)
  object space 59392K, 36% used [0x0000000081e00000,0x000000008332e438,0x0000000085800000)
 Metaspace       used 33735K, capacity 35360K, committed 35456K, reserved 1079296K
  class space    used 4404K, capacity 4709K, committed 4736K, reserved 1048576K
}
Event: 4.255 GC heap before
{Heap before GC invocations=9 (full 2):
 PSYoungGen      total 138240K, used 5092K [0x00000000d5f80000, 0x00000000deb80000, 0x0000000100000000)
  eden space 133120K, 0% used [0x00000000d5f80000,0x00000000d5f80000,0x00000000de180000)
  from space 5120K, 99% used [0x00000000de180000,0x00000000de679040,0x00000000de680000)
  to   space 5120K, 0% used [0x00000000de680000,0x00000000de680000,0x00000000deb80000)
 ParOldGen       total 59392K, used 21689K [0x0000000081e00000, 0x0000000085800000, 0x00000000d5f80000)
  object space 59392K, 36% used [0x0000000081e00000,0x000000008332e438,0x0000000085800000)
 Metaspace       used 33735K, capacity 35360K, committed 35456K, reserved 1079296K
  class space    used 4404K, capacity 4709K, committed 4736K, reserved 1048576K
Event: 4.313 GC heap after
Heap after GC invocations=9 (full 2):
 PSYoungGen      total 138240K, used 0K [0x00000000d5f80000, 0x00000000deb80000, 0x0000000100000000)
  eden space 133120K, 0% used [0x00000000d5f80000,0x00000000d5f80000,0x00000000de180000)
  from space 5120K, 0% used [0x00000000de180000,0x00000000de180000,0x00000000de680000)
  to   space 5120K, 0% used [0x00000000de680000,0x00000000de680000,0x00000000deb80000)
 ParOldGen       total 93696K, used 19527K [0x0000000081e00000, 0x0000000087980000, 0x00000000d5f80000)
  object space 93696K, 20% used [0x0000000081e00000,0x0000000083111f70,0x0000000087980000)
 Metaspace       used 33735K, capacity 35360K, committed 35456K, reserved 1079296K
  class space    used 4404K, capacity 4709K, committed 4736K, reserved 1048576K
}

Deoptimization events (10 events):
Event: 4.323 Thread 0x0000000019c49000 Uncommon trap: reason=class_check action=maybe_recompile pc=0x0000000002cc0d34 method=java.util.zip.InflaterInputStream.read([BII)I @ 100
Event: 4.456 Thread 0x0000000019c49000 Uncommon trap: reason=unstable_if action=reinterpret pc=0x00000000033fc2c8 method=java.util.concurrent.ConcurrentHashMap.get(Ljava/lang/Object;)Ljava/lang/Object; @ 152
Event: 4.480 Thread 0x0000000019c49000 Uncommon trap: reason=unstable_if action=reinterpret pc=0x0000000002f9ce8c method=org.springframework.cglib.core.CodeEmitter.emit_invoke(ILorg/springframework/asm/Type;Lorg/springframework/cglib/core/Signature;)V @ 24
Event: 4.499 Thread 0x0000000019c49000 Uncommon trap: reason=unstable_if action=reinterpret pc=0x0000000002aba42c method=java.lang.Class.cast(Ljava/lang/Object;)Ljava/lang/Object; @ 9
Event: 4.501 Thread 0x0000000019c49000 Uncommon trap: reason=unstable_if action=reinterpret pc=0x000000000311ee30 method=jdk.internal.org.objectweb.asm.Type.getArgumentsAndReturnSizes(Ljava/lang/String;)I @ 41
Event: 4.505 Thread 0x0000000019c49000 Uncommon trap: reason=speculate_class_check action=maybe_recompile pc=0x0000000002a0bc18 method=java.util.AbstractList.listIterator()Ljava/util/ListIterator; @ 2
Event: 4.506 Thread 0x0000000019c49000 Uncommon trap: reason=speculate_class_check action=maybe_recompile pc=0x0000000002a0bc18 method=java.util.AbstractList.listIterator()Ljava/util/ListIterator; @ 2
Event: 4.507 Thread 0x0000000019c49000 Uncommon trap: reason=speculate_class_check action=maybe_recompile pc=0x0000000002a0bc18 method=java.util.AbstractList.listIterator()Ljava/util/ListIterator; @ 2
Event: 4.507 Thread 0x0000000019c49000 Uncommon trap: reason=speculate_class_check action=maybe_recompile pc=0x0000000002a0bc18 method=java.util.AbstractList.listIterator()Ljava/util/ListIterator; @ 2
Event: 4.558 Thread 0x0000000019c49000 Uncommon trap: reason=unstable_if action=reinterpret pc=0x000000000343fcd0 method=org.springframework.beans.factory.support.AbstractBeanFactory.isTypeMatch(Ljava/lang/String;Lorg/springframework/core/ResolvableType;)Z @ 508

Classes redefined (0 events):
No events

Internal exceptions (10 events):
Event: 3.459 Thread 0x0000000019c49000 Exception <a 'java/lang/ClassNotFoundException': org/springframework/context/annotation/ImportAwareCustomizer> (0x00000000da214f18) thrown at [C:\re\workspace\8-2-build-windows-amd64-cygwin\jdk8u211\12973\hotspot\src\share\vm\classfile\systemDictionary.cp
Event: 3.460 Thread 0x0000000019c49000 Exception <a 'java/lang/ClassNotFoundException': org/springframework/beans/factory/AwareCustomizer> (0x00000000da22b0a8) thrown at [C:\re\workspace\8-2-build-windows-amd64-cygwin\jdk8u211\12973\hotspot\src\share\vm\classfile\systemDictionary.cpp, line 210
Event: 3.460 Thread 0x0000000019c49000 Implicit null exception at 0x000000000310a0cc to 0x000000000310a141
Event: 3.570 Thread 0x0000000019c49000 Implicit null exception at 0x0000000002fdde74 to 0x0000000002fdfd0d
Event: 3.570 Thread 0x0000000019c49000 Implicit null exception at 0x0000000002f7a944 to 0x0000000002f7aa95
Event: 3.635 Thread 0x0000000019c49000 Exception <a 'java/lang/NoSuchMethodError': java.lang.Object.lambda$and$0(Ljava/util/function/Predicate;Ljava/lang/Object;)Z> (0x00000000dae700f0) thrown at [C:\re\workspace\8-2-build-windows-amd64-cygwin\jdk8u211\12973\hotspot\src\share\vm\interpreter\li
Event: 4.386 Thread 0x0000000019c49000 Exception <a 'java/io/FileNotFoundException'> (0x00000000d8888a88) thrown at [C:\re\workspace\8-2-build-windows-amd64-cygwin\jdk8u211\12973\hotspot\src\share\vm\prims\jni.cpp, line 710]
Event: 4.430 Thread 0x0000000019c49000 Exception <a 'java/lang/NoSuchMethodError': java.lang.Object.lambda$static$0(Ljava/lang/String;)Ljava/lang/String;> (0x00000000d8a6ca20) thrown at [C:\re\workspace\8-2-build-windows-amd64-cygwin\jdk8u211\12973\hotspot\src\share\vm\interpreter\linkResolver
Event: 4.451 Thread 0x0000000019c49000 Exception <a 'java/lang/NoSuchMethodError': java.lang.Object.lambda$static$0(Ljava/lang/String;Lio/micrometer/core/instrument/Meter$Type;Ljava/lang/String;)Ljava/lang/String;> (0x00000000d8c39d20) thrown at [C:\re\workspace\8-2-build-windows-amd64-cygwin\
Event: 4.570 Thread 0x0000000019c49000 Exception <a 'java/lang/NoSuchMethodError': java.lang.Object.lambda$static$0(Lorg/springframework/boot/actuate/endpoint/invoke/OperationParameter;Ljava/lang/Object;)Ljava/lang/Object;> (0x00000000d9462978) thrown at [C:\re\workspace\8-2-build-windows-amd6

Events (10 events):
Event: 4.599 loading class org/springframework/boot/actuate/audit/AuditEvent
Event: 4.599 loading class org/springframework/boot/actuate/audit/AuditEvent done
Event: 4.603 loading class org/springframework/boot/actuate/audit/AuditEventsEndpoint$AuditEventsDescriptor
Event: 4.603 loading class org/springframework/boot/actuate/audit/AuditEventsEndpoint$AuditEventsDescriptor done
Event: 4.606 loading class org/springframework/boot/actuate/endpoint/annotation/EndpointDiscoverer$EndpointBean
Event: 4.606 loading class org/springframework/boot/actuate/endpoint/annotation/EndpointDiscoverer$EndpointBean done
Event: 4.606 loading class org/springframework/boot/actuate/endpoint/annotation/EndpointDiscoverer$EndpointBean
Event: 4.606 loading class org/springframework/boot/actuate/endpoint/annotation/EndpointDiscoverer$EndpointBean done
Event: 4.611 loading class org/springframework/boot/actuate/beans/BeansEndpoint$ApplicationBeans
Event: 4.611 loading class org/springframework/boot/actuate/beans/BeansEndpoint$ApplicationBeans done


Dynamic libraries:
0x00007ff7ed860000 - 0x00007ff7ed897000 	C:\Program Files\Java\jre1.8.0_211\bin\javaw.exe
0x00007ff916e00000 - 0x00007ff916ff0000 	C:\WINDOWS\SYSTEM32\ntdll.dll
0x00007ff9158d0000 - 0x00007ff915982000 	C:\WINDOWS\System32\KERNEL32.DLL
0x00007ff913d90000 - 0x00007ff914035000 	C:\WINDOWS\System32\KERNELBASE.dll
0x00007ff916500000 - 0x00007ff9165a3000 	C:\WINDOWS\System32\ADVAPI32.dll
0x00007ff915400000 - 0x00007ff91549e000 	C:\WINDOWS\System32\msvcrt.dll
0x00007ff915fa0000 - 0x00007ff916037000 	C:\WINDOWS\System32\sechost.dll
0x00007ff915570000 - 0x00007ff915690000 	C:\WINDOWS\System32\RPCRT4.dll
0x00007ff915e00000 - 0x00007ff915f95000 	C:\WINDOWS\System32\USER32.dll
0x00007ff914430000 - 0x00007ff914451000 	C:\WINDOWS\System32\win32u.dll
0x00007ff915c80000 - 0x00007ff915ca6000 	C:\WINDOWS\System32\GDI32.dll
0x00007ff914290000 - 0x00007ff914426000 	C:\WINDOWS\System32\gdi32full.dll
0x00007ff914e10000 - 0x00007ff914eae000 	C:\WINDOWS\System32\msvcp_win.dll
0x00007ff914160000 - 0x00007ff91425a000 	C:\WINDOWS\System32\ucrtbase.dll
0x00007ff9071e0000 - 0x00007ff907464000 	C:\WINDOWS\WinSxS\amd64_microsoft.windows.common-controls_6595b64144ccf1df_6.0.18362.1082_none_9e8193e1e45b25c1\COMCTL32.dll
0x00007ff9161a0000 - 0x00007ff9164d5000 	C:\WINDOWS\System32\combase.dll
0x00007ff914be0000 - 0x00007ff914c60000 	C:\WINDOWS\System32\bcryptPrimitives.dll
0x00007ff914eb0000 - 0x00007ff914ede000 	C:\WINDOWS\System32\IMM32.DLL
0x0000000065840000 - 0x0000000065912000 	C:\Program Files\Java\jre1.8.0_211\bin\msvcr100.dll
0x0000000065df0000 - 0x0000000066695000 	C:\Program Files\Java\jre1.8.0_211\bin\server\jvm.dll
0x00007ff9158c0000 - 0x00007ff9158c8000 	C:\WINDOWS\System32\PSAPI.DLL
0x00007ff90b7f0000 - 0x00007ff90b7fa000 	C:\WINDOWS\SYSTEM32\VERSION.dll
0x00007ff911ca0000 - 0x00007ff911cc4000 	C:\WINDOWS\SYSTEM32\WINMM.dll
0x00007ff910600000 - 0x00007ff910609000 	C:\WINDOWS\SYSTEM32\WSOCK32.dll
0x00007ff9165b0000 - 0x00007ff91661f000 	C:\WINDOWS\System32\WS2_32.dll
0x00007ff911c20000 - 0x00007ff911c4d000 	C:\WINDOWS\SYSTEM32\winmmbase.dll
0x00007ff914110000 - 0x00007ff91415a000 	C:\WINDOWS\System32\cfgmgr32.dll
0x00007ff9104d0000 - 0x00007ff9104df000 	C:\Program Files\Java\jre1.8.0_211\bin\verify.dll
0x00007ff8f5c00000 - 0x00007ff8f5c29000 	C:\Program Files\Java\jre1.8.0_211\bin\java.dll
0x00007ff904420000 - 0x00007ff904436000 	C:\Program Files\Java\jre1.8.0_211\bin\zip.dll
0x00007ff916620000 - 0x00007ff916d07000 	C:\WINDOWS\System32\SHELL32.dll
0x00007ff916d10000 - 0x00007ff916db9000 	C:\WINDOWS\System32\shcore.dll
0x00007ff914460000 - 0x00007ff914be0000 	C:\WINDOWS\System32\windows.storage.dll
0x00007ff913d60000 - 0x00007ff913d83000 	C:\WINDOWS\System32\profapi.dll
0x00007ff913d10000 - 0x00007ff913d5a000 	C:\WINDOWS\System32\powrprof.dll
0x00007ff913cc0000 - 0x00007ff913cd0000 	C:\WINDOWS\System32\UMPDC.dll
0x00007ff915860000 - 0x00007ff9158b2000 	C:\WINDOWS\System32\shlwapi.dll
0x00007ff913cf0000 - 0x00007ff913d01000 	C:\WINDOWS\System32\kernel.appcore.dll
0x00007ff914040000 - 0x00007ff914057000 	C:\WINDOWS\System32\cryptsp.dll
0x00007ff906790000 - 0x00007ff90679d000 	C:\Program Files\Java\jre1.8.0_211\bin\management.dll
0x00007ff8f9720000 - 0x00007ff8f973a000 	C:\Program Files\Java\jre1.8.0_211\bin\net.dll
0x00007ff9082b0000 - 0x00007ff908486000 	C:\WINDOWS\SYSTEM32\urlmon.dll
0x00007ff907fd0000 - 0x00007ff908276000 	C:\WINDOWS\SYSTEM32\iertutil.dll
0x00007ff9135e0000 - 0x00007ff9135ec000 	C:\WINDOWS\SYSTEM32\CRYPTBASE.DLL
0x00007ff913460000 - 0x00007ff9134c7000 	C:\WINDOWS\system32\mswsock.dll
0x00007ff8f47b0000 - 0x00007ff8f47c6000 	C:\WINDOWS\system32\napinsp.dll
0x00007ff8f4790000 - 0x00007ff8f47aa000 	C:\WINDOWS\system32\pnrpnsp.dll
0x00007ff9131c0000 - 0x00007ff91328b000 	C:\WINDOWS\SYSTEM32\DNSAPI.dll
0x00007ff915690000 - 0x00007ff915698000 	C:\WINDOWS\System32\NSI.dll
0x00007ff913180000 - 0x00007ff9131ba000 	C:\WINDOWS\SYSTEM32\IPHLPAPI.DLL
0x00007ff8f5e80000 - 0x00007ff8f5e8e000 	C:\WINDOWS\System32\winrnr.dll
0x00007ff910490000 - 0x00007ff9104ac000 	C:\WINDOWS\system32\NLAapi.dll
0x00007ff90f9f0000 - 0x00007ff90fa05000 	C:\WINDOWS\system32\wshbth.dll
0x00007ff90b090000 - 0x00007ff90b09a000 	C:\Windows\System32\rasadhlp.dll
0x00007ff90d200000 - 0x00007ff90d277000 	C:\WINDOWS\System32\fwpuclnt.dll
0x00007ff914260000 - 0x00007ff914286000 	C:\WINDOWS\System32\bcrypt.dll
0x00007ff8f7c50000 - 0x00007ff8f7c62000 	C:\Program Files\Java\jre1.8.0_211\bin\nio.dll
0x00007ff912fe0000 - 0x00007ff913013000 	C:\WINDOWS\system32\rsaenh.dll
0x00007ff913be0000 - 0x00007ff913c05000 	C:\WINDOWS\SYSTEM32\USERENV.dll
0x00007ff90d510000 - 0x00007ff90d526000 	C:\WINDOWS\SYSTEM32\dhcpcsvc6.DLL
0x00007ff90d490000 - 0x00007ff90d4ac000 	C:\WINDOWS\SYSTEM32\dhcpcsvc.DLL

VM Arguments:
jvm_args: -Dfile.encoding=UTF-8 
java_command: com.xnexus.LaflenteApplication
java_class_path (initial): C:\Users\lucas\Documents\Faculdade\xNexus-laflente-backoffice\laflente_backoffice\target\classes;C:\Users\lucas\.m2\repository\org\springframework\boot\spring-boot-starter-web\2.1.14.RELEASE\spring-boot-starter-web-2.1.14.RELEASE.jar;C:\Users\lucas\.m2\repository\org\springframework\boot\spring-boot-starter\2.1.14.RELEASE\spring-boot-starter-2.1.14.RELEASE.jar;C:\Users\lucas\.m2\repository\org\springframework\boot\spring-boot-starter-logging\2.1.14.RELEASE\spring-boot-starter-logging-2.1.14.RELEASE.jar;C:\Users\lucas\.m2\repository\ch\qos\logback\logback-classic\1.2.3\logback-classic-1.2.3.jar;C:\Users\lucas\.m2\repository\ch\qos\logback\logback-core\1.2.3\logback-core-1.2.3.jar;C:\Users\lucas\.m2\repository\org\apache\logging\log4j\log4j-to-slf4j\2.11.2\log4j-to-slf4j-2.11.2.jar;C:\Users\lucas\.m2\repository\org\apache\logging\log4j\log4j-api\2.11.2\log4j-api-2.11.2.jar;C:\Users\lucas\.m2\repository\org\slf4j\jul-to-slf4j\1.7.30\jul-to-slf4j-1.7.30.jar;C:\Users\lucas\.m2\repository\javax\annotation\javax.annotation-api\1.3.2\javax.annotation-api-1.3.2.jar;C:\Users\lucas\.m2\repository\org\yaml\snakeyaml\1.23\snakeyaml-1.23.jar;C:\Users\lucas\.m2\repository\org\springframework\boot\spring-boot-starter-json\2.1.14.RELEASE\spring-boot-starter-json-2.1.14.RELEASE.jar;C:\Users\lucas\.m2\repository\com\fasterxml\jackson\core\jackson-databind\2.9.10.4\jackson-databind-2.9.10.4.jar;C:\Users\lucas\.m2\repository\com\fasterxml\jackson\core\jackson-annotations\2.9.10\jackson-annotations-2.9.10.jar;C:\Users\lucas\.m2\repository\com\fasterxml\jackson\core\jackson-core\2.9.10\jackson-core-2.9.10.jar;C:\Users\lucas\.m2\repository\com\fasterxml\jackson\datatype\jackson-datatype-jdk8\2.9.10\jackson-datatype-jdk8-2.9.10.jar;C:\Users\lucas\.m2\repository\com\fasterxml\jackson\datatype\jackson-datatype-jsr310\2.9.10\jackson-datatype-jsr310-2.9.10.jar;C:\Users\lucas\.m2\repository\com\fasterxml\jackson\module\jackson-module-parameter-names\2.9.10\jackson-mo
Launcher Type: SUN_STANDARD

Environment Variables:
JAVA_HOME=C:\Program Files\Java\jdk1.8.0_201
PATH=C:/Program Files/Java/jre1.8.0_211/bin/server;C:/Program Files/Java/jre1.8.0_211/bin;C:/Program Files/Java/jre1.8.0_211/lib/amd64;C:\python3\Scripts\;C:\python3\;C:\Program Files (x86)\Common Files\Oracle\Java\javapath;C:\Windows\system32;C:\Windows;C:\Windows\System32\Wbem;C:\Windows\System32\WindowsPowerShell\v1.0\;C:\Program Files\NVIDIA Corporation\NVIDIA NvDLISR;C:\Program Files (x86)\NVIDIA Corporation\PhysX\Common;C:\WINDOWS\system32;C:\WINDOWS;C:\WINDOWS\System32\Wbem;C:\WINDOWS\System32\WindowsPowerShell\v1.0\;C:\WINDOWS\System32\OpenSSH\;C:\Program Files\Git\cmd;C:\apache-maven-3.6.1\bin;C:\Program Files\Java\jdk1.8.0_201;C:\Program Files\nodejs\;C:\Program Files\Docker\Docker\resources\bin;C:\ProgramData\DockerDesktop\version-bin;C:\Users\lucas\AppData\Local\Microsoft\WindowsApps;;C:\Users\lucas\AppData\Roaming\npm;E:\heroku\bin;C:\Program Files\JetBrains\IntelliJ IDEA Community Edition 2020.1.3\bin;;E:\Microsoft VS Code\bin;C:\WINDOWS\system32;
USERNAME=lucas
OS=Windows_NT
PROCESSOR_IDENTIFIER=Intel64 Family 6 Model 58 Stepping 9, GenuineIntel



---------------  S Y S T E M  ---------------

OS: Windows 10.0 , 64 bit Build 18362 (10.0.18362.1082)

CPU:total 4 (initial active 4) (4 cores per cpu, 1 threads per core) family 6 model 58 stepping 9, cmov, cx8, fxsr, mmx, sse, sse2, sse3, ssse3, sse4.1, sse4.2, popcnt, avx, aes, clmul, erms, tsc, tscinvbit, tscinv

Memory: 4k page, physical 8260664k(592372k free), swap 8260664k(4248k free)

vm_info: Java HotSpot(TM) 64-Bit Server VM (25.211-b12) for windows-amd64 JRE (1.8.0_211-b12), built on Apr  1 2019 20:53:26 by "java_re" with MS VC++ 10.0 (VS2010)

time: Sun Sep 20 20:31:17 2020
timezone: Hora oficial do Brasil
elapsed time: 4 seconds (0d 0h 0m 4s)

