#
# There is insufficient memory for the Java Runtime Environment to continue.
# Native memory allocation (malloc) failed to allocate 936896 bytes for Chunk::new
# Possible reasons:
#   The system is out of physical RAM or swap space
#   The process is running with CompressedOops enabled, and the Java Heap may be blocking the growth of the native heap
# Possible solutions:
#   Reduce memory load on the system
#   Increase physical memory or swap space
#   Check if swap backing store is full
#   Decrease Java heap size (-Xmx/-Xms)
#   Decrease number of Java threads
#   Decrease Java thread stack sizes (-Xss)
#   Set larger code cache with -XX:ReservedCodeCacheSize=
#   JVM is running with Unscaled Compressed Oops mode in which the Java heap is
#     placed in the first 4GB address space. The Java Heap base address is the
#     maximum limit for the native heap growth. Please use -XX:HeapBaseMinAddress
#     to set the Java Heap base and to place the Java Heap above 4GB virtual address.
# This output file may be truncated or incomplete.
#
#  Out of Memory Error (allocation.cpp:389), pid=1568, tid=0x00000000000023c8
#
# JRE version: Java(TM) SE Runtime Environment (8.0_211-b12) (build 1.8.0_211-b12)
# Java VM: Java HotSpot(TM) 64-Bit Server VM (25.211-b12 mixed mode windows-amd64 compressed oops)
# Failed to write core dump. Minidumps are not enabled by default on client versions of Windows
#

---------------  T H R E A D  ---------------

Current thread (0x0000000017d24800):  JavaThread "C2 CompilerThread0" daemon [_thread_in_native, id=9160, stack(0x0000000019390000,0x0000000019490000)]

Stack: [0x0000000019390000,0x0000000019490000]
[error occurred during error reporting (printing stack bounds), id 0xc0000005]

Native frames: (J=compiled Java code, j=interpreted, Vv=VM code, C=native code)


Current CompileTask:
C2:   5766 4429   !   4       java.net.URL::<init> (543 bytes)


---------------  P R O C E S S  ---------------

Java Threads: ( => current thread )
  0x000000001ae55000 JavaThread "HikariPool-1 connection adder" daemon [_thread_blocked, id=8340, stack(0x0000000020e60000,0x0000000020f60000)]
  0x000000001ae58800 JavaThread "HikariPool-1 housekeeper" daemon [_thread_blocked, id=6728, stack(0x00000000209a0000,0x0000000020aa0000)]
  0x000000001ae54000 JavaThread "container-0" [_thread_blocked, id=2620, stack(0x0000000020b60000,0x0000000020c60000)]
  0x000000001ae58000 JavaThread "Catalina-utility-2" [_thread_blocked, id=9520, stack(0x00000000208a0000,0x00000000209a0000)]
  0x000000001ae55800 JavaThread "Catalina-utility-1" [_thread_blocked, id=10520, stack(0x00000000207a0000,0x00000000208a0000)]
  0x000000001ae52800 JavaThread "Abandoned connection cleanup thread" daemon [_thread_blocked, id=11148, stack(0x000000001d8e0000,0x000000001d9e0000)]
  0x000000001a730000 JavaThread "restartedMain" [_thread_in_native, id=7240, stack(0x000000001b6c0000,0x000000001b7c0000)]
  0x000000001a841800 JavaThread "Thread-0" [_thread_blocked, id=2064, stack(0x000000001b5c0000,0x000000001b6c0000)]
  0x00000000195ca800 JavaThread "Service Thread" daemon [_thread_blocked, id=9900, stack(0x0000000019a90000,0x0000000019b90000)]
  0x00000000195a0800 JavaThread "C1 CompilerThread2" daemon [_thread_blocked, id=7928, stack(0x0000000019990000,0x0000000019a90000)]
  0x0000000017d2b000 JavaThread "C2 CompilerThread1" daemon [_thread_blocked, id=7992, stack(0x0000000019490000,0x0000000019590000)]
=>0x0000000017d24800 JavaThread "C2 CompilerThread0" daemon [_thread_in_native, id=9160, stack(0x0000000019390000,0x0000000019490000)]
  0x0000000017d22800 JavaThread "Attach Listener" daemon [_thread_blocked, id=10776, stack(0x0000000019290000,0x0000000019390000)]
  0x0000000017d21800 JavaThread "Signal Dispatcher" daemon [_thread_blocked, id=6524, stack(0x0000000019190000,0x0000000019290000)]
  0x00000000031fe800 JavaThread "Finalizer" daemon [_thread_blocked, id=9844, stack(0x0000000018f80000,0x0000000019080000)]
  0x00000000031f4000 JavaThread "Reference Handler" daemon [_thread_blocked, id=8068, stack(0x0000000018e80000,0x0000000018f80000)]
  0x0000000003105800 JavaThread "main" [_thread_blocked, id=8032, stack(0x0000000002f00000,0x0000000003000000)]

Other Threads:
  0x0000000017ce8000 VMThread [stack: 0x0000000018d80000,0x0000000018e80000] [id=8016]
  0x00000000195fd800 WatcherThread [stack: 0x0000000019b90000,0x0000000019c90000] [id=8560]

VM state:not at safepoint (normal execution)

VM Mutex/Monitor currently owned by a thread: None

heap address: 0x0000000081e00000, size: 2018 MB, Compressed Oops mode: 32-bit
Narrow klass base: 0x0000000000000000, Narrow klass shift: 3
Compressed class space size: 1073741824 Address: 0x0000000100000000

Heap:
 PSYoungGen      total 168448K, used 40792K [0x00000000d5f80000, 0x00000000e3c80000, 0x0000000100000000)
  eden space 154112K, 17% used [0x00000000d5f80000,0x00000000d7a4bb08,0x00000000df600000)
  from space 14336K, 93% used [0x00000000df600000,0x00000000e030a690,0x00000000e0400000)
  to   space 16384K, 0% used [0x00000000e2c80000,0x00000000e2c80000,0x00000000e3c80000)
 ParOldGen       total 93696K, used 17381K [0x0000000081e00000, 0x0000000087980000, 0x00000000d5f80000)
  object space 93696K, 18% used [0x0000000081e00000,0x0000000082ef9788,0x0000000087980000)
 Metaspace       used 46447K, capacity 48474K, committed 48640K, reserved 1091584K
  class space    used 6277K, capacity 6649K, committed 6656K, reserved 1048576K

Card table byte_map: [0x00000000125c0000,0x00000000129c0000] byte_map_base: 0x00000000121b1000

Marking Bits: (ParMarkBitMap*) 0x00000000589d5ce0
 Begin Bits: [0x0000000013070000, 0x0000000014ff8000)
 End Bits:   [0x0000000014ff8000, 0x0000000016f80000)

Polling page: 0x00000000012a0000

CodeCache: size=245760Kb used=14127Kb max_used=15188Kb free=231632Kb
 bounds [0x0000000003200000, 0x0000000004100000, 0x0000000012200000]
 total_blobs=4383 nmethods=3887 adapters=408
 compilation: enabled

Compilation events (10 events):
Event: 5.755 Thread 0x00000000195a0800 4442       3       sun.misc.ProxyGenerator::access$1100 (5 bytes)
Event: 5.755 Thread 0x00000000195a0800 nmethod 4442 0x0000000003c5b690 code [0x0000000003c5b800, 0x0000000003c5b968]
Event: 5.755 Thread 0x00000000195a0800 4443       3       sun.misc.ProxyGenerator::access$1200 (7 bytes)
Event: 5.756 Thread 0x00000000195a0800 nmethod 4443 0x0000000003d7c910 code [0x0000000003d7ca80, 0x0000000003d7cc68]
Event: 5.761 Thread 0x00000000195a0800 4447       3       org.hibernate.annotations.common.reflection.java.generics.TypeSwitch::<init> (5 bytes)
Event: 5.761 Thread 0x00000000195a0800 nmethod 4447 0x0000000003d7c550 code [0x0000000003d7c6a0, 0x0000000003d7c850]
Event: 5.761 Thread 0x00000000195a0800 4448       3       org.hibernate.annotations.common.reflection.java.generics.TypeSwitch::doSwitch (86 bytes)
Event: 5.761 Thread 0x00000000195a0800 nmethod 4448 0x00000000034931d0 code [0x0000000003493400, 0x00000000034944f8]
Event: 5.762 Thread 0x00000000195a0800 4449       1       org.hibernate.annotations.common.reflection.java.Pair::hashCode (5 bytes)
Event: 5.762 Thread 0x00000000195a0800 nmethod 4449 0x000000000370ca50 code [0x000000000370cba0, 0x000000000370ccb0]

GC Heap History (10 events):
Event: 1.669 GC heap before
{Heap before GC invocations=7 (full 1):
 PSYoungGen      total 71680K, used 66560K [0x00000000d5f80000, 0x00000000df480000, 0x0000000100000000)
  eden space 66560K, 100% used [0x00000000d5f80000,0x00000000da080000,0x00000000da080000)
  from space 5120K, 0% used [0x00000000da080000,0x00000000da080000,0x00000000da580000)
  to   space 9728K, 0% used [0x00000000deb00000,0x00000000deb00000,0x00000000df480000)
 ParOldGen       total 58368K, used 7350K [0x0000000081e00000, 0x0000000085700000, 0x00000000d5f80000)
  object space 58368K, 12% used [0x0000000081e00000,0x000000008252db78,0x0000000085700000)
 Metaspace       used 23733K, capacity 24500K, committed 24576K, reserved 1071104K
  class space    used 3062K, capacity 3262K, committed 3328K, reserved 1048576K
Event: 1.674 GC heap after
Heap after GC invocations=7 (full 1):
 PSYoungGen      total 107008K, used 3495K [0x00000000d5f80000, 0x00000000dee80000, 0x0000000100000000)
  eden space 103424K, 0% used [0x00000000d5f80000,0x00000000d5f80000,0x00000000dc480000)
  from space 3584K, 97% used [0x00000000deb00000,0x00000000dee69da8,0x00000000dee80000)
  to   space 9728K, 0% used [0x00000000ddb80000,0x00000000ddb80000,0x00000000de500000)
 ParOldGen       total 58368K, used 7358K [0x0000000081e00000, 0x0000000085700000, 0x00000000d5f80000)
  object space 58368K, 12% used [0x0000000081e00000,0x000000008252fb78,0x0000000085700000)
 Metaspace       used 23733K, capacity 24500K, committed 24576K, reserved 1071104K
  class space    used 3062K, capacity 3262K, committed 3328K, reserved 1048576K
}
Event: 2.897 GC heap before
{Heap before GC invocations=8 (full 1):
 PSYoungGen      total 107008K, used 106919K [0x00000000d5f80000, 0x00000000dee80000, 0x0000000100000000)
  eden space 103424K, 100% used [0x00000000d5f80000,0x00000000dc480000,0x00000000dc480000)
  from space 3584K, 97% used [0x00000000deb00000,0x00000000dee69da8,0x00000000dee80000)
  to   space 9728K, 0% used [0x00000000ddb80000,0x00000000ddb80000,0x00000000de500000)
 ParOldGen       total 58368K, used 7358K [0x0000000081e00000, 0x0000000085700000, 0x00000000d5f80000)
  object space 58368K, 12% used [0x0000000081e00000,0x000000008252fb78,0x0000000085700000)
 Metaspace       used 28352K, capacity 29458K, committed 29568K, reserved 1075200K
  class space    used 3723K, capacity 3962K, committed 3968K, reserved 1048576K
Event: 2.908 GC heap after
Heap after GC invocations=8 (full 1):
 PSYoungGen      total 136704K, used 9698K [0x00000000d5f80000, 0x00000000e1000000, 0x0000000100000000)
  eden space 126976K, 0% used [0x00000000d5f80000,0x00000000d5f80000,0x00000000ddb80000)
  from space 9728K, 99% used [0x00000000ddb80000,0x00000000de4f8b60,0x00000000de500000)
  to   space 12288K, 0% used [0x00000000e0400000,0x00000000e0400000,0x00000000e1000000)
 ParOldGen       total 58368K, used 8963K [0x0000000081e00000, 0x0000000085700000, 0x00000000d5f80000)
  object space 58368K, 15% used [0x0000000081e00000,0x00000000826c0f88,0x0000000085700000)
 Metaspace       used 28352K, capacity 29458K, committed 29568K, reserved 1075200K
  class space    used 3723K, capacity 3962K, committed 3968K, reserved 1048576K
}
Event: 3.970 GC heap before
{Heap before GC invocations=9 (full 1):
 PSYoungGen      total 136704K, used 111099K [0x00000000d5f80000, 0x00000000e1000000, 0x0000000100000000)
  eden space 126976K, 79% used [0x00000000d5f80000,0x00000000dc2860c0,0x00000000ddb80000)
  from space 9728K, 99% used [0x00000000ddb80000,0x00000000de4f8b60,0x00000000de500000)
  to   space 12288K, 0% used [0x00000000e0400000,0x00000000e0400000,0x00000000e1000000)
 ParOldGen       total 58368K, used 8963K [0x0000000081e00000, 0x0000000085700000, 0x00000000d5f80000)
  object space 58368K, 15% used [0x0000000081e00000,0x00000000826c0f88,0x0000000085700000)
 Metaspace       used 33703K, capacity 35358K, committed 35456K, reserved 1079296K
  class space    used 4400K, capacity 4711K, committed 4736K, reserved 1048576K
Event: 3.981 GC heap after
Heap after GC invocations=9 (full 1):
 PSYoungGen      total 166400K, used 12281K [0x00000000d5f80000, 0x00000000e3280000, 0x0000000100000000)
  eden space 154112K, 0% used [0x00000000d5f80000,0x00000000d5f80000,0x00000000df600000)
  from space 12288K, 99% used [0x00000000e0400000,0x00000000e0ffe7b8,0x00000000e1000000)
  to   space 14336K, 0% used [0x00000000df600000,0x00000000df600000,0x00000000e0400000)
 ParOldGen       total 58368K, used 9921K [0x0000000081e00000, 0x0000000085700000, 0x00000000d5f80000)
  object space 58368K, 16% used [0x0000000081e00000,0x00000000827b07c8,0x0000000085700000)
 Metaspace       used 33703K, capacity 35358K, committed 35456K, reserved 1079296K
  class space    used 4400K, capacity 4711K, committed 4736K, reserved 1048576K
}
Event: 3.981 GC heap before
{Heap before GC invocations=10 (full 2):
 PSYoungGen      total 166400K, used 12281K [0x00000000d5f80000, 0x00000000e3280000, 0x0000000100000000)
  eden space 154112K, 0% used [0x00000000d5f80000,0x00000000d5f80000,0x00000000df600000)
  from space 12288K, 99% used [0x00000000e0400000,0x00000000e0ffe7b8,0x00000000e1000000)
  to   space 14336K, 0% used [0x00000000df600000,0x00000000df600000,0x00000000e0400000)
 ParOldGen       total 58368K, used 9921K [0x0000000081e00000, 0x0000000085700000, 0x00000000d5f80000)
  object space 58368K, 16% used [0x0000000081e00000,0x00000000827b07c8,0x0000000085700000)
 Metaspace       used 33703K, capacity 35358K, committed 35456K, reserved 1079296K
  class space    used 4400K, capacity 4711K, committed 4736K, reserved 1048576K
Event: 4.039 GC heap after
Heap after GC invocations=10 (full 2):
 PSYoungGen      total 166400K, used 0K [0x00000000d5f80000, 0x00000000e3280000, 0x0000000100000000)
  eden space 154112K, 0% used [0x00000000d5f80000,0x00000000d5f80000,0x00000000df600000)
  from space 12288K, 0% used [0x00000000e0400000,0x00000000e0400000,0x00000000e1000000)
  to   space 14336K, 0% used [0x00000000df600000,0x00000000df600000,0x00000000e0400000)
 ParOldGen       total 93696K, used 17373K [0x0000000081e00000, 0x0000000087980000, 0x00000000d5f80000)
  object space 93696K, 18% used [0x0000000081e00000,0x0000000082ef7788,0x0000000087980000)
 Metaspace       used 33703K, capacity 35358K, committed 35456K, reserved 1079296K
  class space    used 4400K, capacity 4711K, committed 4736K, reserved 1048576K
}
Event: 5.586 GC heap before
{Heap before GC invocations=11 (full 2):
 PSYoungGen      total 166400K, used 154112K [0x00000000d5f80000, 0x00000000e3280000, 0x0000000100000000)
  eden space 154112K, 100% used [0x00000000d5f80000,0x00000000df600000,0x00000000df600000)
  from space 12288K, 0% used [0x00000000e0400000,0x00000000e0400000,0x00000000e1000000)
  to   space 14336K, 0% used [0x00000000df600000,0x00000000df600000,0x00000000e0400000)
 ParOldGen       total 93696K, used 17373K [0x0000000081e00000, 0x0000000087980000, 0x00000000d5f80000)
  object space 93696K, 18% used [0x0000000081e00000,0x0000000082ef7788,0x0000000087980000)
 Metaspace       used 44425K, capacity 46456K, committed 46848K, reserved 1089536K
  class space    used 5981K, capacity 6348K, committed 6400K, reserved 1048576K
Event: 5.597 GC heap after
Heap after GC invocations=11 (full 2):
 PSYoungGen      total 168448K, used 13353K [0x00000000d5f80000, 0x00000000e3c80000, 0x0000000100000000)
  eden space 154112K, 0% used [0x00000000d5f80000,0x00000000d5f80000,0x00000000df600000)
  from space 14336K, 93% used [0x00000000df600000,0x00000000e030a690,0x00000000e0400000)
  to   space 16384K, 0% used [0x00000000e2c80000,0x00000000e2c80000,0x00000000e3c80000)
 ParOldGen       total 93696K, used 17381K [0x0000000081e00000, 0x0000000087980000, 0x00000000d5f80000)
  object space 93696K, 18% used [0x0000000081e00000,0x0000000082ef9788,0x0000000087980000)
 Metaspace       used 44425K, capacity 46456K, committed 46848K, reserved 1089536K
  class space    used 5981K, capacity 6348K, committed 6400K, reserved 1048576K
}

Deoptimization events (10 events):
Event: 5.580 Thread 0x000000001a730000 Uncommon trap: reason=bimorphic action=maybe_recompile pc=0x00000000036c13c8 method=java.lang.ClassLoader.loadClass(Ljava/lang/String;Z)Ljava/lang/Class; @ 70
Event: 5.603 Thread 0x00000000195ca800 Uncommon trap: reason=bimorphic action=maybe_recompile pc=0x0000000003e71afc method=java.util.AbstractCollection.containsAll(Ljava/util/Collection;)Z @ 25
Event: 5.603 Thread 0x00000000195ca800 Uncommon trap: reason=bimorphic action=maybe_recompile pc=0x0000000003e71afc method=java.util.AbstractCollection.containsAll(Ljava/util/Collection;)Z @ 25
Event: 5.603 Thread 0x00000000195ca800 Uncommon trap: reason=bimorphic action=maybe_recompile pc=0x0000000003e71afc method=java.util.AbstractCollection.containsAll(Ljava/util/Collection;)Z @ 25
Event: 5.603 Thread 0x00000000195ca800 Uncommon trap: reason=bimorphic action=maybe_recompile pc=0x0000000003e71afc method=java.util.AbstractCollection.containsAll(Ljava/util/Collection;)Z @ 25
Event: 5.651 Thread 0x000000001a730000 Uncommon trap: reason=unstable_if action=reinterpret pc=0x0000000003999c7c method=java.lang.String.valueOf(Ljava/lang/Object;)Ljava/lang/String; @ 1
Event: 5.679 Thread 0x000000001a730000 Uncommon trap: reason=bimorphic action=maybe_recompile pc=0x00000000036c13c8 method=java.lang.ClassLoader.loadClass(Ljava/lang/String;Z)Ljava/lang/Class; @ 70
Event: 5.729 Thread 0x000000001a730000 Uncommon trap: reason=class_check action=maybe_recompile pc=0x0000000003ec5d18 method=java.util.TreeMap.getEntry(Ljava/lang/Object;)Ljava/util/TreeMap$Entry; @ 26
Event: 5.729 Thread 0x000000001a730000 Uncommon trap: reason=class_check action=maybe_recompile pc=0x0000000003ec5d18 method=java.util.TreeMap.getEntry(Ljava/lang/Object;)Ljava/util/TreeMap$Entry; @ 26
Event: 5.761 Thread 0x000000001a730000 Uncommon trap: reason=null_check action=make_not_entrant pc=0x0000000003df3b2c method=java.lang.Class.createAnnotationData(I)Ljava/lang/Class$AnnotationData; @ 14

Classes redefined (0 events):
No events

Internal exceptions (10 events):
Event: 4.437 Thread 0x000000001a730000 Exception <a 'java/lang/NullPointerException'> (0x00000000d9be9b30) thrown at [C:\re\workspace\8-2-build-windows-amd64-cygwin\jdk8u211\12973\hotspot\src\share\vm\runtime\sharedRuntime.cpp, line 605]
Event: 4.437 Thread 0x000000001a730000 Implicit null exception at 0x0000000003970f8d to 0x00000000039714fc
Event: 4.438 Thread 0x000000001a730000 Exception <a 'java/lang/NullPointerException'> (0x00000000d9beb0f0) thrown at [C:\re\workspace\8-2-build-windows-amd64-cygwin\jdk8u211\12973\hotspot\src\share\vm\runtime\sharedRuntime.cpp, line 605]
Event: 4.438 Thread 0x000000001a730000 Implicit null exception at 0x0000000003970f8d to 0x00000000039714fc
Event: 4.438 Thread 0x000000001a730000 Exception <a 'java/lang/NullPointerException'> (0x00000000d9bec698) thrown at [C:\re\workspace\8-2-build-windows-amd64-cygwin\jdk8u211\12973\hotspot\src\share\vm\runtime\sharedRuntime.cpp, line 605]
Event: 4.589 Thread 0x000000001a730000 Exception <a 'java/lang/NoSuchMethodError': java.lang.Object.lambda$identity$2(Ljava/lang/Object;)Ljava/lang/Object;> (0x00000000da836228) thrown at [C:\re\workspace\8-2-build-windows-amd64-cygwin\jdk8u211\12973\hotspot\src\share\vm\interpreter\linkResolv
Event: 4.670 Thread 0x000000001a730000 Exception <a 'java/io/FileNotFoundException'> (0x00000000dadf0570) thrown at [C:\re\workspace\8-2-build-windows-amd64-cygwin\jdk8u211\12973\hotspot\src\share\vm\prims\jni.cpp, line 710]
Event: 4.825 Thread 0x000000001a730000 Implicit null exception at 0x000000000400b263 to 0x000000000400b4dd
Event: 4.968 Thread 0x000000001a730000 Implicit null exception at 0x00000000040e3bb0 to 0x00000000040e9a4d
Event: 5.651 Thread 0x000000001a730000 Implicit null exception at 0x0000000003999871 to 0x0000000003999c65

Events (10 events):
Event: 5.764 loading class org/hibernate/annotations/Nationalized
Event: 5.764 loading class org/hibernate/annotations/Nationalized done
Event: 5.764 loading class org/hibernate/annotations/Type
Event: 5.764 loading class org/hibernate/annotations/Type done
Event: 5.765 loading class javax/persistence/Temporal
Event: 5.765 loading class javax/persistence/Temporal done
Event: 5.765 loading class javax/persistence/Lob
Event: 5.765 loading class javax/persistence/Lob done
Event: 5.765 loading class javax/persistence/Enumerated
Event: 5.765 loading class javax/persistence/Enumerated done


Dynamic libraries:
0x00007ff73b880000 - 0x00007ff73b8b7000 	C:\Program Files\Java\jre1.8.0_211\bin\javaw.exe
0x00007ff8d0740000 - 0x00007ff8d0930000 	C:\WINDOWS\SYSTEM32\ntdll.dll
0x00007ff8ce7f0000 - 0x00007ff8ce8a2000 	C:\WINDOWS\System32\KERNEL32.DLL
0x00007ff8ce110000 - 0x00007ff8ce3b5000 	C:\WINDOWS\System32\KERNELBASE.dll
0x00007ff8cfe60000 - 0x00007ff8cff03000 	C:\WINDOWS\System32\ADVAPI32.dll
0x00007ff8d0380000 - 0x00007ff8d041e000 	C:\WINDOWS\System32\msvcrt.dll
0x00007ff8ce8c0000 - 0x00007ff8ce957000 	C:\WINDOWS\System32\sechost.dll
0x00007ff8d0560000 - 0x00007ff8d0680000 	C:\WINDOWS\System32\RPCRT4.dll
0x00007ff8cfbf0000 - 0x00007ff8cfd85000 	C:\WINDOWS\System32\USER32.dll
0x00007ff8ce7c0000 - 0x00007ff8ce7e1000 	C:\WINDOWS\System32\win32u.dll
0x00007ff8cee10000 - 0x00007ff8cee36000 	C:\WINDOWS\System32\GDI32.dll
0x00007ff8cd720000 - 0x00007ff8cd8b6000 	C:\WINDOWS\System32\gdi32full.dll
0x00007ff8ce570000 - 0x00007ff8ce60e000 	C:\WINDOWS\System32\msvcp_win.dll
0x00007ff8ce610000 - 0x00007ff8ce70a000 	C:\WINDOWS\System32\ucrtbase.dll
0x00007ff8c22b0000 - 0x00007ff8c2534000 	C:\WINDOWS\WinSxS\amd64_microsoft.windows.common-controls_6595b64144ccf1df_6.0.18362.1082_none_9e8193e1e45b25c1\COMCTL32.dll
0x00007ff8cead0000 - 0x00007ff8cee05000 	C:\WINDOWS\System32\combase.dll
0x00007ff8cd8c0000 - 0x00007ff8cd940000 	C:\WINDOWS\System32\bcryptPrimitives.dll
0x00007ff8cfaf0000 - 0x00007ff8cfb1e000 	C:\WINDOWS\System32\IMM32.DLL
0x0000000057ff0000 - 0x00000000580c2000 	C:\Program Files\Java\jre1.8.0_211\bin\msvcr100.dll
0x00000000581b0000 - 0x0000000058a55000 	C:\Program Files\Java\jre1.8.0_211\bin\server\jvm.dll
0x00007ff8ce8b0000 - 0x00007ff8ce8b8000 	C:\WINDOWS\System32\PSAPI.DLL
0x00007ff8cb6e0000 - 0x00007ff8cb704000 	C:\WINDOWS\SYSTEM32\WINMM.dll
0x00007ff8c67f0000 - 0x00007ff8c67fa000 	C:\WINDOWS\SYSTEM32\VERSION.dll
0x00007ff8cb5b0000 - 0x00007ff8cb5dd000 	C:\WINDOWS\SYSTEM32\winmmbase.dll
0x00007ff8cd6d0000 - 0x00007ff8cd71a000 	C:\WINDOWS\System32\cfgmgr32.dll
0x00007ff8b1980000 - 0x00007ff8b1989000 	C:\WINDOWS\SYSTEM32\WSOCK32.dll
0x00000000016b0000 - 0x000000000171f000 	C:\WINDOWS\System32\ws2_32.DLL
0x00007ff8addf0000 - 0x00007ff8addff000 	C:\Program Files\Java\jre1.8.0_211\bin\verify.dll
0x00007ff8a7990000 - 0x00007ff8a79b9000 	C:\Program Files\Java\jre1.8.0_211\bin\java.dll
0x00007ff8a7d90000 - 0x00007ff8a7da6000 	C:\Program Files\Java\jre1.8.0_211\bin\zip.dll
0x00007ff8cf170000 - 0x00007ff8cf857000 	C:\WINDOWS\System32\SHELL32.dll
0x00007ff8ceff0000 - 0x00007ff8cf099000 	C:\WINDOWS\System32\shcore.dll
0x00007ff8cd990000 - 0x00007ff8ce110000 	C:\WINDOWS\System32\windows.storage.dll
0x00007ff8cd630000 - 0x00007ff8cd653000 	C:\WINDOWS\System32\profapi.dll
0x00007ff8cd680000 - 0x00007ff8cd6ca000 	C:\WINDOWS\System32\powrprof.dll
0x00007ff8cd600000 - 0x00007ff8cd610000 	C:\WINDOWS\System32\UMPDC.dll
0x00007ff8cfb90000 - 0x00007ff8cfbe2000 	C:\WINDOWS\System32\shlwapi.dll
0x00007ff8cd660000 - 0x00007ff8cd671000 	C:\WINDOWS\System32\kernel.appcore.dll
0x00007ff8cd940000 - 0x00007ff8cd957000 	C:\WINDOWS\System32\cryptsp.dll
0x00007ff8cb800000 - 0x00007ff8cb80d000 	C:\Program Files\Java\jre1.8.0_211\bin\management.dll
0x00007ff8a7970000 - 0x00007ff8a798a000 	C:\Program Files\Java\jre1.8.0_211\bin\net.dll
0x00007ff8c0290000 - 0x00007ff8c0466000 	C:\WINDOWS\SYSTEM32\urlmon.dll
0x00007ff8bf610000 - 0x00007ff8bf8b6000 	C:\WINDOWS\SYSTEM32\iertutil.dll
0x00007ff8ccf20000 - 0x00007ff8ccf2c000 	C:\WINDOWS\SYSTEM32\CRYPTBASE.DLL
0x00007ff8ccda0000 - 0x00007ff8cce07000 	C:\WINDOWS\system32\mswsock.dll
0x00007ff8a8860000 - 0x00007ff8a8876000 	C:\WINDOWS\system32\napinsp.dll
0x00007ff8a8840000 - 0x00007ff8a885a000 	C:\WINDOWS\system32\pnrpnsp.dll
0x00007ff8ccb00000 - 0x00007ff8ccbcb000 	C:\WINDOWS\SYSTEM32\DNSAPI.dll
0x00007ff8cfa20000 - 0x00007ff8cfa28000 	C:\WINDOWS\System32\NSI.dll
0x00007ff8ccac0000 - 0x00007ff8ccafa000 	C:\WINDOWS\SYSTEM32\IPHLPAPI.DLL
0x00007ff8b1780000 - 0x00007ff8b178e000 	C:\WINDOWS\System32\winrnr.dll
0x00007ff8c9df0000 - 0x00007ff8c9e0c000 	C:\WINDOWS\system32\NLAapi.dll
0x00007ff8c8ba0000 - 0x00007ff8c8bb5000 	C:\WINDOWS\system32\wshbth.dll
0x00007ff8c5d40000 - 0x00007ff8c5d4a000 	C:\Windows\System32\rasadhlp.dll
0x00007ff8c6770000 - 0x00007ff8c67e7000 	C:\WINDOWS\System32\fwpuclnt.dll
0x00007ff8cd960000 - 0x00007ff8cd986000 	C:\WINDOWS\System32\bcrypt.dll
0x00007ff8a7950000 - 0x00007ff8a7962000 	C:\Program Files\Java\jre1.8.0_211\bin\nio.dll
0x00007ff8cc920000 - 0x00007ff8cc953000 	C:\WINDOWS\system32\rsaenh.dll
0x00007ff8cd520000 - 0x00007ff8cd545000 	C:\WINDOWS\SYSTEM32\USERENV.dll
0x00007ff8c6b10000 - 0x00007ff8c6b26000 	C:\WINDOWS\SYSTEM32\dhcpcsvc6.DLL
0x00007ff8c6af0000 - 0x00007ff8c6b0c000 	C:\WINDOWS\SYSTEM32\dhcpcsvc.DLL

VM Arguments:
jvm_args: -Dfile.encoding=UTF-8 
java_command: com.xnexus.LaflenteApplication
java_class_path (initial): C:\Users\lucas\Documents\Faculdade\xNexus-laflente-backoffice\laflente_backoffice\target\classes;C:\Users\lucas\.m2\repository\org\springframework\boot\spring-boot-starter-web\2.1.14.RELEASE\spring-boot-starter-web-2.1.14.RELEASE.jar;C:\Users\lucas\.m2\repository\org\springframework\boot\spring-boot-starter\2.1.14.RELEASE\spring-boot-starter-2.1.14.RELEASE.jar;C:\Users\lucas\.m2\repository\org\springframework\boot\spring-boot-starter-logging\2.1.14.RELEASE\spring-boot-starter-logging-2.1.14.RELEASE.jar;C:\Users\lucas\.m2\repository\ch\qos\logback\logback-classic\1.2.3\logback-classic-1.2.3.jar;C:\Users\lucas\.m2\repository\ch\qos\logback\logback-core\1.2.3\logback-core-1.2.3.jar;C:\Users\lucas\.m2\repository\org\apache\logging\log4j\log4j-to-slf4j\2.11.2\log4j-to-slf4j-2.11.2.jar;C:\Users\lucas\.m2\repository\org\apache\logging\log4j\log4j-api\2.11.2\log4j-api-2.11.2.jar;C:\Users\lucas\.m2\repository\org\slf4j\jul-to-slf4j\1.7.30\jul-to-slf4j-1.7.30.jar;C:\Users\lucas\.m2\repository\javax\annotation\javax.annotation-api\1.3.2\javax.annotation-api-1.3.2.jar;C:\Users\lucas\.m2\repository\org\yaml\snakeyaml\1.23\snakeyaml-1.23.jar;C:\Users\lucas\.m2\repository\org\springframework\boot\spring-boot-starter-json\2.1.14.RELEASE\spring-boot-starter-json-2.1.14.RELEASE.jar;C:\Users\lucas\.m2\repository\com\fasterxml\jackson\core\jackson-databind\2.9.10.4\jackson-databind-2.9.10.4.jar;C:\Users\lucas\.m2\repository\com\fasterxml\jackson\core\jackson-annotations\2.9.10\jackson-annotations-2.9.10.jar;C:\Users\lucas\.m2\repository\com\fasterxml\jackson\core\jackson-core\2.9.10\jackson-core-2.9.10.jar;C:\Users\lucas\.m2\repository\com\fasterxml\jackson\datatype\jackson-datatype-jdk8\2.9.10\jackson-datatype-jdk8-2.9.10.jar;C:\Users\lucas\.m2\repository\com\fasterxml\jackson\datatype\jackson-datatype-jsr310\2.9.10\jackson-datatype-jsr310-2.9.10.jar;C:\Users\lucas\.m2\repository\com\fasterxml\jackson\module\jackson-module-parameter-names\2.9.10\jackson-mo
Launcher Type: SUN_STANDARD

Environment Variables:
JAVA_HOME=C:\Program Files\Java\jdk1.8.0_201
PATH=C:/Program Files/Java/jre1.8.0_211/bin/server;C:/Program Files/Java/jre1.8.0_211/bin;C:/Program Files/Java/jre1.8.0_211/lib/amd64;C:\python3\Scripts\;C:\python3\;C:\Program Files (x86)\Common Files\Oracle\Java\javapath;C:\Windows\system32;C:\Windows;C:\Windows\System32\Wbem;C:\Windows\System32\WindowsPowerShell\v1.0\;C:\Program Files\NVIDIA Corporation\NVIDIA NvDLISR;C:\Program Files (x86)\NVIDIA Corporation\PhysX\Common;C:\WINDOWS\system32;C:\WINDOWS;C:\WINDOWS\System32\Wbem;C:\WINDOWS\System32\WindowsPowerShell\v1.0\;C:\WINDOWS\System32\OpenSSH\;C:\Program Files\Git\cmd;C:\apache-maven-3.6.1\bin;C:\Program Files\Java\jdk1.8.0_201;C:\Program Files\nodejs\;C:\Program Files\Docker\Docker\resources\bin;C:\ProgramData\DockerDesktop\version-bin;C:\Users\lucas\AppData\Local\Microsoft\WindowsApps;;C:\Users\lucas\AppData\Roaming\npm;E:\heroku\bin;C:\Program Files\JetBrains\IntelliJ IDEA Community Edition 2020.1.3\bin;;E:\Microsoft VS Code\bin;C:\WINDOWS\system32;
USERNAME=lucas
OS=Windows_NT
PROCESSOR_IDENTIFIER=Intel64 Family 6 Model 58 Stepping 9, GenuineIntel



---------------  S Y S T E M  ---------------

OS: Windows 10.0 , 64 bit Build 18362 (10.0.18362.1082)

CPU:total 4 (initial active 4) (4 cores per cpu, 1 threads per core) family 6 model 58 stepping 9, cmov, cx8, fxsr, mmx, sse, sse2, sse3, ssse3, sse4.1, sse4.2, popcnt, avx, aes, clmul, erms, tsc, tscinvbit, tscinv

Memory: 4k page, physical 8260664k(750144k free), swap 8260664k(5684k free)

vm_info: Java HotSpot(TM) 64-Bit Server VM (25.211-b12) for windows-amd64 JRE (1.8.0_211-b12), built on Apr  1 2019 20:53:26 by "java_re" with MS VC++ 10.0 (VS2010)

time: Mon Sep 21 21:44:39 2020
timezone: Hora oficial do Brasil
elapsed time: 5 seconds (0d 0h 0m 5s)

