#
# There is insufficient memory for the Java Runtime Environment to continue.
# Native memory allocation (malloc) failed to allocate 1102256 bytes for Chunk::new
# Possible reasons:
#   The system is out of physical RAM or swap space
#   The process is running with CompressedOops enabled, and the Java Heap may be blocking the growth of the native heap
# Possible solutions:
#   Reduce memory load on the system
#   Increase physical memory or swap space
#   Check if swap backing store is full
#   Decrease Java heap size (-Xmx/-Xms)
#   Decrease number of Java threads
#   Decrease Java thread stack sizes (-Xss)
#   Set larger code cache with -XX:ReservedCodeCacheSize=
#   JVM is running with Unscaled Compressed Oops mode in which the Java heap is
#     placed in the first 4GB address space. The Java Heap base address is the
#     maximum limit for the native heap growth. Please use -XX:HeapBaseMinAddress
#     to set the Java Heap base and to place the Java Heap above 4GB virtual address.
# This output file may be truncated or incomplete.
#
#  Out of Memory Error (allocation.cpp:389), pid=9600, tid=0x00000000000000fc
#
# JRE version: Java(TM) SE Runtime Environment (8.0_211-b12) (build 1.8.0_211-b12)
# Java VM: Java HotSpot(TM) 64-Bit Server VM (25.211-b12 mixed mode windows-amd64 compressed oops)
# Failed to write core dump. Minidumps are not enabled by default on client versions of Windows
#

---------------  T H R E A D  ---------------

Current thread (0x0000000017c6c800):  JavaThread "C2 CompilerThread1" daemon [_thread_in_native, id=252, stack(0x00000000193c0000,0x00000000194c0000)]

Stack: [0x00000000193c0000,0x00000000194c0000]
[error occurred during error reporting (printing stack bounds), id 0xc0000005]

Native frames: (J=compiled Java code, j=interpreted, Vv=VM code, C=native code)


Current CompileTask:
C2:   6069 4409   !   4       java.net.URL::<init> (543 bytes)


---------------  P R O C E S S  ---------------

Java Threads: ( => current thread )
  0x000000001d0da800 JavaThread "HikariPool-1 connection adder" daemon [_thread_blocked, id=4924, stack(0x0000000021d20000,0x0000000021e20000)]
  0x000000001d0d9800 JavaThread "HikariPool-1 housekeeper" daemon [_thread_blocked, id=4696, stack(0x0000000021660000,0x0000000021760000)]
  0x000000001d0df000 JavaThread "container-0" [_thread_blocked, id=1712, stack(0x0000000021a20000,0x0000000021b20000)]
  0x000000001d0de800 JavaThread "Catalina-utility-2" [_thread_blocked, id=1492, stack(0x0000000021920000,0x0000000021a20000)]
  0x000000001d0dd000 JavaThread "Catalina-utility-1" [_thread_blocked, id=8548, stack(0x0000000021820000,0x0000000021920000)]
  0x000000001d0dc000 JavaThread "Abandoned connection cleanup thread" daemon [_thread_blocked, id=1564, stack(0x0000000020240000,0x0000000020340000)]
  0x000000001a276000 JavaThread "restartedMain" [_thread_in_native, id=2836, stack(0x000000001b5f0000,0x000000001b6f0000)]
  0x000000001a7d2000 JavaThread "Thread-0" [_thread_blocked, id=4020, stack(0x000000001b4f0000,0x000000001b5f0000)]
  0x00000000195fc000 JavaThread "Service Thread" daemon [_thread_blocked, id=7660, stack(0x00000000199c0000,0x0000000019ac0000)]
  0x0000000017c73800 JavaThread "C1 CompilerThread2" daemon [_thread_blocked, id=7612, stack(0x00000000194c0000,0x00000000195c0000)]
=>0x0000000017c6c800 JavaThread "C2 CompilerThread1" daemon [_thread_in_native, id=252, stack(0x00000000193c0000,0x00000000194c0000)]
  0x0000000017c66000 JavaThread "C2 CompilerThread0" daemon [_thread_blocked, id=228, stack(0x00000000192c0000,0x00000000193c0000)]
  0x0000000017c64000 JavaThread "Attach Listener" daemon [_thread_blocked, id=8816, stack(0x00000000191c0000,0x00000000192c0000)]
  0x0000000017c62800 JavaThread "Signal Dispatcher" daemon [_thread_blocked, id=7672, stack(0x00000000190c0000,0x00000000191c0000)]
  0x0000000017c4a800 JavaThread "Finalizer" daemon [_thread_blocked, id=116, stack(0x0000000018eb0000,0x0000000018fb0000)]
  0x0000000003134000 JavaThread "Reference Handler" daemon [_thread_blocked, id=7616, stack(0x0000000018db0000,0x0000000018eb0000)]
  0x0000000003045800 JavaThread "main" [_thread_blocked, id=10128, stack(0x0000000002f40000,0x0000000003040000)]

Other Threads:
  0x0000000017c28000 VMThread [stack: 0x0000000018cb0000,0x0000000018db0000] [id=5064]
  0x0000000019635000 WatcherThread [stack: 0x0000000019ac0000,0x0000000019bc0000] [id=7640]

VM state:not at safepoint (normal execution)

VM Mutex/Monitor currently owned by a thread: None

heap address: 0x0000000081e00000, size: 2018 MB, Compressed Oops mode: 32-bit
Narrow klass base: 0x0000000000000000, Narrow klass shift: 3
Compressed class space size: 1073741824 Address: 0x0000000100000000

Heap:
 PSYoungGen      total 171520K, used 44919K [0x00000000d5f80000, 0x00000000e4300000, 0x0000000100000000)
  eden space 157184K, 19% used [0x00000000d5f80000,0x00000000d7e0aa38,0x00000000df900000)
  from space 14336K, 95% used [0x00000000df900000,0x00000000e0653430,0x00000000e0700000)
  to   space 16384K, 0% used [0x00000000e3300000,0x00000000e3300000,0x00000000e4300000)
 ParOldGen       total 92672K, used 17307K [0x0000000081e00000, 0x0000000087880000, 0x00000000d5f80000)
  object space 92672K, 18% used [0x0000000081e00000,0x0000000082ee6f28,0x0000000087880000)
 Metaspace       used 47465K, capacity 49560K, committed 49792K, reserved 1091584K
  class space    used 6415K, capacity 6775K, committed 6784K, reserved 1048576K

Card table byte_map: [0x0000000012500000,0x0000000012900000] byte_map_base: 0x00000000120f1000

Marking Bits: (ParMarkBitMap*) 0x000000006b915ce0
 Begin Bits: [0x0000000012fb0000, 0x0000000014f38000)
 End Bits:   [0x0000000014f38000, 0x0000000016ec0000)

Polling page: 0x0000000002e30000

CodeCache: size=245760Kb used=13993Kb max_used=15395Kb free=231766Kb
 bounds [0x0000000003140000, 0x0000000004060000, 0x0000000012140000]
 total_blobs=4409 nmethods=3897 adapters=424
 compilation: enabled

Compilation events (10 events):
Event: 6.006 Thread 0x0000000017c73800 nmethod 4441 0x0000000003398fd0 code [0x0000000003399140, 0x0000000003399430]
Event: 6.009 Thread 0x0000000017c66000 nmethod 4435 0x000000000339ab50 code [0x000000000339ad40, 0x000000000339b4e0]
Event: 6.019 Thread 0x0000000017c73800 4442       3       org.jboss.logging.Logger::join (112 bytes)
Event: 6.021 Thread 0x0000000017c73800 nmethod 4442 0x000000000334ef10 code [0x000000000334f2a0, 0x00000000033514f8]
Event: 6.024 Thread 0x0000000017c66000 4443       4       java.util.HashMap$EntryIterator::next (5 bytes)
Event: 6.024 Thread 0x0000000017c73800 4444       3       java.util.Collections$UnmodifiableMap$UnmodifiableEntrySet$UnmodifiableEntry::getValue (10 bytes)
Event: 6.024 Thread 0x0000000017c73800 nmethod 4444 0x000000000357e250 code [0x000000000357e3c0, 0x000000000357e5e8]
Event: 6.026 Thread 0x0000000017c66000 nmethod 4443 0x000000000357dd90 code [0x000000000357dee0, 0x000000000357e0b8]
Event: 6.048 Thread 0x0000000017c73800 4445       1       org.hibernate.boot.registry.classloading.internal.AggregatedClassLoader::access$000 (5 bytes)
Event: 6.048 Thread 0x0000000017c73800 nmethod 4445 0x000000000334ec50 code [0x000000000334eda0, 0x000000000334ee90]

GC Heap History (10 events):
Event: 1.542 GC heap before
{Heap before GC invocations=7 (full 1):
 PSYoungGen      total 71680K, used 66560K [0x00000000d5f80000, 0x00000000df480000, 0x0000000100000000)
  eden space 66560K, 100% used [0x00000000d5f80000,0x00000000da080000,0x00000000da080000)
  from space 5120K, 0% used [0x00000000da080000,0x00000000da080000,0x00000000da580000)
  to   space 9728K, 0% used [0x00000000deb00000,0x00000000deb00000,0x00000000df480000)
 ParOldGen       total 58880K, used 7331K [0x0000000081e00000, 0x0000000085780000, 0x00000000d5f80000)
  object space 58880K, 12% used [0x0000000081e00000,0x0000000082528d58,0x0000000085780000)
 Metaspace       used 23717K, capacity 24430K, committed 24576K, reserved 1071104K
  class space    used 3063K, capacity 3260K, committed 3328K, reserved 1048576K
Event: 1.550 GC heap after
Heap after GC invocations=7 (full 1):
 PSYoungGen      total 107520K, used 3391K [0x00000000d5f80000, 0x00000000dee80000, 0x0000000100000000)
  eden space 103936K, 0% used [0x00000000d5f80000,0x00000000d5f80000,0x00000000dc500000)
  from space 3584K, 94% used [0x00000000deb00000,0x00000000dee4fda8,0x00000000dee80000)
  to   space 9728K, 0% used [0x00000000ddb80000,0x00000000ddb80000,0x00000000de500000)
 ParOldGen       total 58880K, used 7403K [0x0000000081e00000, 0x0000000085780000, 0x00000000d5f80000)
  object space 58880K, 12% used [0x0000000081e00000,0x000000008253ad68,0x0000000085780000)
 Metaspace       used 23717K, capacity 24430K, committed 24576K, reserved 1071104K
  class space    used 3063K, capacity 3260K, committed 3328K, reserved 1048576K
}
Event: 2.689 GC heap before
{Heap before GC invocations=8 (full 1):
 PSYoungGen      total 107520K, used 107327K [0x00000000d5f80000, 0x00000000dee80000, 0x0000000100000000)
  eden space 103936K, 100% used [0x00000000d5f80000,0x00000000dc500000,0x00000000dc500000)
  from space 3584K, 94% used [0x00000000deb00000,0x00000000dee4fda8,0x00000000dee80000)
  to   space 9728K, 0% used [0x00000000ddb80000,0x00000000ddb80000,0x00000000de500000)
 ParOldGen       total 58880K, used 7403K [0x0000000081e00000, 0x0000000085780000, 0x00000000d5f80000)
  object space 58880K, 12% used [0x0000000081e00000,0x000000008253ad68,0x0000000085780000)
 Metaspace       used 28270K, capacity 29442K, committed 29568K, reserved 1075200K
  class space    used 3720K, capacity 3959K, committed 3968K, reserved 1048576K
Event: 2.706 GC heap after
Heap after GC invocations=8 (full 1):
 PSYoungGen      total 136704K, used 9721K [0x00000000d5f80000, 0x00000000e1300000, 0x0000000100000000)
  eden space 126976K, 0% used [0x00000000d5f80000,0x00000000d5f80000,0x00000000ddb80000)
  from space 9728K, 99% used [0x00000000ddb80000,0x00000000de4fe7a0,0x00000000de500000)
  to   space 12288K, 0% used [0x00000000e0700000,0x00000000e0700000,0x00000000e1300000)
 ParOldGen       total 58880K, used 8798K [0x0000000081e00000, 0x0000000085780000, 0x00000000d5f80000)
  object space 58880K, 14% used [0x0000000081e00000,0x0000000082697a68,0x0000000085780000)
 Metaspace       used 28270K, capacity 29442K, committed 29568K, reserved 1075200K
  class space    used 3720K, capacity 3959K, committed 3968K, reserved 1048576K
}
Event: 4.235 GC heap before
{Heap before GC invocations=9 (full 1):
 PSYoungGen      total 136704K, used 112827K [0x00000000d5f80000, 0x00000000e1300000, 0x0000000100000000)
  eden space 126976K, 81% used [0x00000000d5f80000,0x00000000dc4307f0,0x00000000ddb80000)
  from space 9728K, 99% used [0x00000000ddb80000,0x00000000de4fe7a0,0x00000000de500000)
  to   space 12288K, 0% used [0x00000000e0700000,0x00000000e0700000,0x00000000e1300000)
 ParOldGen       total 58880K, used 8798K [0x0000000081e00000, 0x0000000085780000, 0x00000000d5f80000)
  object space 58880K, 14% used [0x0000000081e00000,0x0000000082697a68,0x0000000085780000)
 Metaspace       used 33680K, capacity 35356K, committed 35456K, reserved 1079296K
  class space    used 4399K, capacity 4709K, committed 4736K, reserved 1048576K
Event: 4.246 GC heap after
Heap after GC invocations=9 (full 1):
 PSYoungGen      total 169472K, used 12284K [0x00000000d5f80000, 0x00000000e3380000, 0x0000000100000000)
  eden space 157184K, 0% used [0x00000000d5f80000,0x00000000d5f80000,0x00000000df900000)
  from space 12288K, 99% used [0x00000000e0700000,0x00000000e12ff018,0x00000000e1300000)
  to   space 14336K, 0% used [0x00000000df900000,0x00000000df900000,0x00000000e0700000)
 ParOldGen       total 58880K, used 9669K [0x0000000081e00000, 0x0000000085780000, 0x00000000d5f80000)
  object space 58880K, 16% used [0x0000000081e00000,0x0000000082771530,0x0000000085780000)
 Metaspace       used 33680K, capacity 35356K, committed 35456K, reserved 1079296K
  class space    used 4399K, capacity 4709K, committed 4736K, reserved 1048576K
}
Event: 4.246 GC heap before
{Heap before GC invocations=10 (full 2):
 PSYoungGen      total 169472K, used 12284K [0x00000000d5f80000, 0x00000000e3380000, 0x0000000100000000)
  eden space 157184K, 0% used [0x00000000d5f80000,0x00000000d5f80000,0x00000000df900000)
  from space 12288K, 99% used [0x00000000e0700000,0x00000000e12ff018,0x00000000e1300000)
  to   space 14336K, 0% used [0x00000000df900000,0x00000000df900000,0x00000000e0700000)
 ParOldGen       total 58880K, used 9669K [0x0000000081e00000, 0x0000000085780000, 0x00000000d5f80000)
  object space 58880K, 16% used [0x0000000081e00000,0x0000000082771530,0x0000000085780000)
 Metaspace       used 33680K, capacity 35356K, committed 35456K, reserved 1079296K
  class space    used 4399K, capacity 4709K, committed 4736K, reserved 1048576K
Event: 4.300 GC heap after
Heap after GC invocations=10 (full 2):
 PSYoungGen      total 169472K, used 0K [0x00000000d5f80000, 0x00000000e3380000, 0x0000000100000000)
  eden space 157184K, 0% used [0x00000000d5f80000,0x00000000d5f80000,0x00000000df900000)
  from space 12288K, 0% used [0x00000000e0700000,0x00000000e0700000,0x00000000e1300000)
  to   space 14336K, 0% used [0x00000000df900000,0x00000000df900000,0x00000000e0700000)
 ParOldGen       total 92672K, used 17299K [0x0000000081e00000, 0x0000000087880000, 0x00000000d5f80000)
  object space 92672K, 18% used [0x0000000081e00000,0x0000000082ee4f28,0x0000000087880000)
 Metaspace       used 33680K, capacity 35356K, committed 35456K, reserved 1079296K
  class space    used 4399K, capacity 4709K, committed 4736K, reserved 1048576K
}
Event: 5.820 GC heap before
{Heap before GC invocations=11 (full 2):
 PSYoungGen      total 169472K, used 157184K [0x00000000d5f80000, 0x00000000e3380000, 0x0000000100000000)
  eden space 157184K, 100% used [0x00000000d5f80000,0x00000000df900000,0x00000000df900000)
  from space 12288K, 0% used [0x00000000e0700000,0x00000000e0700000,0x00000000e1300000)
  to   space 14336K, 0% used [0x00000000df900000,0x00000000df900000,0x00000000e0700000)
 ParOldGen       total 92672K, used 17299K [0x0000000081e00000, 0x0000000087880000, 0x00000000d5f80000)
  object space 92672K, 18% used [0x0000000081e00000,0x0000000082ee4f28,0x0000000087880000)
 Metaspace       used 44661K, capacity 46710K, committed 46976K, reserved 1089536K
  class space    used 6018K, capacity 6410K, committed 6528K, reserved 1048576K
Event: 5.831 GC heap after
Heap after GC invocations=11 (full 2):
 PSYoungGen      total 171520K, used 13645K [0x00000000d5f80000, 0x00000000e4300000, 0x0000000100000000)
  eden space 157184K, 0% used [0x00000000d5f80000,0x00000000d5f80000,0x00000000df900000)
  from space 14336K, 95% used [0x00000000df900000,0x00000000e0653430,0x00000000e0700000)
  to   space 16384K, 0% used [0x00000000e3300000,0x00000000e3300000,0x00000000e4300000)
 ParOldGen       total 92672K, used 17307K [0x0000000081e00000, 0x0000000087880000, 0x00000000d5f80000)
  object space 92672K, 18% used [0x0000000081e00000,0x0000000082ee6f28,0x0000000087880000)
 Metaspace       used 44661K, capacity 46710K, committed 46976K, reserved 1089536K
  class space    used 6018K, capacity 6410K, committed 6528K, reserved 1048576K
}

Deoptimization events (10 events):
Event: 5.459 Thread 0x000000001a276000 Uncommon trap: reason=class_check action=maybe_recompile pc=0x0000000003cf1b44 method=java.util.AbstractList$Itr.next()Ljava/lang/Object; @ 14
Event: 5.536 Thread 0x000000001a276000 Uncommon trap: reason=bimorphic action=maybe_recompile pc=0x00000000035f1bd0 method=java.lang.ClassLoader.loadClass(Ljava/lang/String;Z)Ljava/lang/Class; @ 70
Event: 5.537 Thread 0x000000001a276000 Uncommon trap: reason=bimorphic action=maybe_recompile pc=0x00000000035f1bd0 method=java.lang.ClassLoader.loadClass(Ljava/lang/String;Z)Ljava/lang/Class; @ 70
Event: 5.774 Thread 0x000000001a276000 Uncommon trap: reason=bimorphic action=maybe_recompile pc=0x00000000035f1bd0 method=java.lang.ClassLoader.loadClass(Ljava/lang/String;Z)Ljava/lang/Class; @ 70
Event: 5.839 Thread 0x00000000195fc000 Uncommon trap: reason=bimorphic action=maybe_recompile pc=0x0000000003d80134 method=java.util.AbstractCollection.containsAll(Ljava/util/Collection;)Z @ 25
Event: 5.839 Thread 0x00000000195fc000 Uncommon trap: reason=bimorphic action=maybe_recompile pc=0x0000000003d80134 method=java.util.AbstractCollection.containsAll(Ljava/util/Collection;)Z @ 25
Event: 5.839 Thread 0x00000000195fc000 Uncommon trap: reason=bimorphic action=maybe_recompile pc=0x0000000003d80134 method=java.util.AbstractCollection.containsAll(Ljava/util/Collection;)Z @ 25
Event: 5.839 Thread 0x00000000195fc000 Uncommon trap: reason=bimorphic action=maybe_recompile pc=0x0000000003d80134 method=java.util.AbstractCollection.containsAll(Ljava/util/Collection;)Z @ 25
Event: 5.894 Thread 0x000000001a276000 Uncommon trap: reason=bimorphic action=maybe_recompile pc=0x00000000035f1bd0 method=java.lang.ClassLoader.loadClass(Ljava/lang/String;Z)Ljava/lang/Class; @ 70
Event: 5.971 Thread 0x000000001a276000 Uncommon trap: reason=null_check action=make_not_entrant pc=0x0000000003ce99ec method=java.lang.Class.createAnnotationData(I)Ljava/lang/Class$AnnotationData; @ 14

Classes redefined (0 events):
No events

Internal exceptions (10 events):
Event: 4.635 Thread 0x000000001a276000 Implicit null exception at 0x00000000037897cd to 0x0000000003789d3c
Event: 4.635 Thread 0x000000001a276000 Exception <a 'java/lang/NullPointerException'> (0x00000000d9bf18a8) thrown at [C:\re\workspace\8-2-build-windows-amd64-cygwin\jdk8u211\12973\hotspot\src\share\vm\runtime\sharedRuntime.cpp, line 605]
Event: 4.635 Thread 0x000000001a276000 Implicit null exception at 0x00000000037897cd to 0x0000000003789d3c
Event: 4.635 Thread 0x000000001a276000 Exception <a 'java/lang/NullPointerException'> (0x00000000d9bf2d90) thrown at [C:\re\workspace\8-2-build-windows-amd64-cygwin\jdk8u211\12973\hotspot\src\share\vm\runtime\sharedRuntime.cpp, line 605]
Event: 4.635 Thread 0x000000001a276000 Implicit null exception at 0x00000000037897cd to 0x0000000003789d3c
Event: 4.635 Thread 0x000000001a276000 Exception <a 'java/lang/NullPointerException'> (0x00000000d9bf5128) thrown at [C:\re\workspace\8-2-build-windows-amd64-cygwin\jdk8u211\12973\hotspot\src\share\vm\runtime\sharedRuntime.cpp, line 605]
Event: 4.772 Thread 0x000000001a276000 Exception <a 'java/lang/NoSuchMethodError': java.lang.Object.lambda$identity$2(Ljava/lang/Object;)Ljava/lang/Object;> (0x00000000da83a548) thrown at [C:\re\workspace\8-2-build-windows-amd64-cygwin\jdk8u211\12973\hotspot\src\share\vm\interpreter\linkResolv
Event: 4.867 Thread 0x000000001a276000 Exception <a 'java/io/FileNotFoundException'> (0x00000000dadf2560) thrown at [C:\re\workspace\8-2-build-windows-amd64-cygwin\jdk8u211\12973\hotspot\src\share\vm\prims\jni.cpp, line 710]
Event: 5.041 Thread 0x000000001a276000 Implicit null exception at 0x0000000003df62a3 to 0x0000000003df651d
Event: 5.184 Thread 0x000000001a276000 Implicit null exception at 0x000000000403cdad to 0x00000000040429b9

Events (10 events):
Event: 6.065 loading class org/hibernate/event/internal/DefaultPersistEventListener
Event: 6.065 loading class org/hibernate/event/internal/DefaultPersistEventListener done
Event: 6.066 loading class org/hibernate/event/internal/AbstractSaveEventListener
Event: 6.066 loading class org/hibernate/event/internal/AbstractSaveEventListener done
Event: 6.066 loading class org/hibernate/event/internal/AbstractReassociateEventListener
Event: 6.066 loading class org/hibernate/event/internal/AbstractReassociateEventListener done
Event: 6.067 loading class org/hibernate/NonUniqueObjectException
Event: 6.067 loading class org/hibernate/NonUniqueObjectException done
Event: 6.067 loading class org/hibernate/action/internal/AbstractEntityInsertAction
Event: 6.067 loading class org/hibernate/action/internal/AbstractEntityInsertAction done


Dynamic libraries:
0x00007ff7a65d0000 - 0x00007ff7a6607000 	C:\Program Files\Java\jre1.8.0_211\bin\javaw.exe
0x00007ff83a080000 - 0x00007ff83a270000 	C:\WINDOWS\SYSTEM32\ntdll.dll
0x00007ff839150000 - 0x00007ff839202000 	C:\WINDOWS\System32\KERNEL32.DLL
0x00007ff837530000 - 0x00007ff8377d5000 	C:\WINDOWS\System32\KERNELBASE.dll
0x00007ff838890000 - 0x00007ff838933000 	C:\WINDOWS\System32\ADVAPI32.dll
0x00007ff839050000 - 0x00007ff8390ee000 	C:\WINDOWS\System32\msvcrt.dll
0x00007ff838140000 - 0x00007ff8381d7000 	C:\WINDOWS\System32\sechost.dll
0x00007ff839f20000 - 0x00007ff83a040000 	C:\WINDOWS\System32\RPCRT4.dll
0x00007ff838e80000 - 0x00007ff839015000 	C:\WINDOWS\System32\USER32.dll
0x00007ff837f60000 - 0x00007ff837f81000 	C:\WINDOWS\System32\win32u.dll
0x00007ff839020000 - 0x00007ff839046000 	C:\WINDOWS\System32\GDI32.dll
0x00007ff8372f0000 - 0x00007ff837486000 	C:\WINDOWS\System32\gdi32full.dll
0x00007ff837490000 - 0x00007ff83752e000 	C:\WINDOWS\System32\msvcp_win.dll
0x00007ff837fb0000 - 0x00007ff8380aa000 	C:\WINDOWS\System32\ucrtbase.dll
0x00007ff828dd0000 - 0x00007ff829054000 	C:\WINDOWS\WinSxS\amd64_microsoft.windows.common-controls_6595b64144ccf1df_6.0.18362.1082_none_9e8193e1e45b25c1\COMCTL32.dll
0x00007ff838460000 - 0x00007ff838795000 	C:\WINDOWS\System32\combase.dll
0x00007ff8380b0000 - 0x00007ff838130000 	C:\WINDOWS\System32\bcryptPrimitives.dll
0x00007ff839c50000 - 0x00007ff839c7e000 	C:\WINDOWS\System32\IMM32.DLL
0x000000006af30000 - 0x000000006b002000 	C:\Program Files\Java\jre1.8.0_211\bin\msvcr100.dll
0x000000006b0f0000 - 0x000000006b995000 	C:\Program Files\Java\jre1.8.0_211\bin\server\jvm.dll
0x00007ff839900000 - 0x00007ff839908000 	C:\WINDOWS\System32\PSAPI.DLL
0x00007ff834f20000 - 0x00007ff834f44000 	C:\WINDOWS\SYSTEM32\WINMM.dll
0x00007ff830070000 - 0x00007ff83007a000 	C:\WINDOWS\SYSTEM32\VERSION.dll
0x00007ff834ef0000 - 0x00007ff834f1d000 	C:\WINDOWS\SYSTEM32\WINMMBASE.dll
0x00007ff837010000 - 0x00007ff83705a000 	C:\WINDOWS\System32\cfgmgr32.dll
0x00007ff818ea0000 - 0x00007ff818ea9000 	C:\WINDOWS\SYSTEM32\WSOCK32.dll
0x00007ff838820000 - 0x00007ff83888f000 	C:\WINDOWS\System32\WS2_32.dll
0x00007ff8169c0000 - 0x00007ff8169cf000 	C:\Program Files\Java\jre1.8.0_211\bin\verify.dll
0x00007ff813f80000 - 0x00007ff813fa9000 	C:\Program Files\Java\jre1.8.0_211\bin\java.dll
0x00007ff813f60000 - 0x00007ff813f76000 	C:\Program Files\Java\jre1.8.0_211\bin\zip.dll
0x00007ff839210000 - 0x00007ff8398f7000 	C:\WINDOWS\System32\SHELL32.dll
0x00007ff839d00000 - 0x00007ff839da9000 	C:\WINDOWS\System32\shcore.dll
0x00007ff8377e0000 - 0x00007ff837f60000 	C:\WINDOWS\System32\windows.storage.dll
0x00007ff836fe0000 - 0x00007ff837003000 	C:\WINDOWS\System32\profapi.dll
0x00007ff836f90000 - 0x00007ff836fda000 	C:\WINDOWS\System32\powrprof.dll
0x00007ff836f40000 - 0x00007ff836f50000 	C:\WINDOWS\System32\UMPDC.dll
0x00007ff839ec0000 - 0x00007ff839f12000 	C:\WINDOWS\System32\shlwapi.dll
0x00007ff836f70000 - 0x00007ff836f81000 	C:\WINDOWS\System32\kernel.appcore.dll
0x00007ff837f90000 - 0x00007ff837fa7000 	C:\WINDOWS\System32\cryptsp.dll
0x00007ff82f2d0000 - 0x00007ff82f2dd000 	C:\Program Files\Java\jre1.8.0_211\bin\management.dll
0x00007ff813f40000 - 0x00007ff813f5a000 	C:\Program Files\Java\jre1.8.0_211\bin\net.dll
0x00007ff82b790000 - 0x00007ff82b966000 	C:\WINDOWS\SYSTEM32\urlmon.dll
0x00007ff82c2a0000 - 0x00007ff82c546000 	C:\WINDOWS\SYSTEM32\iertutil.dll
0x00007ff836860000 - 0x00007ff83686c000 	C:\WINDOWS\SYSTEM32\CRYPTBASE.DLL
0x00007ff8366e0000 - 0x00007ff836747000 	C:\WINDOWS\system32\mswsock.dll
0x00007ff80dc30000 - 0x00007ff80dc46000 	C:\WINDOWS\system32\napinsp.dll
0x00007ff80dc10000 - 0x00007ff80dc2a000 	C:\WINDOWS\system32\pnrpnsp.dll
0x00007ff836440000 - 0x00007ff83650b000 	C:\WINDOWS\SYSTEM32\DNSAPI.dll
0x00007ff838130000 - 0x00007ff838138000 	C:\WINDOWS\System32\NSI.dll
0x00007ff836400000 - 0x00007ff83643a000 	C:\WINDOWS\SYSTEM32\IPHLPAPI.DLL
0x00007ff80dc00000 - 0x00007ff80dc0e000 	C:\WINDOWS\System32\winrnr.dll
0x00007ff833730000 - 0x00007ff83374c000 	C:\WINDOWS\system32\NLAapi.dll
0x00007ff831c20000 - 0x00007ff831c35000 	C:\WINDOWS\system32\wshbth.dll
0x00007ff82ac00000 - 0x00007ff82ac0a000 	C:\Windows\System32\rasadhlp.dll
0x00007ff830170000 - 0x00007ff8301e7000 	C:\WINDOWS\System32\fwpuclnt.dll
0x00007ff837060000 - 0x00007ff837086000 	C:\WINDOWS\System32\bcrypt.dll
0x00007ff813f20000 - 0x00007ff813f32000 	C:\Program Files\Java\jre1.8.0_211\bin\nio.dll
0x00007ff836260000 - 0x00007ff836293000 	C:\WINDOWS\system32\rsaenh.dll
0x00007ff836e60000 - 0x00007ff836e85000 	C:\WINDOWS\SYSTEM32\USERENV.dll
0x00007ff830550000 - 0x00007ff830566000 	C:\WINDOWS\SYSTEM32\dhcpcsvc6.DLL
0x00007ff830490000 - 0x00007ff8304ac000 	C:\WINDOWS\SYSTEM32\dhcpcsvc.DLL

VM Arguments:
jvm_args: -Dfile.encoding=UTF-8 
java_command: com.xnexus.LaflenteApplication
java_class_path (initial): C:\Users\lucas\Documents\Faculdade\xNexus-laflente-backoffice\laflente_backoffice\target\classes;C:\Users\lucas\.m2\repository\org\springframework\boot\spring-boot-starter-web\2.1.14.RELEASE\spring-boot-starter-web-2.1.14.RELEASE.jar;C:\Users\lucas\.m2\repository\org\springframework\boot\spring-boot-starter\2.1.14.RELEASE\spring-boot-starter-2.1.14.RELEASE.jar;C:\Users\lucas\.m2\repository\org\springframework\boot\spring-boot-starter-logging\2.1.14.RELEASE\spring-boot-starter-logging-2.1.14.RELEASE.jar;C:\Users\lucas\.m2\repository\ch\qos\logback\logback-classic\1.2.3\logback-classic-1.2.3.jar;C:\Users\lucas\.m2\repository\ch\qos\logback\logback-core\1.2.3\logback-core-1.2.3.jar;C:\Users\lucas\.m2\repository\org\apache\logging\log4j\log4j-to-slf4j\2.11.2\log4j-to-slf4j-2.11.2.jar;C:\Users\lucas\.m2\repository\org\apache\logging\log4j\log4j-api\2.11.2\log4j-api-2.11.2.jar;C:\Users\lucas\.m2\repository\org\slf4j\jul-to-slf4j\1.7.30\jul-to-slf4j-1.7.30.jar;C:\Users\lucas\.m2\repository\javax\annotation\javax.annotation-api\1.3.2\javax.annotation-api-1.3.2.jar;C:\Users\lucas\.m2\repository\org\yaml\snakeyaml\1.23\snakeyaml-1.23.jar;C:\Users\lucas\.m2\repository\org\springframework\boot\spring-boot-starter-json\2.1.14.RELEASE\spring-boot-starter-json-2.1.14.RELEASE.jar;C:\Users\lucas\.m2\repository\com\fasterxml\jackson\core\jackson-databind\2.9.10.4\jackson-databind-2.9.10.4.jar;C:\Users\lucas\.m2\repository\com\fasterxml\jackson\core\jackson-annotations\2.9.10\jackson-annotations-2.9.10.jar;C:\Users\lucas\.m2\repository\com\fasterxml\jackson\core\jackson-core\2.9.10\jackson-core-2.9.10.jar;C:\Users\lucas\.m2\repository\com\fasterxml\jackson\datatype\jackson-datatype-jdk8\2.9.10\jackson-datatype-jdk8-2.9.10.jar;C:\Users\lucas\.m2\repository\com\fasterxml\jackson\datatype\jackson-datatype-jsr310\2.9.10\jackson-datatype-jsr310-2.9.10.jar;C:\Users\lucas\.m2\repository\com\fasterxml\jackson\module\jackson-module-parameter-names\2.9.10\jackson-mo
Launcher Type: SUN_STANDARD

Environment Variables:
JAVA_HOME=C:\Program Files\Java\jdk1.8.0_201
PATH=C:/Program Files/Java/jre1.8.0_211/bin/server;C:/Program Files/Java/jre1.8.0_211/bin;C:/Program Files/Java/jre1.8.0_211/lib/amd64;C:\python3\Scripts\;C:\python3\;C:\Program Files (x86)\Common Files\Oracle\Java\javapath;C:\Windows\system32;C:\Windows;C:\Windows\System32\Wbem;C:\Windows\System32\WindowsPowerShell\v1.0\;C:\Program Files\NVIDIA Corporation\NVIDIA NvDLISR;C:\Program Files (x86)\NVIDIA Corporation\PhysX\Common;C:\WINDOWS\system32;C:\WINDOWS;C:\WINDOWS\System32\Wbem;C:\WINDOWS\System32\WindowsPowerShell\v1.0\;C:\WINDOWS\System32\OpenSSH\;C:\Program Files\Git\cmd;C:\apache-maven-3.6.1\bin;C:\Program Files\Java\jdk1.8.0_201;C:\Program Files\nodejs\;C:\Program Files\Docker\Docker\resources\bin;C:\ProgramData\DockerDesktop\version-bin;C:\Users\lucas\AppData\Local\Microsoft\WindowsApps;;C:\Users\lucas\AppData\Roaming\npm;E:\heroku\bin;C:\Program Files\JetBrains\IntelliJ IDEA Community Edition 2020.1.3\bin;;E:\Microsoft VS Code\bin;C:\WINDOWS\system32;
USERNAME=lucas
OS=Windows_NT
PROCESSOR_IDENTIFIER=Intel64 Family 6 Model 58 Stepping 9, GenuineIntel



---------------  S Y S T E M  ---------------

OS: Windows 10.0 , 64 bit Build 18362 (10.0.18362.1082)

CPU:total 4 (initial active 4) (4 cores per cpu, 1 threads per core) family 6 model 58 stepping 9, cmov, cx8, fxsr, mmx, sse, sse2, sse3, ssse3, sse4.1, sse4.2, popcnt, avx, aes, clmul, erms, tsc, tscinvbit, tscinv

Memory: 4k page, physical 8260664k(759620k free), swap 8260664k(6104k free)

vm_info: Java HotSpot(TM) 64-Bit Server VM (25.211-b12) for windows-amd64 JRE (1.8.0_211-b12), built on Apr  1 2019 20:53:26 by "java_re" with MS VC++ 10.0 (VS2010)

time: Mon Sep 21 00:36:17 2020
timezone: Hora oficial do Brasil
elapsed time: 6 seconds (0d 0h 0m 6s)

