#
# There is insufficient memory for the Java Runtime Environment to continue.
# Native memory allocation (malloc) failed to allocate 1328176 bytes for Chunk::new
# Possible reasons:
#   The system is out of physical RAM or swap space
#   The process is running with CompressedOops enabled, and the Java Heap may be blocking the growth of the native heap
# Possible solutions:
#   Reduce memory load on the system
#   Increase physical memory or swap space
#   Check if swap backing store is full
#   Decrease Java heap size (-Xmx/-Xms)
#   Decrease number of Java threads
#   Decrease Java thread stack sizes (-Xss)
#   Set larger code cache with -XX:ReservedCodeCacheSize=
#   JVM is running with Unscaled Compressed Oops mode in which the Java heap is
#     placed in the first 4GB address space. The Java Heap base address is the
#     maximum limit for the native heap growth. Please use -XX:HeapBaseMinAddress
#     to set the Java Heap base and to place the Java Heap above 4GB virtual address.
# This output file may be truncated or incomplete.
#
#  Out of Memory Error (allocation.cpp:389), pid=8036, tid=0x0000000000002aa0
#
# JRE version: Java(TM) SE Runtime Environment (8.0_211-b12) (build 1.8.0_211-b12)
# Java VM: Java HotSpot(TM) 64-Bit Server VM (25.211-b12 mixed mode windows-amd64 compressed oops)
# Failed to write core dump. Minidumps are not enabled by default on client versions of Windows
#

---------------  T H R E A D  ---------------

Current thread (0x00000000176d7800):  JavaThread "C2 CompilerThread0" daemon [_thread_in_native, id=10912, stack(0x0000000018d40000,0x0000000018e40000)]

Stack: [0x0000000018d40000,0x0000000018e40000]
[error occurred during error reporting (printing stack bounds), id 0xc0000005]

Native frames: (J=compiled Java code, j=interpreted, Vv=VM code, C=native code)


Current CompileTask:
C2:   3875 3906   !   4       org.springframework.core.annotation.AnnotationUtils::findAnnotation (171 bytes)


---------------  P R O C E S S  ---------------

Java Threads: ( => current thread )
  0x000000001dc6e000 JavaThread "Abandoned connection cleanup thread" daemon [_thread_blocked, id=2264, stack(0x000000001b170000,0x000000001b270000)]
  0x0000000019d65000 JavaThread "restartedMain" [_thread_in_Java, id=8540, stack(0x000000001b070000,0x000000001b170000)]
  0x0000000019cc7800 JavaThread "Thread-0" [_thread_blocked, id=4732, stack(0x000000001af70000,0x000000001b070000)]
  0x0000000019070800 JavaThread "Service Thread" daemon [_thread_blocked, id=9256, stack(0x0000000019440000,0x0000000019540000)]
  0x00000000176e3800 JavaThread "C1 CompilerThread2" daemon [_thread_in_vm, id=2816, stack(0x0000000018f40000,0x0000000019040000)]
  0x00000000176da800 JavaThread "C2 CompilerThread1" daemon [_thread_in_native, id=3372, stack(0x0000000018e40000,0x0000000018f40000)]
=>0x00000000176d7800 JavaThread "C2 CompilerThread0" daemon [_thread_in_native, id=10912, stack(0x0000000018d40000,0x0000000018e40000)]
  0x00000000176d6000 JavaThread "Attach Listener" daemon [_thread_blocked, id=9152, stack(0x0000000018c40000,0x0000000018d40000)]
  0x00000000176d2800 JavaThread "Signal Dispatcher" daemon [_thread_blocked, id=2928, stack(0x0000000018b40000,0x0000000018c40000)]
  0x00000000176bb800 JavaThread "Finalizer" daemon [_thread_blocked, id=9784, stack(0x0000000018930000,0x0000000018a30000)]
  0x0000000002ba4000 JavaThread "Reference Handler" daemon [_thread_blocked, id=7356, stack(0x0000000018830000,0x0000000018930000)]
  0x0000000002ab5800 JavaThread "main" [_thread_blocked, id=2860, stack(0x00000000029b0000,0x0000000002ab0000)]

Other Threads:
  0x0000000017698000 VMThread [stack: 0x0000000018730000,0x0000000018830000] [id=7804]
  0x000000001772d800 WatcherThread [stack: 0x0000000019540000,0x0000000019640000] [id=10460]

VM state:not at safepoint (normal execution)

VM Mutex/Monitor currently owned by a thread: None

heap address: 0x0000000081e00000, size: 2018 MB, Compressed Oops mode: 32-bit
Narrow klass base: 0x0000000000000000, Narrow klass shift: 3
Compressed class space size: 1073741824 Address: 0x0000000100000000

Heap:
 PSYoungGen      total 139264K, used 64164K [0x00000000d5f80000, 0x00000000e1280000, 0x0000000100000000)
  eden space 126976K, 50% used [0x00000000d5f80000,0x00000000d9e29288,0x00000000ddb80000)
  from space 12288K, 0% used [0x00000000e0680000,0x00000000e0680000,0x00000000e1280000)
  to   space 9728K, 0% used [0x00000000ddb80000,0x00000000ddb80000,0x00000000de500000)
 ParOldGen       total 58368K, used 17327K [0x0000000081e00000, 0x0000000085700000, 0x00000000d5f80000)
  object space 58368K, 29% used [0x0000000081e00000,0x0000000082eebfb8,0x0000000085700000)
 Metaspace       used 35242K, capacity 37164K, committed 37248K, reserved 1081344K
  class space    used 4619K, capacity 4983K, committed 4992K, reserved 1048576K

Card table byte_map: [0x0000000011f70000,0x0000000012370000] byte_map_base: 0x0000000011b61000

Marking Bits: (ParMarkBitMap*) 0x000000006b915ce0
 Begin Bits: [0x0000000012a20000, 0x00000000149a8000)
 End Bits:   [0x00000000149a8000, 0x0000000016930000)

Polling page: 0x0000000000d10000

CodeCache: size=245760Kb used=14302Kb max_used=14414Kb free=231457Kb
 bounds [0x0000000002bb0000, 0x00000000039d0000, 0x0000000011bb0000]
 total_blobs=4323 nmethods=3910 adapters=325
 compilation: enabled

Compilation events (10 events):
Event: 3.855 Thread 0x00000000176e3800 3964       3       org.springframework.core.convert.TypeDescriptor::hashCode (8 bytes)
Event: 3.855 Thread 0x00000000176e3800 nmethod 3964 0x00000000039caa90 code [0x00000000039cac00, 0x00000000039caea8]
Event: 3.863 Thread 0x00000000176e3800 3965   !   3       org.springframework.beans.factory.annotation.InitDestroyAnnotationBeanPostProcessor::findLifecycleMetadata (87 bytes)
Event: 3.863 Thread 0x00000000176e3800 nmethod 3965 0x00000000039caf90 code [0x00000000039cb160, 0x00000000039cb9c8]
Event: 3.863 Thread 0x00000000176e3800 3967       3       java.util.HashMap::containsKey (18 bytes)
Event: 3.863 Thread 0x00000000176e3800 nmethod 3967 0x00000000039cbcd0 code [0x00000000039cbe60, 0x00000000039cc258]
Event: 3.863 Thread 0x00000000176e3800 3966       3       org.springframework.core.MethodClassKey::equals (55 bytes)
Event: 3.864 Thread 0x00000000176e3800 nmethod 3966 0x00000000039cc390 code [0x00000000039cc520, 0x00000000039cca98]
Event: 3.872 Thread 0x00000000176e3800 3968       3       org.springframework.core.ResolvableType::hasGenerics (14 bytes)
Event: 3.873 Thread 0x00000000176e3800 nmethod 3968 0x00000000039ccbd0 code [0x00000000039ccd40, 0x00000000039ccfa8]

GC Heap History (10 events):
Event: 1.079 GC heap before
{Heap before GC invocations=6 (full 1):
 PSYoungGen      total 71680K, used 5088K [0x00000000d5f80000, 0x00000000df480000, 0x0000000100000000)
  eden space 66560K, 0% used [0x00000000d5f80000,0x00000000d5f80000,0x00000000da080000)
  from space 5120K, 99% used [0x00000000da080000,0x00000000da578240,0x00000000da580000)
  to   space 9728K, 0% used [0x00000000deb00000,0x00000000deb00000,0x00000000df480000)
 ParOldGen       total 87552K, used 6526K [0x0000000081e00000, 0x0000000087380000, 0x00000000d5f80000)
  object space 87552K, 7% used [0x0000000081e00000,0x000000008245fbc8,0x0000000087380000)
 Metaspace       used 20579K, capacity 21164K, committed 21296K, reserved 1067008K
  class space    used 2706K, capacity 2869K, committed 2944K, reserved 1048576K
Event: 1.101 GC heap after
Heap after GC invocations=6 (full 1):
 PSYoungGen      total 71680K, used 0K [0x00000000d5f80000, 0x00000000df480000, 0x0000000100000000)
  eden space 66560K, 0% used [0x00000000d5f80000,0x00000000d5f80000,0x00000000da080000)
  from space 5120K, 0% used [0x00000000da080000,0x00000000da080000,0x00000000da580000)
  to   space 9728K, 0% used [0x00000000deb00000,0x00000000deb00000,0x00000000df480000)
 ParOldGen       total 58368K, used 7389K [0x0000000081e00000, 0x0000000085700000, 0x00000000d5f80000)
  object space 58368K, 12% used [0x0000000081e00000,0x00000000825377c8,0x0000000085700000)
 Metaspace       used 20577K, capacity 21158K, committed 21296K, reserved 1067008K
  class space    used 2706K, capacity 2868K, committed 2944K, reserved 1048576K
}
Event: 1.415 GC heap before
{Heap before GC invocations=7 (full 1):
 PSYoungGen      total 71680K, used 66560K [0x00000000d5f80000, 0x00000000df480000, 0x0000000100000000)
  eden space 66560K, 100% used [0x00000000d5f80000,0x00000000da080000,0x00000000da080000)
  from space 5120K, 0% used [0x00000000da080000,0x00000000da080000,0x00000000da580000)
  to   space 9728K, 0% used [0x00000000deb00000,0x00000000deb00000,0x00000000df480000)
 ParOldGen       total 58368K, used 7389K [0x0000000081e00000, 0x0000000085700000, 0x00000000d5f80000)
  object space 58368K, 12% used [0x0000000081e00000,0x00000000825377c8,0x0000000085700000)
 Metaspace       used 23685K, capacity 24426K, committed 24576K, reserved 1071104K
  class space    used 3069K, capacity 3260K, committed 3328K, reserved 1048576K
Event: 1.419 GC heap after
Heap after GC invocations=7 (full 1):
 PSYoungGen      total 107520K, used 3443K [0x00000000d5f80000, 0x00000000dee80000, 0x0000000100000000)
  eden space 103936K, 0% used [0x00000000d5f80000,0x00000000d5f80000,0x00000000dc500000)
  from space 3584K, 96% used [0x00000000deb00000,0x00000000dee5ce38,0x00000000dee80000)
  to   space 9728K, 0% used [0x00000000ddb80000,0x00000000ddb80000,0x00000000de500000)
 ParOldGen       total 58368K, used 7461K [0x0000000081e00000, 0x0000000085700000, 0x00000000d5f80000)
  object space 58368K, 12% used [0x0000000081e00000,0x00000000825497d8,0x0000000085700000)
 Metaspace       used 23685K, capacity 24426K, committed 24576K, reserved 1071104K
  class space    used 3069K, capacity 3260K, committed 3328K, reserved 1048576K
}
Event: 2.408 GC heap before
{Heap before GC invocations=8 (full 1):
 PSYoungGen      total 107520K, used 107379K [0x00000000d5f80000, 0x00000000dee80000, 0x0000000100000000)
  eden space 103936K, 100% used [0x00000000d5f80000,0x00000000dc500000,0x00000000dc500000)
  from space 3584K, 96% used [0x00000000deb00000,0x00000000dee5ce38,0x00000000dee80000)
  to   space 9728K, 0% used [0x00000000ddb80000,0x00000000ddb80000,0x00000000de500000)
 ParOldGen       total 58368K, used 7461K [0x0000000081e00000, 0x0000000085700000, 0x00000000d5f80000)
  object space 58368K, 12% used [0x0000000081e00000,0x00000000825497d8,0x0000000085700000)
 Metaspace       used 28389K, capacity 29552K, committed 29696K, reserved 1075200K
  class space    used 3731K, capacity 3992K, committed 4096K, reserved 1048576K
Event: 2.422 GC heap after
Heap after GC invocations=8 (full 1):
 PSYoungGen      total 136704K, used 9723K [0x00000000d5f80000, 0x00000000e1280000, 0x0000000100000000)
  eden space 126976K, 0% used [0x00000000d5f80000,0x00000000d5f80000,0x00000000ddb80000)
  from space 9728K, 99% used [0x00000000ddb80000,0x00000000de4fed20,0x00000000de500000)
  to   space 12288K, 0% used [0x00000000e0680000,0x00000000e0680000,0x00000000e1280000)
 ParOldGen       total 58368K, used 8987K [0x0000000081e00000, 0x0000000085700000, 0x00000000d5f80000)
  object space 58368K, 15% used [0x0000000081e00000,0x00000000826c6fb0,0x0000000085700000)
 Metaspace       used 28389K, capacity 29552K, committed 29696K, reserved 1075200K
  class space    used 3731K, capacity 3992K, committed 4096K, reserved 1048576K
}
Event: 3.444 GC heap before
{Heap before GC invocations=9 (full 1):
 PSYoungGen      total 136704K, used 110554K [0x00000000d5f80000, 0x00000000e1280000, 0x0000000100000000)
  eden space 126976K, 79% used [0x00000000d5f80000,0x00000000dc1f7d60,0x00000000ddb80000)
  from space 9728K, 99% used [0x00000000ddb80000,0x00000000de4fed20,0x00000000de500000)
  to   space 12288K, 0% used [0x00000000e0680000,0x00000000e0680000,0x00000000e1280000)
 ParOldGen       total 58368K, used 8987K [0x0000000081e00000, 0x0000000085700000, 0x00000000d5f80000)
  object space 58368K, 15% used [0x0000000081e00000,0x00000000826c6fb0,0x0000000085700000)
 Metaspace       used 33666K, capacity 35352K, committed 35456K, reserved 1079296K
  class space    used 4399K, capacity 4709K, committed 4736K, reserved 1048576K
Event: 3.454 GC heap after
Heap after GC invocations=9 (full 1):
 PSYoungGen      total 139264K, used 12264K [0x00000000d5f80000, 0x00000000e1280000, 0x0000000100000000)
  eden space 126976K, 0% used [0x00000000d5f80000,0x00000000d5f80000,0x00000000ddb80000)
  from space 12288K, 99% used [0x00000000e0680000,0x00000000e127a208,0x00000000e1280000)
  to   space 9728K, 0% used [0x00000000ddb80000,0x00000000ddb80000,0x00000000de500000)
 ParOldGen       total 58368K, used 9944K [0x0000000081e00000, 0x0000000085700000, 0x00000000d5f80000)
  object space 58368K, 17% used [0x0000000081e00000,0x00000000827b63f8,0x0000000085700000)
 Metaspace       used 33666K, capacity 35352K, committed 35456K, reserved 1079296K
  class space    used 4399K, capacity 4709K, committed 4736K, reserved 1048576K
}
Event: 3.454 GC heap before
{Heap before GC invocations=10 (full 2):
 PSYoungGen      total 139264K, used 12264K [0x00000000d5f80000, 0x00000000e1280000, 0x0000000100000000)
  eden space 126976K, 0% used [0x00000000d5f80000,0x00000000d5f80000,0x00000000ddb80000)
  from space 12288K, 99% used [0x00000000e0680000,0x00000000e127a208,0x00000000e1280000)
  to   space 9728K, 0% used [0x00000000ddb80000,0x00000000ddb80000,0x00000000de500000)
 ParOldGen       total 58368K, used 9944K [0x0000000081e00000, 0x0000000085700000, 0x00000000d5f80000)
  object space 58368K, 17% used [0x0000000081e00000,0x00000000827b63f8,0x0000000085700000)
 Metaspace       used 33666K, capacity 35352K, committed 35456K, reserved 1079296K
  class space    used 4399K, capacity 4709K, committed 4736K, reserved 1048576K
Event: 3.508 GC heap after
Heap after GC invocations=10 (full 2):
 PSYoungGen      total 139264K, used 0K [0x00000000d5f80000, 0x00000000e1280000, 0x0000000100000000)
  eden space 126976K, 0% used [0x00000000d5f80000,0x00000000d5f80000,0x00000000ddb80000)
  from space 12288K, 0% used [0x00000000e0680000,0x00000000e0680000,0x00000000e1280000)
  to   space 9728K, 0% used [0x00000000ddb80000,0x00000000ddb80000,0x00000000de500000)
 ParOldGen       total 58368K, used 17327K [0x0000000081e00000, 0x0000000085700000, 0x00000000d5f80000)
  object space 58368K, 29% used [0x0000000081e00000,0x0000000082eebfb8,0x0000000085700000)
 Metaspace       used 33666K, capacity 35352K, committed 35456K, reserved 1079296K
  class space    used 4399K, capacity 4709K, committed 4736K, reserved 1048576K
}

Deoptimization events (10 events):
Event: 3.703 Thread 0x0000000019d65000 Uncommon trap: reason=unstable_if action=reinterpret pc=0x00000000030904b0 method=jdk.internal.org.objectweb.asm.Type.getArgumentsAndReturnSizes(Ljava/lang/String;)I @ 41
Event: 3.706 Thread 0x0000000019d65000 Uncommon trap: reason=speculate_class_check action=maybe_recompile pc=0x0000000003947598 method=java.util.AbstractList.listIterator()Ljava/util/ListIterator; @ 2
Event: 3.707 Thread 0x0000000019d65000 Uncommon trap: reason=speculate_class_check action=maybe_recompile pc=0x0000000003947598 method=java.util.AbstractList.listIterator()Ljava/util/ListIterator; @ 2
Event: 3.708 Thread 0x0000000019d65000 Uncommon trap: reason=speculate_class_check action=maybe_recompile pc=0x0000000003947598 method=java.util.AbstractList.listIterator()Ljava/util/ListIterator; @ 2
Event: 3.708 Thread 0x0000000019d65000 Uncommon trap: reason=speculate_class_check action=maybe_recompile pc=0x0000000003947598 method=java.util.AbstractList.listIterator()Ljava/util/ListIterator; @ 2
Event: 3.755 Thread 0x0000000019d65000 Uncommon trap: reason=unstable_if action=reinterpret pc=0x0000000003821698 method=org.springframework.beans.factory.support.AbstractBeanFactory.isTypeMatch(Ljava/lang/String;Lorg/springframework/core/ResolvableType;)Z @ 508
Event: 3.849 Thread 0x0000000019d65000 Uncommon trap: reason=unstable_if action=reinterpret pc=0x00000000032b70fc method=org.springframework.util.ObjectUtils.nullSafeEquals(Ljava/lang/Object;Ljava/lang/Object;)Z @ 8
Event: 3.849 Thread 0x0000000019d65000 Uncommon trap: reason=unstable_if action=reinterpret pc=0x0000000003833664 method=org.springframework.boot.context.properties.source.ConfigurationPropertyName.equals(Ljava/lang/Object;)Z @ 8
Event: 3.849 Thread 0x0000000019d65000 Uncommon trap: reason=unstable_if action=reinterpret pc=0x0000000002f6dcfc method=java.util.HashMap.getNode(ILjava/lang/Object;)Ljava/util/HashMap$Node; @ 129
Event: 3.861 Thread 0x0000000019d65000 Uncommon trap: reason=unstable_if action=reinterpret pc=0x0000000002df6ac0 method=java.lang.AbstractStringBuilder.append(Ljava/lang/String;)Ljava/lang/AbstractStringBuilder; @ 1

Classes redefined (0 events):
No events

Internal exceptions (10 events):
Event: 3.854 Thread 0x0000000019d65000 Exception <a 'java/lang/NullPointerException'> (0x00000000d9b50100) thrown at [C:\re\workspace\8-2-build-windows-amd64-cygwin\jdk8u211\12973\hotspot\src\share\vm\runtime\sharedRuntime.cpp, line 605]
Event: 3.854 Thread 0x0000000019d65000 Implicit null exception at 0x000000000330128d to 0x00000000033017fc
Event: 3.854 Thread 0x0000000019d65000 Exception <a 'java/lang/NullPointerException'> (0x00000000d9b516a8) thrown at [C:\re\workspace\8-2-build-windows-amd64-cygwin\jdk8u211\12973\hotspot\src\share\vm\runtime\sharedRuntime.cpp, line 605]
Event: 3.855 Thread 0x0000000019d65000 Implicit null exception at 0x000000000330128d to 0x00000000033017fc
Event: 3.855 Thread 0x0000000019d65000 Exception <a 'java/lang/NullPointerException'> (0x00000000d9b52bf8) thrown at [C:\re\workspace\8-2-build-windows-amd64-cygwin\jdk8u211\12973\hotspot\src\share\vm\runtime\sharedRuntime.cpp, line 605]
Event: 3.855 Thread 0x0000000019d65000 Implicit null exception at 0x000000000330128d to 0x00000000033017fc
Event: 3.855 Thread 0x0000000019d65000 Exception <a 'java/lang/NullPointerException'> (0x00000000d9b54150) thrown at [C:\re\workspace\8-2-build-windows-amd64-cygwin\jdk8u211\12973\hotspot\src\share\vm\runtime\sharedRuntime.cpp, line 605]
Event: 3.855 Thread 0x0000000019d65000 Implicit null exception at 0x000000000330128d to 0x00000000033017fc
Event: 3.855 Thread 0x0000000019d65000 Exception <a 'java/lang/NullPointerException'> (0x00000000d9b55698) thrown at [C:\re\workspace\8-2-build-windows-amd64-cygwin\jdk8u211\12973\hotspot\src\share\vm\runtime\sharedRuntime.cpp, line 605]
Event: 3.861 Thread 0x0000000019d65000 Implicit null exception at 0x0000000002df6716 to 0x0000000002df6aa9

Events (10 events):
Event: 3.873 Thread 0x00000000176e3800 flushing nmethod 0x0000000002cefd10
Event: 3.873 Thread 0x00000000176e3800 flushing nmethod 0x0000000002cf1250
Event: 3.873 Thread 0x00000000176e3800 flushing nmethod 0x0000000002cf3510
Event: 3.873 Thread 0x00000000176e3800 flushing nmethod 0x0000000002cfa610
Event: 3.873 Thread 0x00000000176e3800 flushing nmethod 0x0000000002cfc110
Event: 3.873 Thread 0x00000000176e3800 flushing nmethod 0x0000000002d0bc50
Event: 3.873 Thread 0x00000000176e3800 flushing nmethod 0x0000000002d106d0
Event: 3.873 Thread 0x00000000176e3800 flushing nmethod 0x0000000002d10d10
Event: 3.873 Thread 0x00000000176e3800 flushing nmethod 0x0000000002d17250
Event: 3.873 Thread 0x00000000176e3800 flushing nmethod 0x0000000002d30490


Dynamic libraries:
0x00007ff7a65d0000 - 0x00007ff7a6607000 	C:\Program Files\Java\jre1.8.0_211\bin\javaw.exe
0x00007ff83a080000 - 0x00007ff83a270000 	C:\WINDOWS\SYSTEM32\ntdll.dll
0x00007ff839150000 - 0x00007ff839202000 	C:\WINDOWS\System32\KERNEL32.DLL
0x00007ff837530000 - 0x00007ff8377d5000 	C:\WINDOWS\System32\KERNELBASE.dll
0x00007ff838890000 - 0x00007ff838933000 	C:\WINDOWS\System32\ADVAPI32.dll
0x00007ff839050000 - 0x00007ff8390ee000 	C:\WINDOWS\System32\msvcrt.dll
0x00007ff838140000 - 0x00007ff8381d7000 	C:\WINDOWS\System32\sechost.dll
0x00007ff839f20000 - 0x00007ff83a040000 	C:\WINDOWS\System32\RPCRT4.dll
0x00007ff838e80000 - 0x00007ff839015000 	C:\WINDOWS\System32\USER32.dll
0x00007ff837f60000 - 0x00007ff837f81000 	C:\WINDOWS\System32\win32u.dll
0x00007ff839020000 - 0x00007ff839046000 	C:\WINDOWS\System32\GDI32.dll
0x00007ff8372f0000 - 0x00007ff837486000 	C:\WINDOWS\System32\gdi32full.dll
0x00007ff837490000 - 0x00007ff83752e000 	C:\WINDOWS\System32\msvcp_win.dll
0x00007ff837fb0000 - 0x00007ff8380aa000 	C:\WINDOWS\System32\ucrtbase.dll
0x00007ff828dd0000 - 0x00007ff829054000 	C:\WINDOWS\WinSxS\amd64_microsoft.windows.common-controls_6595b64144ccf1df_6.0.18362.1082_none_9e8193e1e45b25c1\COMCTL32.dll
0x00007ff838460000 - 0x00007ff838795000 	C:\WINDOWS\System32\combase.dll
0x00007ff8380b0000 - 0x00007ff838130000 	C:\WINDOWS\System32\bcryptPrimitives.dll
0x00007ff839c50000 - 0x00007ff839c7e000 	C:\WINDOWS\System32\IMM32.DLL
0x000000006af30000 - 0x000000006b002000 	C:\Program Files\Java\jre1.8.0_211\bin\msvcr100.dll
0x000000006b0f0000 - 0x000000006b995000 	C:\Program Files\Java\jre1.8.0_211\bin\server\jvm.dll
0x00007ff839900000 - 0x00007ff839908000 	C:\WINDOWS\System32\PSAPI.DLL
0x00007ff834f20000 - 0x00007ff834f44000 	C:\WINDOWS\SYSTEM32\WINMM.dll
0x00007ff818ea0000 - 0x00007ff818ea9000 	C:\WINDOWS\SYSTEM32\WSOCK32.dll
0x00007ff838820000 - 0x00007ff83888f000 	C:\WINDOWS\System32\WS2_32.dll
0x00007ff830070000 - 0x00007ff83007a000 	C:\WINDOWS\SYSTEM32\VERSION.dll
0x00007ff834ef0000 - 0x00007ff834f1d000 	C:\WINDOWS\SYSTEM32\winmmbase.dll
0x00007ff837010000 - 0x00007ff83705a000 	C:\WINDOWS\System32\cfgmgr32.dll
0x00007ff8169c0000 - 0x00007ff8169cf000 	C:\Program Files\Java\jre1.8.0_211\bin\verify.dll
0x00007ff813f80000 - 0x00007ff813fa9000 	C:\Program Files\Java\jre1.8.0_211\bin\java.dll
0x00007ff813f60000 - 0x00007ff813f76000 	C:\Program Files\Java\jre1.8.0_211\bin\zip.dll
0x00007ff839210000 - 0x00007ff8398f7000 	C:\WINDOWS\System32\SHELL32.dll
0x00007ff839d00000 - 0x00007ff839da9000 	C:\WINDOWS\System32\shcore.dll
0x00007ff8377e0000 - 0x00007ff837f60000 	C:\WINDOWS\System32\windows.storage.dll
0x00007ff836fe0000 - 0x00007ff837003000 	C:\WINDOWS\System32\profapi.dll
0x00007ff836f90000 - 0x00007ff836fda000 	C:\WINDOWS\System32\powrprof.dll
0x00007ff836f40000 - 0x00007ff836f50000 	C:\WINDOWS\System32\UMPDC.dll
0x00007ff839ec0000 - 0x00007ff839f12000 	C:\WINDOWS\System32\shlwapi.dll
0x00007ff836f70000 - 0x00007ff836f81000 	C:\WINDOWS\System32\kernel.appcore.dll
0x00007ff837f90000 - 0x00007ff837fa7000 	C:\WINDOWS\System32\cryptsp.dll
0x00007ff8334f0000 - 0x00007ff8334fd000 	C:\Program Files\Java\jre1.8.0_211\bin\management.dll
0x00007ff813f40000 - 0x00007ff813f5a000 	C:\Program Files\Java\jre1.8.0_211\bin\net.dll
0x00007ff82b790000 - 0x00007ff82b966000 	C:\WINDOWS\SYSTEM32\urlmon.dll
0x00007ff82c2a0000 - 0x00007ff82c546000 	C:\WINDOWS\SYSTEM32\iertutil.dll
0x00007ff836860000 - 0x00007ff83686c000 	C:\WINDOWS\SYSTEM32\CRYPTBASE.DLL
0x00007ff8366e0000 - 0x00007ff836747000 	C:\WINDOWS\system32\mswsock.dll
0x00007ff80dc30000 - 0x00007ff80dc46000 	C:\WINDOWS\system32\napinsp.dll
0x00007ff80dc10000 - 0x00007ff80dc2a000 	C:\WINDOWS\system32\pnrpnsp.dll
0x00007ff836440000 - 0x00007ff83650b000 	C:\WINDOWS\SYSTEM32\DNSAPI.dll
0x00007ff838130000 - 0x00007ff838138000 	C:\WINDOWS\System32\NSI.dll
0x00007ff836400000 - 0x00007ff83643a000 	C:\WINDOWS\SYSTEM32\IPHLPAPI.DLL
0x00007ff80dc00000 - 0x00007ff80dc0e000 	C:\WINDOWS\System32\winrnr.dll
0x00007ff833730000 - 0x00007ff83374c000 	C:\WINDOWS\system32\NLAapi.dll
0x00007ff831c20000 - 0x00007ff831c35000 	C:\WINDOWS\system32\wshbth.dll
0x00007ff82ac00000 - 0x00007ff82ac0a000 	C:\Windows\System32\rasadhlp.dll
0x00007ff830170000 - 0x00007ff8301e7000 	C:\WINDOWS\System32\fwpuclnt.dll
0x00007ff837060000 - 0x00007ff837086000 	C:\WINDOWS\System32\bcrypt.dll
0x00007ff813f20000 - 0x00007ff813f32000 	C:\Program Files\Java\jre1.8.0_211\bin\nio.dll
0x00007ff836260000 - 0x00007ff836293000 	C:\WINDOWS\system32\rsaenh.dll
0x00007ff836e60000 - 0x00007ff836e85000 	C:\WINDOWS\SYSTEM32\USERENV.dll
0x00007ff830550000 - 0x00007ff830566000 	C:\WINDOWS\SYSTEM32\dhcpcsvc6.DLL
0x00007ff830490000 - 0x00007ff8304ac000 	C:\WINDOWS\SYSTEM32\dhcpcsvc.DLL

VM Arguments:
jvm_args: -Dfile.encoding=UTF-8 
java_command: com.xnexus.LaflenteApplication
java_class_path (initial): C:\Users\lucas\Documents\Faculdade\xNexus-laflente-backoffice\laflente_backoffice\target\classes;C:\Users\lucas\.m2\repository\org\springframework\boot\spring-boot-starter-web\2.1.14.RELEASE\spring-boot-starter-web-2.1.14.RELEASE.jar;C:\Users\lucas\.m2\repository\org\springframework\boot\spring-boot-starter\2.1.14.RELEASE\spring-boot-starter-2.1.14.RELEASE.jar;C:\Users\lucas\.m2\repository\org\springframework\boot\spring-boot-starter-logging\2.1.14.RELEASE\spring-boot-starter-logging-2.1.14.RELEASE.jar;C:\Users\lucas\.m2\repository\ch\qos\logback\logback-classic\1.2.3\logback-classic-1.2.3.jar;C:\Users\lucas\.m2\repository\ch\qos\logback\logback-core\1.2.3\logback-core-1.2.3.jar;C:\Users\lucas\.m2\repository\org\apache\logging\log4j\log4j-to-slf4j\2.11.2\log4j-to-slf4j-2.11.2.jar;C:\Users\lucas\.m2\repository\org\apache\logging\log4j\log4j-api\2.11.2\log4j-api-2.11.2.jar;C:\Users\lucas\.m2\repository\org\slf4j\jul-to-slf4j\1.7.30\jul-to-slf4j-1.7.30.jar;C:\Users\lucas\.m2\repository\javax\annotation\javax.annotation-api\1.3.2\javax.annotation-api-1.3.2.jar;C:\Users\lucas\.m2\repository\org\yaml\snakeyaml\1.23\snakeyaml-1.23.jar;C:\Users\lucas\.m2\repository\org\springframework\boot\spring-boot-starter-json\2.1.14.RELEASE\spring-boot-starter-json-2.1.14.RELEASE.jar;C:\Users\lucas\.m2\repository\com\fasterxml\jackson\core\jackson-databind\2.9.10.4\jackson-databind-2.9.10.4.jar;C:\Users\lucas\.m2\repository\com\fasterxml\jackson\core\jackson-annotations\2.9.10\jackson-annotations-2.9.10.jar;C:\Users\lucas\.m2\repository\com\fasterxml\jackson\core\jackson-core\2.9.10\jackson-core-2.9.10.jar;C:\Users\lucas\.m2\repository\com\fasterxml\jackson\datatype\jackson-datatype-jdk8\2.9.10\jackson-datatype-jdk8-2.9.10.jar;C:\Users\lucas\.m2\repository\com\fasterxml\jackson\datatype\jackson-datatype-jsr310\2.9.10\jackson-datatype-jsr310-2.9.10.jar;C:\Users\lucas\.m2\repository\com\fasterxml\jackson\module\jackson-module-parameter-names\2.9.10\jackson-mo
Launcher Type: SUN_STANDARD

Environment Variables:
JAVA_HOME=C:\Program Files\Java\jdk1.8.0_201
PATH=C:/Program Files/Java/jre1.8.0_211/bin/server;C:/Program Files/Java/jre1.8.0_211/bin;C:/Program Files/Java/jre1.8.0_211/lib/amd64;C:\python3\Scripts\;C:\python3\;C:\Program Files (x86)\Common Files\Oracle\Java\javapath;C:\Windows\system32;C:\Windows;C:\Windows\System32\Wbem;C:\Windows\System32\WindowsPowerShell\v1.0\;C:\Program Files\NVIDIA Corporation\NVIDIA NvDLISR;C:\Program Files (x86)\NVIDIA Corporation\PhysX\Common;C:\WINDOWS\system32;C:\WINDOWS;C:\WINDOWS\System32\Wbem;C:\WINDOWS\System32\WindowsPowerShell\v1.0\;C:\WINDOWS\System32\OpenSSH\;C:\Program Files\Git\cmd;C:\apache-maven-3.6.1\bin;C:\Program Files\Java\jdk1.8.0_201;C:\Program Files\nodejs\;C:\Program Files\Docker\Docker\resources\bin;C:\ProgramData\DockerDesktop\version-bin;C:\Users\lucas\AppData\Local\Microsoft\WindowsApps;;C:\Users\lucas\AppData\Roaming\npm;E:\heroku\bin;C:\Program Files\JetBrains\IntelliJ IDEA Community Edition 2020.1.3\bin;;E:\Microsoft VS Code\bin;C:\WINDOWS\system32;
USERNAME=lucas
OS=Windows_NT
PROCESSOR_IDENTIFIER=Intel64 Family 6 Model 58 Stepping 9, GenuineIntel



---------------  S Y S T E M  ---------------

OS: Windows 10.0 , 64 bit Build 18362 (10.0.18362.1082)

CPU:total 4 (initial active 4) (4 cores per cpu, 1 threads per core) family 6 model 58 stepping 9, cmov, cx8, fxsr, mmx, sse, sse2, sse3, ssse3, sse4.1, sse4.2, popcnt, avx, aes, clmul, erms, tsc, tscinvbit, tscinv

Memory: 4k page, physical 8260664k(647444k free), swap 8260664k(5380k free)

vm_info: Java HotSpot(TM) 64-Bit Server VM (25.211-b12) for windows-amd64 JRE (1.8.0_211-b12), built on Apr  1 2019 20:53:26 by "java_re" with MS VC++ 10.0 (VS2010)

time: Mon Sep 21 03:52:56 2020
timezone: Hora oficial do Brasil
elapsed time: 3 seconds (0d 0h 0m 3s)

