#
# There is insufficient memory for the Java Runtime Environment to continue.
# Native memory allocation (malloc) failed to allocate 1236496 bytes for Chunk::new
# Possible reasons:
#   The system is out of physical RAM or swap space
#   The process is running with CompressedOops enabled, and the Java Heap may be blocking the growth of the native heap
# Possible solutions:
#   Reduce memory load on the system
#   Increase physical memory or swap space
#   Check if swap backing store is full
#   Decrease Java heap size (-Xmx/-Xms)
#   Decrease number of Java threads
#   Decrease Java thread stack sizes (-Xss)
#   Set larger code cache with -XX:ReservedCodeCacheSize=
#   JVM is running with Unscaled Compressed Oops mode in which the Java heap is
#     placed in the first 4GB address space. The Java Heap base address is the
#     maximum limit for the native heap growth. Please use -XX:HeapBaseMinAddress
#     to set the Java Heap base and to place the Java Heap above 4GB virtual address.
# This output file may be truncated or incomplete.
#
#  Out of Memory Error (allocation.cpp:389), pid=8188, tid=0x000000000000086c
#
# JRE version: Java(TM) SE Runtime Environment (8.0_211-b12) (build 1.8.0_211-b12)
# Java VM: Java HotSpot(TM) 64-Bit Server VM (25.211-b12 mixed mode windows-amd64 compressed oops)
# Failed to write core dump. Minidumps are not enabled by default on client versions of Windows
#

---------------  T H R E A D  ---------------

Current thread (0x0000000018772000):  JavaThread "C2 CompilerThread1" daemon [_thread_in_native, id=2156, stack(0x0000000018b70000,0x0000000018c70000)]

Stack: [0x0000000018b70000,0x0000000018c70000]
[error occurred during error reporting (printing stack bounds), id 0xc0000005]

Native frames: (J=compiled Java code, j=interpreted, Vv=VM code, C=native code)


Current CompileTask:
C2:   4582 3894   !   4       org.springframework.core.annotation.AnnotatedElementUtils::searchWithFindSemantics (774 bytes)


---------------  P R O C E S S  ---------------

Java Threads: ( => current thread )
  0x000000001c445800 JavaThread "Abandoned connection cleanup thread" daemon [_thread_blocked, id=2244, stack(0x000000001cbc0000,0x000000001ccc0000)]
  0x0000000019618800 JavaThread "restartedMain" [_thread_in_vm, id=12180, stack(0x000000001a9a0000,0x000000001aaa0000)]
  0x0000000019b8b000 JavaThread "Thread-0" [_thread_blocked, id=11472, stack(0x000000001a8a0000,0x000000001a9a0000)]
  0x000000001877b000 JavaThread "Service Thread" daemon [_thread_blocked, id=8992, stack(0x0000000018d70000,0x0000000018e70000)]
  0x0000000018776800 JavaThread "C1 CompilerThread2" daemon [_thread_blocked, id=2964, stack(0x0000000018c70000,0x0000000018d70000)]
=>0x0000000018772000 JavaThread "C2 CompilerThread1" daemon [_thread_in_native, id=2156, stack(0x0000000018b70000,0x0000000018c70000)]
  0x0000000017014000 JavaThread "C2 CompilerThread0" daemon [_thread_in_native, id=1348, stack(0x0000000018670000,0x0000000018770000)]
  0x0000000017012000 JavaThread "Attach Listener" daemon [_thread_blocked, id=10724, stack(0x0000000018570000,0x0000000018670000)]
  0x0000000017010800 JavaThread "Signal Dispatcher" daemon [_thread_blocked, id=4892, stack(0x0000000018470000,0x0000000018570000)]
  0x0000000016ffa800 JavaThread "Finalizer" daemon [_thread_blocked, id=5116, stack(0x0000000018260000,0x0000000018360000)]
  0x00000000024e4000 JavaThread "Reference Handler" daemon [_thread_blocked, id=9728, stack(0x0000000018160000,0x0000000018260000)]
  0x00000000023f5800 JavaThread "main" [_thread_blocked, id=6616, stack(0x0000000002210000,0x0000000002310000)]

Other Threads:
  0x0000000016fd8000 VMThread [stack: 0x0000000018060000,0x0000000018160000] [id=12256]
  0x00000000187ce000 WatcherThread [stack: 0x0000000018e70000,0x0000000018f70000] [id=7684]

VM state:not at safepoint (normal execution)

VM Mutex/Monitor currently owned by a thread: None

heap address: 0x0000000081e00000, size: 2018 MB, Compressed Oops mode: 32-bit
Narrow klass base: 0x0000000000000000, Narrow klass shift: 3
Compressed class space size: 1073741824 Address: 0x0000000100000000

Heap:
 PSYoungGen      total 171008K, used 66343K [0x00000000d5f80000, 0x00000000e3580000, 0x0000000100000000)
  eden space 158720K, 41% used [0x00000000d5f80000,0x00000000da049ed8,0x00000000dfa80000)
  from space 12288K, 0% used [0x00000000e0880000,0x00000000e0880000,0x00000000e1480000)
  to   space 14336K, 0% used [0x00000000dfa80000,0x00000000dfa80000,0x00000000e0880000)
 ParOldGen       total 57344K, used 17291K [0x0000000081e00000, 0x0000000085600000, 0x00000000d5f80000)
  object space 57344K, 30% used [0x0000000081e00000,0x0000000082ee2e18,0x0000000085600000)
 Metaspace       used 35391K, capacity 37300K, committed 37504K, reserved 1081344K
  class space    used 4642K, capacity 4985K, committed 4992K, reserved 1048576K

Card table byte_map: [0x00000000118b0000,0x0000000011cb0000] byte_map_base: 0x00000000114a1000

Marking Bits: (ParMarkBitMap*) 0x0000000066615ce0
 Begin Bits: [0x0000000012360000, 0x00000000142e8000)
 End Bits:   [0x00000000142e8000, 0x0000000016270000)

Polling page: 0x0000000000540000

CodeCache: size=245760Kb used=14302Kb max_used=14302Kb free=231457Kb
 bounds [0x00000000024f0000, 0x0000000003300000, 0x00000000114f0000]
 total_blobs=4349 nmethods=3935 adapters=325
 compilation: enabled

Compilation events (10 events):
Event: 4.569 Thread 0x0000000018776800 nmethod 3989 0x00000000032e8810 code [0x00000000032e89a0, 0x00000000032e8df8]
Event: 4.569 Thread 0x0000000018776800 3990       3       org.springframework.aop.aspectj.annotation.AnnotationAwareAspectJAutoProxyCreator::findCandidateAdvisors (28 bytes)
Event: 4.569 Thread 0x0000000018776800 nmethod 3990 0x00000000032e8f50 code [0x00000000032e9100, 0x00000000032e96d8]
Event: 4.569 Thread 0x0000000018776800 3991       3       org.springframework.aop.framework.autoproxy.AbstractAdvisorAutoProxyCreator::findCandidateAdvisors (25 bytes)
Event: 4.570 Thread 0x0000000018776800 nmethod 3991 0x00000000032e9950 code [0x00000000032e9ae0, 0x00000000032e9e98]
Event: 4.570 Thread 0x0000000018776800 3992   !   3       org.springframework.beans.factory.support.AbstractBeanFactory::doResolveBeanClass (284 bytes)
Event: 4.572 Thread 0x0000000018776800 nmethod 3992 0x00000000032ea010 code [0x00000000032ea4c0, 0x00000000032edd68]
Event: 4.576 Thread 0x0000000018776800 3993       3       org.springframework.aop.support.AopUtils::canApply (49 bytes)
Event: 4.576 Thread 0x0000000018776800 nmethod 3993 0x00000000032ef650 code [0x00000000032ef820, 0x00000000032f0078]
Event: 4.581 Thread 0x0000000018776800 3994       1       org.springframework.cglib.core.Block::getCodeEmitter (5 bytes)

GC Heap History (10 events):
Event: 1.315 GC heap before
{Heap before GC invocations=6 (full 1):
 PSYoungGen      total 71680K, used 5107K [0x00000000d5f80000, 0x00000000df480000, 0x0000000100000000)
  eden space 66560K, 0% used [0x00000000d5f80000,0x00000000d5f80000,0x00000000da080000)
  from space 5120K, 99% used [0x00000000da080000,0x00000000da57ccc8,0x00000000da580000)
  to   space 9728K, 0% used [0x00000000deb00000,0x00000000deb00000,0x00000000df480000)
 ParOldGen       total 87552K, used 6192K [0x0000000081e00000, 0x0000000087380000, 0x00000000d5f80000)
  object space 87552K, 7% used [0x0000000081e00000,0x000000008240c2b8,0x0000000087380000)
 Metaspace       used 20600K, capacity 21246K, committed 21296K, reserved 1067008K
  class space    used 2708K, capacity 2898K, committed 2944K, reserved 1048576K
Event: 1.338 GC heap after
Heap after GC invocations=6 (full 1):
 PSYoungGen      total 71680K, used 0K [0x00000000d5f80000, 0x00000000df480000, 0x0000000100000000)
  eden space 66560K, 0% used [0x00000000d5f80000,0x00000000d5f80000,0x00000000da080000)
  from space 5120K, 0% used [0x00000000da080000,0x00000000da080000,0x00000000da580000)
  to   space 9728K, 0% used [0x00000000deb00000,0x00000000deb00000,0x00000000df480000)
 ParOldGen       total 57344K, used 7051K [0x0000000081e00000, 0x0000000085600000, 0x00000000d5f80000)
  object space 57344K, 12% used [0x0000000081e00000,0x00000000824e2f50,0x0000000085600000)
 Metaspace       used 20600K, capacity 21246K, committed 21296K, reserved 1067008K
  class space    used 2708K, capacity 2898K, committed 2944K, reserved 1048576K
}
Event: 1.716 GC heap before
{Heap before GC invocations=7 (full 1):
 PSYoungGen      total 71680K, used 66560K [0x00000000d5f80000, 0x00000000df480000, 0x0000000100000000)
  eden space 66560K, 100% used [0x00000000d5f80000,0x00000000da080000,0x00000000da080000)
  from space 5120K, 0% used [0x00000000da080000,0x00000000da080000,0x00000000da580000)
  to   space 9728K, 0% used [0x00000000deb00000,0x00000000deb00000,0x00000000df480000)
 ParOldGen       total 57344K, used 7051K [0x0000000081e00000, 0x0000000085600000, 0x00000000d5f80000)
  object space 57344K, 12% used [0x0000000081e00000,0x00000000824e2f50,0x0000000085600000)
 Metaspace       used 23580K, capacity 24292K, committed 24576K, reserved 1071104K
  class space    used 3058K, capacity 3259K, committed 3328K, reserved 1048576K
Event: 1.721 GC heap after
Heap after GC invocations=7 (full 1):
 PSYoungGen      total 108544K, used 3306K [0x00000000d5f80000, 0x00000000dee80000, 0x0000000100000000)
  eden space 104960K, 0% used [0x00000000d5f80000,0x00000000d5f80000,0x00000000dc600000)
  from space 3584K, 92% used [0x00000000deb00000,0x00000000dee3aa40,0x00000000dee80000)
  to   space 9728K, 0% used [0x00000000ddb80000,0x00000000ddb80000,0x00000000de500000)
 ParOldGen       total 57344K, used 7123K [0x0000000081e00000, 0x0000000085600000, 0x00000000d5f80000)
  object space 57344K, 12% used [0x0000000081e00000,0x00000000824f4f60,0x0000000085600000)
 Metaspace       used 23580K, capacity 24292K, committed 24576K, reserved 1071104K
  class space    used 3058K, capacity 3259K, committed 3328K, reserved 1048576K
}
Event: 2.998 GC heap before
{Heap before GC invocations=8 (full 1):
 PSYoungGen      total 108544K, used 108266K [0x00000000d5f80000, 0x00000000dee80000, 0x0000000100000000)
  eden space 104960K, 100% used [0x00000000d5f80000,0x00000000dc600000,0x00000000dc600000)
  from space 3584K, 92% used [0x00000000deb00000,0x00000000dee3aa40,0x00000000dee80000)
  to   space 9728K, 0% used [0x00000000ddb80000,0x00000000ddb80000,0x00000000de500000)
 ParOldGen       total 57344K, used 7123K [0x0000000081e00000, 0x0000000085600000, 0x00000000d5f80000)
  object space 57344K, 12% used [0x0000000081e00000,0x00000000824f4f60,0x0000000085600000)
 Metaspace       used 28265K, capacity 29374K, committed 29568K, reserved 1075200K
  class space    used 3721K, capacity 3959K, committed 3968K, reserved 1048576K
Event: 3.009 GC heap after
Heap after GC invocations=8 (full 1):
 PSYoungGen      total 136704K, used 9710K [0x00000000d5f80000, 0x00000000e1480000, 0x0000000100000000)
  eden space 126976K, 0% used [0x00000000d5f80000,0x00000000d5f80000,0x00000000ddb80000)
  from space 9728K, 99% used [0x00000000ddb80000,0x00000000de4fb928,0x00000000de500000)
  to   space 12288K, 0% used [0x00000000e0880000,0x00000000e0880000,0x00000000e1480000)
 ParOldGen       total 57344K, used 8772K [0x0000000081e00000, 0x0000000085600000, 0x00000000d5f80000)
  object space 57344K, 15% used [0x0000000081e00000,0x0000000082691150,0x0000000085600000)
 Metaspace       used 28265K, capacity 29374K, committed 29568K, reserved 1075200K
  class space    used 3721K, capacity 3959K, committed 3968K, reserved 1048576K
}
Event: 4.072 GC heap before
{Heap before GC invocations=9 (full 1):
 PSYoungGen      total 136704K, used 112274K [0x00000000d5f80000, 0x00000000e1480000, 0x0000000100000000)
  eden space 126976K, 80% used [0x00000000d5f80000,0x00000000dc3a8f58,0x00000000ddb80000)
  from space 9728K, 99% used [0x00000000ddb80000,0x00000000de4fb928,0x00000000de500000)
  to   space 12288K, 0% used [0x00000000e0880000,0x00000000e0880000,0x00000000e1480000)
 ParOldGen       total 57344K, used 8772K [0x0000000081e00000, 0x0000000085600000, 0x00000000d5f80000)
  object space 57344K, 15% used [0x0000000081e00000,0x0000000082691150,0x0000000085600000)
 Metaspace       used 33670K, capacity 35352K, committed 35456K, reserved 1079296K
  class space    used 4398K, capacity 4709K, committed 4736K, reserved 1048576K
Event: 4.083 GC heap after
Heap after GC invocations=9 (full 1):
 PSYoungGen      total 171008K, used 12261K [0x00000000d5f80000, 0x00000000e3580000, 0x0000000100000000)
  eden space 158720K, 0% used [0x00000000d5f80000,0x00000000d5f80000,0x00000000dfa80000)
  from space 12288K, 99% used [0x00000000e0880000,0x00000000e1479770,0x00000000e1480000)
  to   space 14336K, 0% used [0x00000000dfa80000,0x00000000dfa80000,0x00000000e0880000)
 ParOldGen       total 57344K, used 9711K [0x0000000081e00000, 0x0000000085600000, 0x00000000d5f80000)
  object space 57344K, 16% used [0x0000000081e00000,0x000000008277bc88,0x0000000085600000)
 Metaspace       used 33670K, capacity 35352K, committed 35456K, reserved 1079296K
  class space    used 4398K, capacity 4709K, committed 4736K, reserved 1048576K
}
Event: 4.083 GC heap before
{Heap before GC invocations=10 (full 2):
 PSYoungGen      total 171008K, used 12261K [0x00000000d5f80000, 0x00000000e3580000, 0x0000000100000000)
  eden space 158720K, 0% used [0x00000000d5f80000,0x00000000d5f80000,0x00000000dfa80000)
  from space 12288K, 99% used [0x00000000e0880000,0x00000000e1479770,0x00000000e1480000)
  to   space 14336K, 0% used [0x00000000dfa80000,0x00000000dfa80000,0x00000000e0880000)
 ParOldGen       total 57344K, used 9711K [0x0000000081e00000, 0x0000000085600000, 0x00000000d5f80000)
  object space 57344K, 16% used [0x0000000081e00000,0x000000008277bc88,0x0000000085600000)
 Metaspace       used 33670K, capacity 35352K, committed 35456K, reserved 1079296K
  class space    used 4398K, capacity 4709K, committed 4736K, reserved 1048576K
Event: 4.150 GC heap after
Heap after GC invocations=10 (full 2):
 PSYoungGen      total 171008K, used 0K [0x00000000d5f80000, 0x00000000e3580000, 0x0000000100000000)
  eden space 158720K, 0% used [0x00000000d5f80000,0x00000000d5f80000,0x00000000dfa80000)
  from space 12288K, 0% used [0x00000000e0880000,0x00000000e0880000,0x00000000e1480000)
  to   space 14336K, 0% used [0x00000000dfa80000,0x00000000dfa80000,0x00000000e0880000)
 ParOldGen       total 57344K, used 17291K [0x0000000081e00000, 0x0000000085600000, 0x00000000d5f80000)
  object space 57344K, 30% used [0x0000000081e00000,0x0000000082ee2e18,0x0000000085600000)
 Metaspace       used 33670K, capacity 35352K, committed 35456K, reserved 1079296K
  class space    used 4398K, capacity 4709K, committed 4736K, reserved 1048576K
}

Deoptimization events (10 events):
Event: 4.353 Thread 0x0000000019618800 Uncommon trap: reason=unstable_if action=reinterpret pc=0x0000000002e68370 method=jdk.internal.org.objectweb.asm.Type.getArgumentsAndReturnSizes(Ljava/lang/String;)I @ 41
Event: 4.356 Thread 0x0000000019618800 Uncommon trap: reason=speculate_class_check action=maybe_recompile pc=0x0000000002628598 method=java.util.AbstractList.listIterator()Ljava/util/ListIterator; @ 2
Event: 4.357 Thread 0x0000000019618800 Uncommon trap: reason=speculate_class_check action=maybe_recompile pc=0x0000000002628598 method=java.util.AbstractList.listIterator()Ljava/util/ListIterator; @ 2
Event: 4.358 Thread 0x0000000019618800 Uncommon trap: reason=speculate_class_check action=maybe_recompile pc=0x0000000002628598 method=java.util.AbstractList.listIterator()Ljava/util/ListIterator; @ 2
Event: 4.359 Thread 0x0000000019618800 Uncommon trap: reason=speculate_class_check action=maybe_recompile pc=0x0000000002628598 method=java.util.AbstractList.listIterator()Ljava/util/ListIterator; @ 2
Event: 4.418 Thread 0x0000000019618800 Uncommon trap: reason=unstable_if action=reinterpret pc=0x0000000003167ca8 method=org.springframework.beans.factory.support.AbstractBeanFactory.isTypeMatch(Ljava/lang/String;Lorg/springframework/core/ResolvableType;)Z @ 508
Event: 4.515 Thread 0x0000000019618800 Uncommon trap: reason=unstable_if action=reinterpret pc=0x0000000002c00e7c method=org.springframework.util.ObjectUtils.nullSafeEquals(Ljava/lang/Object;Ljava/lang/Object;)Z @ 8
Event: 4.515 Thread 0x0000000019618800 Uncommon trap: reason=unstable_if action=reinterpret pc=0x000000000315d3f0 method=org.springframework.boot.context.properties.source.ConfigurationPropertyName.equals(Ljava/lang/Object;)Z @ 8
Event: 4.515 Thread 0x0000000019618800 Uncommon trap: reason=unstable_if action=reinterpret pc=0x00000000028a907c method=java.util.HashMap.getNode(ILjava/lang/Object;)Ljava/util/HashMap$Node; @ 129
Event: 4.521 Thread 0x0000000019618800 Uncommon trap: reason=unstable_if action=reinterpret pc=0x000000000276150c method=java.lang.AbstractStringBuilder.append(Ljava/lang/String;)Ljava/lang/AbstractStringBuilder; @ 1

Classes redefined (0 events):
No events

Internal exceptions (10 events):
Event: 4.523 Thread 0x0000000019618800 Implicit null exception at 0x0000000002c35c0d to 0x0000000002c3617c
Event: 4.523 Thread 0x0000000019618800 Exception <a 'java/lang/NullPointerException'> (0x00000000d9bddba8) thrown at [C:\re\workspace\8-2-build-windows-amd64-cygwin\jdk8u211\12973\hotspot\src\share\vm\runtime\sharedRuntime.cpp, line 605]
Event: 4.523 Thread 0x0000000019618800 Implicit null exception at 0x0000000002c35c0d to 0x0000000002c3617c
Event: 4.523 Thread 0x0000000019618800 Exception <a 'java/lang/NullPointerException'> (0x00000000d9bdf098) thrown at [C:\re\workspace\8-2-build-windows-amd64-cygwin\jdk8u211\12973\hotspot\src\share\vm\runtime\sharedRuntime.cpp, line 605]
Event: 4.523 Thread 0x0000000019618800 Implicit null exception at 0x0000000002c35c0d to 0x0000000002c3617c
Event: 4.523 Thread 0x0000000019618800 Exception <a 'java/lang/NullPointerException'> (0x00000000d9be05e8) thrown at [C:\re\workspace\8-2-build-windows-amd64-cygwin\jdk8u211\12973\hotspot\src\share\vm\runtime\sharedRuntime.cpp, line 605]
Event: 4.525 Thread 0x0000000019618800 Implicit null exception at 0x0000000002c35c0d to 0x0000000002c3617c
Event: 4.525 Thread 0x0000000019618800 Exception <a 'java/lang/NullPointerException'> (0x00000000d9be2980) thrown at [C:\re\workspace\8-2-build-windows-amd64-cygwin\jdk8u211\12973\hotspot\src\share\vm\runtime\sharedRuntime.cpp, line 605]
Event: 4.526 Thread 0x0000000019618800 Implicit null exception at 0x0000000002c35c0d to 0x0000000002c3617c
Event: 4.526 Thread 0x0000000019618800 Exception <a 'java/lang/NullPointerException'> (0x00000000d9be3ed0) thrown at [C:\re\workspace\8-2-build-windows-amd64-cygwin\jdk8u211\12973\hotspot\src\share\vm\runtime\sharedRuntime.cpp, line 605]

Events (10 events):
Event: 4.576 loading class reactor/core/publisher/Flux
Event: 4.576 loading class reactor/core/publisher/Flux done
Event: 4.577 loading class reactor/core/publisher$Flux
Event: 4.577 loading class reactor/core/publisher$Flux done
Event: 4.578 loading class org/springframework/boot/actuate/health/HealthIndicatorRegistryFactory
Event: 4.578 loading class org/springframework/boot/actuate/health/HealthIndicatorRegistryFactory done
Event: 4.578 loading class org/springframework/boot/actuate/health/HealthIndicatorNameFactory
Event: 4.578 loading class org/springframework/boot/actuate/health/HealthIndicatorNameFactory done
Event: 4.579 loading class org/springframework/boot/actuate/health/DefaultHealthIndicatorRegistry
Event: 4.579 loading class org/springframework/boot/actuate/health/DefaultHealthIndicatorRegistry done


Dynamic libraries:
0x00007ff7ed860000 - 0x00007ff7ed897000 	C:\Program Files\Java\jre1.8.0_211\bin\javaw.exe
0x00007ff916e00000 - 0x00007ff916ff0000 	C:\WINDOWS\SYSTEM32\ntdll.dll
0x00007ff9158d0000 - 0x00007ff915982000 	C:\WINDOWS\System32\KERNEL32.DLL
0x00007ff913d90000 - 0x00007ff914035000 	C:\WINDOWS\System32\KERNELBASE.dll
0x00007ff916500000 - 0x00007ff9165a3000 	C:\WINDOWS\System32\ADVAPI32.dll
0x00007ff915400000 - 0x00007ff91549e000 	C:\WINDOWS\System32\msvcrt.dll
0x00007ff915fa0000 - 0x00007ff916037000 	C:\WINDOWS\System32\sechost.dll
0x00007ff915570000 - 0x00007ff915690000 	C:\WINDOWS\System32\RPCRT4.dll
0x00007ff915e00000 - 0x00007ff915f95000 	C:\WINDOWS\System32\USER32.dll
0x00007ff914430000 - 0x00007ff914451000 	C:\WINDOWS\System32\win32u.dll
0x00007ff915c80000 - 0x00007ff915ca6000 	C:\WINDOWS\System32\GDI32.dll
0x00007ff914290000 - 0x00007ff914426000 	C:\WINDOWS\System32\gdi32full.dll
0x00007ff914e10000 - 0x00007ff914eae000 	C:\WINDOWS\System32\msvcp_win.dll
0x00007ff914160000 - 0x00007ff91425a000 	C:\WINDOWS\System32\ucrtbase.dll
0x00007ff9071e0000 - 0x00007ff907464000 	C:\WINDOWS\WinSxS\amd64_microsoft.windows.common-controls_6595b64144ccf1df_6.0.18362.1082_none_9e8193e1e45b25c1\COMCTL32.dll
0x00007ff9161a0000 - 0x00007ff9164d5000 	C:\WINDOWS\System32\combase.dll
0x00007ff914be0000 - 0x00007ff914c60000 	C:\WINDOWS\System32\bcryptPrimitives.dll
0x00007ff914eb0000 - 0x00007ff914ede000 	C:\WINDOWS\System32\IMM32.DLL
0x0000000065c30000 - 0x0000000065d02000 	C:\Program Files\Java\jre1.8.0_211\bin\msvcr100.dll
0x0000000065df0000 - 0x0000000066695000 	C:\Program Files\Java\jre1.8.0_211\bin\server\jvm.dll
0x00007ff9158c0000 - 0x00007ff9158c8000 	C:\WINDOWS\System32\PSAPI.DLL
0x00007ff910600000 - 0x00007ff910609000 	C:\WINDOWS\SYSTEM32\WSOCK32.dll
0x00007ff911ca0000 - 0x00007ff911cc4000 	C:\WINDOWS\SYSTEM32\WINMM.dll
0x00007ff9165b0000 - 0x00007ff91661f000 	C:\WINDOWS\System32\WS2_32.dll
0x00007ff90b7f0000 - 0x00007ff90b7fa000 	C:\WINDOWS\SYSTEM32\VERSION.dll
0x00007ff911c20000 - 0x00007ff911c4d000 	C:\WINDOWS\SYSTEM32\WINMMBASE.dll
0x00007ff914110000 - 0x00007ff91415a000 	C:\WINDOWS\System32\cfgmgr32.dll
0x00007ff9104d0000 - 0x00007ff9104df000 	C:\Program Files\Java\jre1.8.0_211\bin\verify.dll
0x00007ff8f5c00000 - 0x00007ff8f5c29000 	C:\Program Files\Java\jre1.8.0_211\bin\java.dll
0x00007ff904420000 - 0x00007ff904436000 	C:\Program Files\Java\jre1.8.0_211\bin\zip.dll
0x00007ff916620000 - 0x00007ff916d07000 	C:\WINDOWS\System32\SHELL32.dll
0x00007ff916d10000 - 0x00007ff916db9000 	C:\WINDOWS\System32\shcore.dll
0x00007ff914460000 - 0x00007ff914be0000 	C:\WINDOWS\System32\windows.storage.dll
0x00007ff913d60000 - 0x00007ff913d83000 	C:\WINDOWS\System32\profapi.dll
0x00007ff913d10000 - 0x00007ff913d5a000 	C:\WINDOWS\System32\powrprof.dll
0x00007ff913cc0000 - 0x00007ff913cd0000 	C:\WINDOWS\System32\UMPDC.dll
0x00007ff915860000 - 0x00007ff9158b2000 	C:\WINDOWS\System32\shlwapi.dll
0x00007ff913cf0000 - 0x00007ff913d01000 	C:\WINDOWS\System32\kernel.appcore.dll
0x00007ff914040000 - 0x00007ff914057000 	C:\WINDOWS\System32\cryptsp.dll
0x00007ff908810000 - 0x00007ff90881d000 	C:\Program Files\Java\jre1.8.0_211\bin\management.dll
0x00007ff8f9720000 - 0x00007ff8f973a000 	C:\Program Files\Java\jre1.8.0_211\bin\net.dll
0x00007ff9082b0000 - 0x00007ff908486000 	C:\WINDOWS\SYSTEM32\urlmon.dll
0x00007ff907fd0000 - 0x00007ff908276000 	C:\WINDOWS\SYSTEM32\iertutil.dll
0x00007ff9135e0000 - 0x00007ff9135ec000 	C:\WINDOWS\SYSTEM32\CRYPTBASE.DLL
0x00007ff913460000 - 0x00007ff9134c7000 	C:\WINDOWS\system32\mswsock.dll
0x00007ff8f47b0000 - 0x00007ff8f47c6000 	C:\WINDOWS\system32\napinsp.dll
0x00007ff8f4790000 - 0x00007ff8f47aa000 	C:\WINDOWS\system32\pnrpnsp.dll
0x00007ff9131c0000 - 0x00007ff91328b000 	C:\WINDOWS\SYSTEM32\DNSAPI.dll
0x00007ff915690000 - 0x00007ff915698000 	C:\WINDOWS\System32\NSI.dll
0x00007ff913180000 - 0x00007ff9131ba000 	C:\WINDOWS\SYSTEM32\IPHLPAPI.DLL
0x00007ff8f5e80000 - 0x00007ff8f5e8e000 	C:\WINDOWS\System32\winrnr.dll
0x00007ff910490000 - 0x00007ff9104ac000 	C:\WINDOWS\system32\NLAapi.dll
0x00007ff90f9f0000 - 0x00007ff90fa05000 	C:\WINDOWS\system32\wshbth.dll
0x00007ff90b090000 - 0x00007ff90b09a000 	C:\Windows\System32\rasadhlp.dll
0x00007ff90d200000 - 0x00007ff90d277000 	C:\WINDOWS\System32\fwpuclnt.dll
0x00007ff914260000 - 0x00007ff914286000 	C:\WINDOWS\System32\bcrypt.dll
0x00007ff8f7c50000 - 0x00007ff8f7c62000 	C:\Program Files\Java\jre1.8.0_211\bin\nio.dll
0x00007ff912fe0000 - 0x00007ff913013000 	C:\WINDOWS\system32\rsaenh.dll
0x00007ff913be0000 - 0x00007ff913c05000 	C:\WINDOWS\SYSTEM32\USERENV.dll
0x00007ff90d510000 - 0x00007ff90d526000 	C:\WINDOWS\SYSTEM32\dhcpcsvc6.DLL
0x00007ff90d490000 - 0x00007ff90d4ac000 	C:\WINDOWS\SYSTEM32\dhcpcsvc.DLL

VM Arguments:
jvm_args: -Dfile.encoding=UTF-8 
java_command: com.xnexus.LaflenteApplication
java_class_path (initial): C:\Users\lucas\Documents\Faculdade\xNexus-laflente-backoffice\laflente_backoffice\target\classes;C:\Users\lucas\.m2\repository\org\springframework\boot\spring-boot-starter-web\2.1.14.RELEASE\spring-boot-starter-web-2.1.14.RELEASE.jar;C:\Users\lucas\.m2\repository\org\springframework\boot\spring-boot-starter\2.1.14.RELEASE\spring-boot-starter-2.1.14.RELEASE.jar;C:\Users\lucas\.m2\repository\org\springframework\boot\spring-boot-starter-logging\2.1.14.RELEASE\spring-boot-starter-logging-2.1.14.RELEASE.jar;C:\Users\lucas\.m2\repository\ch\qos\logback\logback-classic\1.2.3\logback-classic-1.2.3.jar;C:\Users\lucas\.m2\repository\ch\qos\logback\logback-core\1.2.3\logback-core-1.2.3.jar;C:\Users\lucas\.m2\repository\org\apache\logging\log4j\log4j-to-slf4j\2.11.2\log4j-to-slf4j-2.11.2.jar;C:\Users\lucas\.m2\repository\org\apache\logging\log4j\log4j-api\2.11.2\log4j-api-2.11.2.jar;C:\Users\lucas\.m2\repository\org\slf4j\jul-to-slf4j\1.7.30\jul-to-slf4j-1.7.30.jar;C:\Users\lucas\.m2\repository\javax\annotation\javax.annotation-api\1.3.2\javax.annotation-api-1.3.2.jar;C:\Users\lucas\.m2\repository\org\yaml\snakeyaml\1.23\snakeyaml-1.23.jar;C:\Users\lucas\.m2\repository\org\springframework\boot\spring-boot-starter-json\2.1.14.RELEASE\spring-boot-starter-json-2.1.14.RELEASE.jar;C:\Users\lucas\.m2\repository\com\fasterxml\jackson\core\jackson-databind\2.9.10.4\jackson-databind-2.9.10.4.jar;C:\Users\lucas\.m2\repository\com\fasterxml\jackson\core\jackson-annotations\2.9.10\jackson-annotations-2.9.10.jar;C:\Users\lucas\.m2\repository\com\fasterxml\jackson\core\jackson-core\2.9.10\jackson-core-2.9.10.jar;C:\Users\lucas\.m2\repository\com\fasterxml\jackson\datatype\jackson-datatype-jdk8\2.9.10\jackson-datatype-jdk8-2.9.10.jar;C:\Users\lucas\.m2\repository\com\fasterxml\jackson\datatype\jackson-datatype-jsr310\2.9.10\jackson-datatype-jsr310-2.9.10.jar;C:\Users\lucas\.m2\repository\com\fasterxml\jackson\module\jackson-module-parameter-names\2.9.10\jackson-mo
Launcher Type: SUN_STANDARD

Environment Variables:
JAVA_HOME=C:\Program Files\Java\jdk1.8.0_201
PATH=C:/Program Files/Java/jre1.8.0_211/bin/server;C:/Program Files/Java/jre1.8.0_211/bin;C:/Program Files/Java/jre1.8.0_211/lib/amd64;C:\python3\Scripts\;C:\python3\;C:\Program Files (x86)\Common Files\Oracle\Java\javapath;C:\Windows\system32;C:\Windows;C:\Windows\System32\Wbem;C:\Windows\System32\WindowsPowerShell\v1.0\;C:\Program Files\NVIDIA Corporation\NVIDIA NvDLISR;C:\Program Files (x86)\NVIDIA Corporation\PhysX\Common;C:\WINDOWS\system32;C:\WINDOWS;C:\WINDOWS\System32\Wbem;C:\WINDOWS\System32\WindowsPowerShell\v1.0\;C:\WINDOWS\System32\OpenSSH\;C:\Program Files\Git\cmd;C:\apache-maven-3.6.1\bin;C:\Program Files\Java\jdk1.8.0_201;C:\Program Files\nodejs\;C:\Program Files\Docker\Docker\resources\bin;C:\ProgramData\DockerDesktop\version-bin;C:\Users\lucas\AppData\Local\Microsoft\WindowsApps;;C:\Users\lucas\AppData\Roaming\npm;E:\heroku\bin;C:\Program Files\JetBrains\IntelliJ IDEA Community Edition 2020.1.3\bin;;E:\Microsoft VS Code\bin;C:\WINDOWS\system32;
USERNAME=lucas
OS=Windows_NT
PROCESSOR_IDENTIFIER=Intel64 Family 6 Model 58 Stepping 9, GenuineIntel



---------------  S Y S T E M  ---------------

OS: Windows 10.0 , 64 bit Build 18362 (10.0.18362.1082)

CPU:total 4 (initial active 4) (4 cores per cpu, 1 threads per core) family 6 model 58 stepping 9, cmov, cx8, fxsr, mmx, sse, sse2, sse3, ssse3, sse4.1, sse4.2, popcnt, avx, aes, clmul, erms, tsc, tscinvbit, tscinv

Memory: 4k page, physical 8260664k(688128k free), swap 8260664k(5268k free)

vm_info: Java HotSpot(TM) 64-Bit Server VM (25.211-b12) for windows-amd64 JRE (1.8.0_211-b12), built on Apr  1 2019 20:53:26 by "java_re" with MS VC++ 10.0 (VS2010)

time: Sun Sep 20 20:36:31 2020
timezone: Hora oficial do Brasil
elapsed time: 4 seconds (0d 0h 0m 4s)

