#
# There is insufficient memory for the Java Runtime Environment to continue.
# Native memory allocation (malloc) failed to allocate 558336 bytes for Chunk::new
# Possible reasons:
#   The system is out of physical RAM or swap space
#   The process is running with CompressedOops enabled, and the Java Heap may be blocking the growth of the native heap
# Possible solutions:
#   Reduce memory load on the system
#   Increase physical memory or swap space
#   Check if swap backing store is full
#   Decrease Java heap size (-Xmx/-Xms)
#   Decrease number of Java threads
#   Decrease Java thread stack sizes (-Xss)
#   Set larger code cache with -XX:ReservedCodeCacheSize=
#   JVM is running with Unscaled Compressed Oops mode in which the Java heap is
#     placed in the first 4GB address space. The Java Heap base address is the
#     maximum limit for the native heap growth. Please use -XX:HeapBaseMinAddress
#     to set the Java Heap base and to place the Java Heap above 4GB virtual address.
# This output file may be truncated or incomplete.
#
#  Out of Memory Error (allocation.cpp:389), pid=6872, tid=0x00000000000026fc
#
# JRE version: Java(TM) SE Runtime Environment (8.0_211-b12) (build 1.8.0_211-b12)
# Java VM: Java HotSpot(TM) 64-Bit Server VM (25.211-b12 mixed mode windows-amd64 compressed oops)
# Failed to write core dump. Minidumps are not enabled by default on client versions of Windows
#

---------------  T H R E A D  ---------------

Current thread (0x0000000017256000):  JavaThread "C2 CompilerThread0" daemon [_thread_in_native, id=9980, stack(0x00000000188d0000,0x00000000189d0000)]

Stack: [0x00000000188d0000,0x00000000189d0000]
[error occurred during error reporting (printing stack bounds), id 0xc0000005]

Native frames: (J=compiled Java code, j=interpreted, Vv=VM code, C=native code)


Current CompileTask:
C2:   6286 4898       4       org.springframework.beans.factory.support.AbstractBeanFactory::isTypeMatch (547 bytes)


---------------  P R O C E S S  ---------------

Java Threads: ( => current thread )
  0x000000001cbbe000 JavaThread "HikariPool-1 connection adder" daemon [_thread_blocked, id=9104, stack(0x000000001fb60000,0x000000001fc60000)]
  0x000000001cbbc800 JavaThread "HikariPool-1 housekeeper" daemon [_thread_blocked, id=8160, stack(0x000000001fa60000,0x000000001fb60000)]
  0x000000001cbc0000 JavaThread "container-0" [_thread_blocked, id=3288, stack(0x00000000200e0000,0x00000000201e0000)]
  0x000000001cbbe800 JavaThread "Catalina-utility-2" [_thread_blocked, id=4892, stack(0x000000001ffe0000,0x00000000200e0000)]
  0x000000001cbc1000 JavaThread "Catalina-utility-1" [_thread_blocked, id=5184, stack(0x000000001fee0000,0x000000001ffe0000)]
  0x000000001cbbf800 JavaThread "Abandoned connection cleanup thread" daemon [_thread_blocked, id=11660, stack(0x000000001ce20000,0x000000001cf20000)]
  0x00000000196e9000 JavaThread "restartedMain" [_thread_in_vm, id=10508, stack(0x000000001ac00000,0x000000001ad00000)]
  0x00000000196e8000 JavaThread "Thread-0" [_thread_blocked, id=7312, stack(0x000000001ab00000,0x000000001ac00000)]
  0x0000000018c04000 JavaThread "Service Thread" daemon [_thread_blocked, id=2964, stack(0x0000000018fd0000,0x00000000190d0000)]
  0x0000000017269800 JavaThread "C1 CompilerThread2" daemon [_thread_blocked, id=12192, stack(0x0000000018ad0000,0x0000000018bd0000)]
  0x0000000017259000 JavaThread "C2 CompilerThread1" daemon [_thread_in_native, id=4196, stack(0x00000000189d0000,0x0000000018ad0000)]
=>0x0000000017256000 JavaThread "C2 CompilerThread0" daemon [_thread_in_native, id=9980, stack(0x00000000188d0000,0x00000000189d0000)]
  0x0000000017254000 JavaThread "Attach Listener" daemon [_thread_blocked, id=4872, stack(0x00000000187d0000,0x00000000188d0000)]
  0x0000000017252800 JavaThread "Signal Dispatcher" daemon [_thread_blocked, id=10840, stack(0x00000000186d0000,0x00000000187d0000)]
  0x0000000017240000 JavaThread "Finalizer" daemon [_thread_blocked, id=2336, stack(0x00000000184c0000,0x00000000185c0000)]
  0x0000000002725000 JavaThread "Reference Handler" daemon [_thread_blocked, id=6704, stack(0x00000000183c0000,0x00000000184c0000)]
  0x0000000002635800 JavaThread "main" [_thread_blocked, id=1600, stack(0x0000000002470000,0x0000000002570000)]

Other Threads:
  0x0000000017218000 VMThread [stack: 0x00000000182c0000,0x00000000183c0000] [id=2016]
  0x0000000018c4d000 WatcherThread [stack: 0x00000000190d0000,0x00000000191d0000] [id=6368]

VM state:not at safepoint (normal execution)

VM Mutex/Monitor currently owned by a thread: None

heap address: 0x0000000081e00000, size: 2018 MB, Compressed Oops mode: 32-bit
Narrow klass base: 0x0000000000000000, Narrow klass shift: 3
Compressed class space size: 1073741824 Address: 0x0000000100000000

Heap:
 PSYoungGen      total 168448K, used 143936K [0x00000000d5f80000, 0x00000000e3b80000, 0x0000000100000000)
  eden space 154112K, 84% used [0x00000000d5f80000,0x00000000ddf1b588,0x00000000df600000)
  from space 14336K, 92% used [0x00000000df600000,0x00000000e02f4bd0,0x00000000e0400000)
  to   space 16384K, 0% used [0x00000000e2b80000,0x00000000e2b80000,0x00000000e3b80000)
 ParOldGen       total 94208K, used 17390K [0x0000000081e00000, 0x0000000087a00000, 0x00000000d5f80000)
  object space 94208K, 18% used [0x0000000081e00000,0x0000000082efb8c8,0x0000000087a00000)
 Metaspace       used 55586K, capacity 58216K, committed 58368K, reserved 1099776K
  class space    used 7675K, capacity 8172K, committed 8192K, reserved 1048576K

Card table byte_map: [0x0000000011af0000,0x0000000011ef0000] byte_map_base: 0x00000000116e1000

Marking Bits: (ParMarkBitMap*) 0x0000000066635ce0
 Begin Bits: [0x00000000125a0000, 0x0000000014528000)
 End Bits:   [0x0000000014528000, 0x00000000164b0000)

Polling page: 0x0000000002570000

CodeCache: size=245760Kb used=16371Kb max_used=16371Kb free=229388Kb
 bounds [0x0000000002730000, 0x0000000003740000, 0x0000000011730000]
 total_blobs=5010 nmethods=4460 adapters=462
 compilation: enabled

Compilation events (10 events):
Event: 6.270 Thread 0x0000000017269800 4939       2       java.beans.Introspector::addPropertyDescriptor (265 bytes)
Event: 6.272 Thread 0x0000000017269800 nmethod 4939 0x000000000372d410 code [0x000000000372d6e0, 0x000000000372e538]
Event: 6.283 Thread 0x0000000017269800 4940       2       org.springframework.core.ResolvableType::forRawClass (10 bytes)
Event: 6.283 Thread 0x0000000017269800 nmethod 4940 0x000000000372cfd0 code [0x000000000372d140, 0x000000000372d328]
Event: 6.283 Thread 0x0000000017269800 4941       2       org.springframework.core.ResolvableType$1::<init> (12 bytes)
Event: 6.284 Thread 0x0000000017269800 nmethod 4941 0x000000000372cc10 code [0x000000000372cd80, 0x000000000372cf08]
Event: 6.285 Thread 0x0000000017269800 4942       2       org.springframework.boot.web.servlet.context.WebApplicationContextServletContextAwareProcessor::getServletConfig (23 bytes)
Event: 6.285 Thread 0x0000000017269800 nmethod 4942 0x000000000372c890 code [0x000000000372ca00, 0x000000000372cb88]
Event: 6.285 Thread 0x0000000017269800 4943       2       org.springframework.aop.framework.AbstractAdvisingBeanPostProcessor::isEligible (61 bytes)
Event: 6.285 Thread 0x0000000017269800 nmethod 4943 0x000000000372c310 code [0x000000000372c4a0, 0x000000000372c748]

GC Heap History (10 events):
Event: 1.457 GC heap before
{Heap before GC invocations=7 (full 1):
 PSYoungGen      total 71680K, used 66560K [0x00000000d5f80000, 0x00000000df480000, 0x0000000100000000)
  eden space 66560K, 100% used [0x00000000d5f80000,0x00000000da080000,0x00000000da080000)
  from space 5120K, 0% used [0x00000000da080000,0x00000000da080000,0x00000000da580000)
  to   space 9728K, 0% used [0x00000000deb00000,0x00000000deb00000,0x00000000df480000)
 ParOldGen       total 57856K, used 7179K [0x0000000081e00000, 0x0000000085680000, 0x00000000d5f80000)
  object space 57856K, 12% used [0x0000000081e00000,0x0000000082502cc8,0x0000000085680000)
 Metaspace       used 23644K, capacity 24420K, committed 24576K, reserved 1071104K
  class space    used 3061K, capacity 3259K, committed 3328K, reserved 1048576K
Event: 1.461 GC heap after
Heap after GC invocations=7 (full 1):
 PSYoungGen      total 107008K, used 3354K [0x00000000d5f80000, 0x00000000dee80000, 0x0000000100000000)
  eden space 103424K, 0% used [0x00000000d5f80000,0x00000000d5f80000,0x00000000dc480000)
  from space 3584K, 93% used [0x00000000deb00000,0x00000000dee46868,0x00000000dee80000)
  to   space 9728K, 0% used [0x00000000ddb80000,0x00000000ddb80000,0x00000000de500000)
 ParOldGen       total 57856K, used 7251K [0x0000000081e00000, 0x0000000085680000, 0x00000000d5f80000)
  object space 57856K, 12% used [0x0000000081e00000,0x0000000082514cd8,0x0000000085680000)
 Metaspace       used 23644K, capacity 24420K, committed 24576K, reserved 1071104K
  class space    used 3061K, capacity 3259K, committed 3328K, reserved 1048576K
}
Event: 2.444 GC heap before
{Heap before GC invocations=8 (full 1):
 PSYoungGen      total 107008K, used 106778K [0x00000000d5f80000, 0x00000000dee80000, 0x0000000100000000)
  eden space 103424K, 100% used [0x00000000d5f80000,0x00000000dc480000,0x00000000dc480000)
  from space 3584K, 93% used [0x00000000deb00000,0x00000000dee46868,0x00000000dee80000)
  to   space 9728K, 0% used [0x00000000ddb80000,0x00000000ddb80000,0x00000000de500000)
 ParOldGen       total 57856K, used 7251K [0x0000000081e00000, 0x0000000085680000, 0x00000000d5f80000)
  object space 57856K, 12% used [0x0000000081e00000,0x0000000082514cd8,0x0000000085680000)
 Metaspace       used 28240K, capacity 29370K, committed 29568K, reserved 1075200K
  class space    used 3720K, capacity 3959K, committed 3968K, reserved 1048576K
Event: 2.452 GC heap after
Heap after GC invocations=8 (full 1):
 PSYoungGen      total 136704K, used 9709K [0x00000000d5f80000, 0x00000000e1000000, 0x0000000100000000)
  eden space 126976K, 0% used [0x00000000d5f80000,0x00000000d5f80000,0x00000000ddb80000)
  from space 9728K, 99% used [0x00000000ddb80000,0x00000000de4fb6f8,0x00000000de500000)
  to   space 12288K, 0% used [0x00000000e0400000,0x00000000e0400000,0x00000000e1000000)
 ParOldGen       total 57856K, used 8917K [0x0000000081e00000, 0x0000000085680000, 0x00000000d5f80000)
  object space 57856K, 15% used [0x0000000081e00000,0x00000000826b5610,0x0000000085680000)
 Metaspace       used 28240K, capacity 29370K, committed 29568K, reserved 1075200K
  class space    used 3720K, capacity 3959K, committed 3968K, reserved 1048576K
}
Event: 3.414 GC heap before
{Heap before GC invocations=9 (full 1):
 PSYoungGen      total 136704K, used 113312K [0x00000000d5f80000, 0x00000000e1000000, 0x0000000100000000)
  eden space 126976K, 81% used [0x00000000d5f80000,0x00000000dc4acae8,0x00000000ddb80000)
  from space 9728K, 99% used [0x00000000ddb80000,0x00000000de4fb6f8,0x00000000de500000)
  to   space 12288K, 0% used [0x00000000e0400000,0x00000000e0400000,0x00000000e1000000)
 ParOldGen       total 57856K, used 8917K [0x0000000081e00000, 0x0000000085680000, 0x00000000d5f80000)
  object space 57856K, 15% used [0x0000000081e00000,0x00000000826b5610,0x0000000085680000)
 Metaspace       used 33747K, capacity 35412K, committed 35456K, reserved 1079296K
  class space    used 4407K, capacity 4709K, committed 4736K, reserved 1048576K
Event: 3.423 GC heap after
Heap after GC invocations=9 (full 1):
 PSYoungGen      total 166400K, used 12258K [0x00000000d5f80000, 0x00000000e3200000, 0x0000000100000000)
  eden space 154112K, 0% used [0x00000000d5f80000,0x00000000d5f80000,0x00000000df600000)
  from space 12288K, 99% used [0x00000000e0400000,0x00000000e0ff8820,0x00000000e1000000)
  to   space 14336K, 0% used [0x00000000df600000,0x00000000df600000,0x00000000e0400000)
 ParOldGen       total 57856K, used 9944K [0x0000000081e00000, 0x0000000085680000, 0x00000000d5f80000)
  object space 57856K, 17% used [0x0000000081e00000,0x00000000827b6320,0x0000000085680000)
 Metaspace       used 33747K, capacity 35412K, committed 35456K, reserved 1079296K
  class space    used 4407K, capacity 4709K, committed 4736K, reserved 1048576K
}
Event: 3.423 GC heap before
{Heap before GC invocations=10 (full 2):
 PSYoungGen      total 166400K, used 12258K [0x00000000d5f80000, 0x00000000e3200000, 0x0000000100000000)
  eden space 154112K, 0% used [0x00000000d5f80000,0x00000000d5f80000,0x00000000df600000)
  from space 12288K, 99% used [0x00000000e0400000,0x00000000e0ff8820,0x00000000e1000000)
  to   space 14336K, 0% used [0x00000000df600000,0x00000000df600000,0x00000000e0400000)
 ParOldGen       total 57856K, used 9944K [0x0000000081e00000, 0x0000000085680000, 0x00000000d5f80000)
  object space 57856K, 17% used [0x0000000081e00000,0x00000000827b6320,0x0000000085680000)
 Metaspace       used 33747K, capacity 35412K, committed 35456K, reserved 1079296K
  class space    used 4407K, capacity 4709K, committed 4736K, reserved 1048576K
Event: 3.477 GC heap after
Heap after GC invocations=10 (full 2):
 PSYoungGen      total 166400K, used 0K [0x00000000d5f80000, 0x00000000e3200000, 0x0000000100000000)
  eden space 154112K, 0% used [0x00000000d5f80000,0x00000000d5f80000,0x00000000df600000)
  from space 12288K, 0% used [0x00000000e0400000,0x00000000e0400000,0x00000000e1000000)
  to   space 14336K, 0% used [0x00000000df600000,0x00000000df600000,0x00000000e0400000)
 ParOldGen       total 94208K, used 17382K [0x0000000081e00000, 0x0000000087a00000, 0x00000000d5f80000)
  object space 94208K, 18% used [0x0000000081e00000,0x0000000082ef98c8,0x0000000087a00000)
 Metaspace       used 33747K, capacity 35412K, committed 35456K, reserved 1079296K
  class space    used 4407K, capacity 4709K, committed 4736K, reserved 1048576K
}
Event: 4.979 GC heap before
{Heap before GC invocations=11 (full 2):
 PSYoungGen      total 166400K, used 154112K [0x00000000d5f80000, 0x00000000e3200000, 0x0000000100000000)
  eden space 154112K, 100% used [0x00000000d5f80000,0x00000000df600000,0x00000000df600000)
  from space 12288K, 0% used [0x00000000e0400000,0x00000000e0400000,0x00000000e1000000)
  to   space 14336K, 0% used [0x00000000df600000,0x00000000df600000,0x00000000e0400000)
 ParOldGen       total 94208K, used 17382K [0x0000000081e00000, 0x0000000087a00000, 0x00000000d5f80000)
  object space 94208K, 18% used [0x0000000081e00000,0x0000000082ef98c8,0x0000000087a00000)
 Metaspace       used 44477K, capacity 46542K, committed 46848K, reserved 1089536K
  class space    used 5989K, capacity 6378K, committed 6400K, reserved 1048576K
Event: 4.990 GC heap after
Heap after GC invocations=11 (full 2):
 PSYoungGen      total 168448K, used 13266K [0x00000000d5f80000, 0x00000000e3b80000, 0x0000000100000000)
  eden space 154112K, 0% used [0x00000000d5f80000,0x00000000d5f80000,0x00000000df600000)
  from space 14336K, 92% used [0x00000000df600000,0x00000000e02f4bd0,0x00000000e0400000)
  to   space 16384K, 0% used [0x00000000e2b80000,0x00000000e2b80000,0x00000000e3b80000)
 ParOldGen       total 94208K, used 17390K [0x0000000081e00000, 0x0000000087a00000, 0x00000000d5f80000)
  object space 94208K, 18% used [0x0000000081e00000,0x0000000082efb8c8,0x0000000087a00000)
 Metaspace       used 44477K, capacity 46542K, committed 46848K, reserved 1089536K
  class space    used 5989K, capacity 6378K, committed 6400K, reserved 1048576K
}

Deoptimization events (10 events):
Event: 6.094 Thread 0x00000000196e9000 Uncommon trap: reason=class_check action=maybe_recompile pc=0x00000000032f0d2c method=org.springframework.util.ConcurrentReferenceHashMap$Segment.findInChain(Lorg/springframework/util/ConcurrentReferenceHashMap$Reference;Ljava/lang/Object;I)Lorg/springfra
Event: 6.094 Thread 0x00000000196e9000 Uncommon trap: reason=class_check action=maybe_recompile pc=0x00000000032ae998 method=org.springframework.util.ConcurrentReferenceHashMap$Segment.findInChain(Lorg/springframework/util/ConcurrentReferenceHashMap$Reference;Ljava/lang/Object;I)Lorg/springfra
Event: 6.166 Thread 0x00000000196e9000 Uncommon trap: reason=null_check action=make_not_entrant pc=0x00000000036d34b0 method=org.springframework.core.annotation.AnnotatedElementUtils.searchWithGetSemanticsInAnnotations(Ljava/lang/reflect/AnnotatedElement;Ljava/util/List;Ljava/util/Set;Ljava/la
Event: 6.170 Thread 0x00000000196e9000 Uncommon trap: reason=class_check action=maybe_recompile pc=0x00000000035e8114 method=org.springframework.beans.factory.support.AbstractBeanFactory.isTypeMatch(Ljava/lang/String;Lorg/springframework/core/ResolvableType;)Z @ 47
Event: 6.184 Thread 0x00000000196e9000 Uncommon trap: reason=unstable_if action=reinterpret pc=0x000000000336f2ec method=org.springframework.asm.Frame.merge(Lorg/springframework/asm/SymbolTable;I[II)Z @ 87
Event: 6.184 Thread 0x00000000196e9000 Uncommon trap: reason=unstable_if action=reinterpret pc=0x00000000034ef458 method=org.springframework.asm.MethodWriter.computeAllFrames()V @ 284
Event: 6.184 Thread 0x00000000196e9000 Uncommon trap: reason=unstable_if action=reinterpret pc=0x00000000031b096c method=org.springframework.asm.Frame.merge(Lorg/springframework/asm/SymbolTable;I[II)Z @ 87
Event: 6.187 Thread 0x00000000196e9000 Uncommon trap: reason=unstable_if action=reinterpret pc=0x0000000003224d48 method=org.springframework.asm.MethodWriter.visitMethodInsn(ILjava/lang/String;Ljava/lang/String;Ljava/lang/String;Z)V @ 81
Event: 6.193 Thread 0x00000000196e9000 Uncommon trap: reason=unstable_if action=reinterpret pc=0x00000000032e82ec method=org.springframework.aop.framework.autoproxy.AbstractAutoProxyCreator.predictBeanType(Ljava/lang/Class;Ljava/lang/String;)Ljava/lang/Class; @ 9
Event: 6.196 Thread 0x00000000196e9000 Uncommon trap: reason=unstable_if action=reinterpret pc=0x00000000032894bc method=org.springframework.beans.factory.support.AbstractAutowireCapableBeanFactory.predictBeanType(Ljava/lang/String;Lorg/springframework/beans/factory/support/RootBeanDefinition;

Classes redefined (0 events):
No events

Internal exceptions (10 events):
Event: 6.269 Thread 0x00000000196e9000 Exception <a 'java/lang/ClassNotFoundException': org/springframework/boot/autoconfigure/web/servlet/WebMvcAutoConfiguration$EnableWebMvcConfiguration$$EnhancerBySpringCGLIB$$3b217a5Customizer> (0x00000000ddaea068) thrown at [C:\re\workspace\8-2-build-wind
Event: 6.270 Thread 0x00000000196e9000 Exception <a 'java/lang/ClassNotFoundException': org/springframework/context/annotation/ConfigurationClassEnhancer$EnhancedConfigurationCustomizer> (0x00000000ddb2e2f0) thrown at [C:\re\workspace\8-2-build-windows-amd64-cygwin\jdk8u211\12973\hotspot\src\s
Event: 6.271 Thread 0x00000000196e9000 Exception <a 'java/lang/ClassNotFoundException': org/springframework/beans/factory/BeanFactoryAwareCustomizer> (0x00000000ddb45b28) thrown at [C:\re\workspace\8-2-build-windows-amd64-cygwin\jdk8u211\12973\hotspot\src\share\vm\classfile\systemDictionary.cp
Event: 6.271 Thread 0x00000000196e9000 Exception <a 'java/lang/ClassNotFoundException': org/springframework/beans/factory/AwareCustomizer> (0x00000000ddb5b748) thrown at [C:\re\workspace\8-2-build-windows-amd64-cygwin\jdk8u211\12973\hotspot\src\share\vm\classfile\systemDictionary.cpp, line 210
Event: 6.272 Thread 0x00000000196e9000 Exception <a 'java/lang/ClassNotFoundException': org/springframework/context/ResourceLoaderAwareCustomizer> (0x00000000ddb71d98) thrown at [C:\re\workspace\8-2-build-windows-amd64-cygwin\jdk8u211\12973\hotspot\src\share\vm\classfile\systemDictionary.cpp, 
Event: 6.272 Thread 0x00000000196e9000 Exception <a 'java/lang/ClassNotFoundException': org/springframework/beans/factory/AwareCustomizer> (0x00000000ddb874b0) thrown at [C:\re\workspace\8-2-build-windows-amd64-cygwin\jdk8u211\12973\hotspot\src\share\vm\classfile\systemDictionary.cpp, line 210
Event: 6.273 Thread 0x00000000196e9000 Exception <a 'java/lang/ClassNotFoundException': org/springframework/context/ApplicationContextAwareCustomizer> (0x00000000ddb9f070) thrown at [C:\re\workspace\8-2-build-windows-amd64-cygwin\jdk8u211\12973\hotspot\src\share\vm\classfile\systemDictionary.c
Event: 6.273 Thread 0x00000000196e9000 Exception <a 'java/lang/ClassNotFoundException': org/springframework/beans/factory/AwareCustomizer> (0x00000000ddbb4d90) thrown at [C:\re\workspace\8-2-build-windows-amd64-cygwin\jdk8u211\12973\hotspot\src\share\vm\classfile\systemDictionary.cpp, line 210
Event: 6.273 Thread 0x00000000196e9000 Exception <a 'java/lang/ClassNotFoundException': org/springframework/web/context/ServletContextAwareCustomizer> (0x00000000ddbcc948) thrown at [C:\re\workspace\8-2-build-windows-amd64-cygwin\jdk8u211\12973\hotspot\src\share\vm\classfile\systemDictionary.c
Event: 6.274 Thread 0x00000000196e9000 Exception <a 'java/lang/ClassNotFoundException': org/springframework/beans/factory/AwareCustomizer> (0x00000000ddbe20d8) thrown at [C:\re\workspace\8-2-build-windows-amd64-cygwin\jdk8u211\12973\hotspot\src\share\vm\classfile\systemDictionary.cpp, line 210

Events (10 events):
Event: 6.273 loading class org/springframework/web/context/ServletContextAwareCustomizer
Event: 6.273 loading class org/springframework/web/context/ServletContextAwareCustomizer done
Event: 6.273 loading class org/springframework/web/context/ServletContextAwareCustomizer
Event: 6.273 loading class org/springframework/web/context/ServletContextAwareCustomizer done
Event: 6.274 loading class org/springframework/beans/factory/AwareCustomizer
Event: 6.274 loading class org/springframework/beans/factory/AwareCustomizer done
Event: 6.274 loading class org/springframework/beans/factory/AwareCustomizer
Event: 6.274 loading class org/springframework/beans/factory/AwareCustomizer done
Event: 6.274 loading class org/springframework/beans/factory/AwareCustomizer
Event: 6.274 loading class org/springframework/beans/factory/AwareCustomizer done


Dynamic libraries:
0x00007ff7ed860000 - 0x00007ff7ed897000 	C:\Program Files\Java\jre1.8.0_211\bin\javaw.exe
0x00007ff916e00000 - 0x00007ff916ff0000 	C:\WINDOWS\SYSTEM32\ntdll.dll
0x00007ff9158d0000 - 0x00007ff915982000 	C:\WINDOWS\System32\KERNEL32.DLL
0x00007ff913d90000 - 0x00007ff914035000 	C:\WINDOWS\System32\KERNELBASE.dll
0x00007ff916500000 - 0x00007ff9165a3000 	C:\WINDOWS\System32\ADVAPI32.dll
0x00007ff915400000 - 0x00007ff91549e000 	C:\WINDOWS\System32\msvcrt.dll
0x00007ff915fa0000 - 0x00007ff916037000 	C:\WINDOWS\System32\sechost.dll
0x00007ff915570000 - 0x00007ff915690000 	C:\WINDOWS\System32\RPCRT4.dll
0x00007ff915e00000 - 0x00007ff915f95000 	C:\WINDOWS\System32\USER32.dll
0x00007ff914430000 - 0x00007ff914451000 	C:\WINDOWS\System32\win32u.dll
0x00007ff915c80000 - 0x00007ff915ca6000 	C:\WINDOWS\System32\GDI32.dll
0x00007ff914290000 - 0x00007ff914426000 	C:\WINDOWS\System32\gdi32full.dll
0x00007ff914e10000 - 0x00007ff914eae000 	C:\WINDOWS\System32\msvcp_win.dll
0x00007ff914160000 - 0x00007ff91425a000 	C:\WINDOWS\System32\ucrtbase.dll
0x00007ff9071e0000 - 0x00007ff907464000 	C:\WINDOWS\WinSxS\amd64_microsoft.windows.common-controls_6595b64144ccf1df_6.0.18362.1082_none_9e8193e1e45b25c1\COMCTL32.dll
0x00007ff9161a0000 - 0x00007ff9164d5000 	C:\WINDOWS\System32\combase.dll
0x00007ff914be0000 - 0x00007ff914c60000 	C:\WINDOWS\System32\bcryptPrimitives.dll
0x00007ff914eb0000 - 0x00007ff914ede000 	C:\WINDOWS\System32\IMM32.DLL
0x0000000065c50000 - 0x0000000065d22000 	C:\Program Files\Java\jre1.8.0_211\bin\msvcr100.dll
0x0000000065e10000 - 0x00000000666b5000 	C:\Program Files\Java\jre1.8.0_211\bin\server\jvm.dll
0x00007ff9158c0000 - 0x00007ff9158c8000 	C:\WINDOWS\System32\PSAPI.DLL
0x00007ff911ca0000 - 0x00007ff911cc4000 	C:\WINDOWS\SYSTEM32\WINMM.dll
0x00007ff90b7f0000 - 0x00007ff90b7fa000 	C:\WINDOWS\SYSTEM32\VERSION.dll
0x00007ff9104d0000 - 0x00007ff9104d9000 	C:\WINDOWS\SYSTEM32\WSOCK32.dll
0x00007ff9165b0000 - 0x00007ff91661f000 	C:\WINDOWS\System32\WS2_32.dll
0x00007ff911c20000 - 0x00007ff911c4d000 	C:\WINDOWS\SYSTEM32\WINMMBASE.dll
0x00007ff914110000 - 0x00007ff91415a000 	C:\WINDOWS\System32\cfgmgr32.dll
0x00007ff908810000 - 0x00007ff90881f000 	C:\Program Files\Java\jre1.8.0_211\bin\verify.dll
0x00007ff8f4fa0000 - 0x00007ff8f4fc9000 	C:\Program Files\Java\jre1.8.0_211\bin\java.dll
0x00007ff8f4680000 - 0x00007ff8f4696000 	C:\Program Files\Java\jre1.8.0_211\bin\zip.dll
0x00007ff916620000 - 0x00007ff916d07000 	C:\WINDOWS\System32\SHELL32.dll
0x00007ff916d10000 - 0x00007ff916db9000 	C:\WINDOWS\System32\shcore.dll
0x00007ff914460000 - 0x00007ff914be0000 	C:\WINDOWS\System32\windows.storage.dll
0x00007ff913d60000 - 0x00007ff913d83000 	C:\WINDOWS\System32\profapi.dll
0x00007ff913d10000 - 0x00007ff913d5a000 	C:\WINDOWS\System32\powrprof.dll
0x00007ff913cc0000 - 0x00007ff913cd0000 	C:\WINDOWS\System32\UMPDC.dll
0x00007ff915860000 - 0x00007ff9158b2000 	C:\WINDOWS\System32\shlwapi.dll
0x00007ff913cf0000 - 0x00007ff913d01000 	C:\WINDOWS\System32\kernel.appcore.dll
0x00007ff914040000 - 0x00007ff914057000 	C:\WINDOWS\System32\cryptsp.dll
0x00007ff906790000 - 0x00007ff90679d000 	C:\Program Files\Java\jre1.8.0_211\bin\management.dll
0x00007ff8f59d0000 - 0x00007ff8f59ea000 	C:\Program Files\Java\jre1.8.0_211\bin\net.dll
0x00007ff9082b0000 - 0x00007ff908486000 	C:\WINDOWS\SYSTEM32\urlmon.dll
0x00007ff907fd0000 - 0x00007ff908276000 	C:\WINDOWS\SYSTEM32\iertutil.dll
0x00007ff9135e0000 - 0x00007ff9135ec000 	C:\WINDOWS\SYSTEM32\CRYPTBASE.DLL
0x00007ff913460000 - 0x00007ff9134c7000 	C:\WINDOWS\system32\mswsock.dll
0x00007ff8f47b0000 - 0x00007ff8f47c6000 	C:\WINDOWS\system32\napinsp.dll
0x00007ff8f4790000 - 0x00007ff8f47aa000 	C:\WINDOWS\system32\pnrpnsp.dll
0x00007ff9131c0000 - 0x00007ff91328b000 	C:\WINDOWS\SYSTEM32\DNSAPI.dll
0x00007ff915690000 - 0x00007ff915698000 	C:\WINDOWS\System32\NSI.dll
0x00007ff913180000 - 0x00007ff9131ba000 	C:\WINDOWS\SYSTEM32\IPHLPAPI.DLL
0x00007ff8f5e80000 - 0x00007ff8f5e8e000 	C:\WINDOWS\System32\winrnr.dll
0x00007ff910490000 - 0x00007ff9104ac000 	C:\WINDOWS\system32\NLAapi.dll
0x00007ff90f9f0000 - 0x00007ff90fa05000 	C:\WINDOWS\system32\wshbth.dll
0x00007ff90b090000 - 0x00007ff90b09a000 	C:\Windows\System32\rasadhlp.dll
0x00007ff90d200000 - 0x00007ff90d277000 	C:\WINDOWS\System32\fwpuclnt.dll
0x00007ff914260000 - 0x00007ff914286000 	C:\WINDOWS\System32\bcrypt.dll
0x00007ff8f59b0000 - 0x00007ff8f59c2000 	C:\Program Files\Java\jre1.8.0_211\bin\nio.dll
0x00007ff912fe0000 - 0x00007ff913013000 	C:\WINDOWS\system32\rsaenh.dll
0x00007ff913be0000 - 0x00007ff913c05000 	C:\WINDOWS\SYSTEM32\USERENV.dll
0x00007ff90d510000 - 0x00007ff90d526000 	C:\WINDOWS\SYSTEM32\dhcpcsvc6.DLL
0x00007ff90d490000 - 0x00007ff90d4ac000 	C:\WINDOWS\SYSTEM32\dhcpcsvc.DLL

VM Arguments:
jvm_args: -Dfile.encoding=UTF-8 
java_command: com.xnexus.LaflenteApplication
java_class_path (initial): C:\Users\lucas\Documents\Faculdade\xNexus-laflente-backoffice\laflente_backoffice\target\classes;C:\Users\lucas\.m2\repository\org\springframework\boot\spring-boot-starter-web\2.1.14.RELEASE\spring-boot-starter-web-2.1.14.RELEASE.jar;C:\Users\lucas\.m2\repository\org\springframework\boot\spring-boot-starter\2.1.14.RELEASE\spring-boot-starter-2.1.14.RELEASE.jar;C:\Users\lucas\.m2\repository\org\springframework\boot\spring-boot-starter-logging\2.1.14.RELEASE\spring-boot-starter-logging-2.1.14.RELEASE.jar;C:\Users\lucas\.m2\repository\ch\qos\logback\logback-classic\1.2.3\logback-classic-1.2.3.jar;C:\Users\lucas\.m2\repository\ch\qos\logback\logback-core\1.2.3\logback-core-1.2.3.jar;C:\Users\lucas\.m2\repository\org\apache\logging\log4j\log4j-to-slf4j\2.11.2\log4j-to-slf4j-2.11.2.jar;C:\Users\lucas\.m2\repository\org\apache\logging\log4j\log4j-api\2.11.2\log4j-api-2.11.2.jar;C:\Users\lucas\.m2\repository\org\slf4j\jul-to-slf4j\1.7.30\jul-to-slf4j-1.7.30.jar;C:\Users\lucas\.m2\repository\javax\annotation\javax.annotation-api\1.3.2\javax.annotation-api-1.3.2.jar;C:\Users\lucas\.m2\repository\org\yaml\snakeyaml\1.23\snakeyaml-1.23.jar;C:\Users\lucas\.m2\repository\org\springframework\boot\spring-boot-starter-json\2.1.14.RELEASE\spring-boot-starter-json-2.1.14.RELEASE.jar;C:\Users\lucas\.m2\repository\com\fasterxml\jackson\core\jackson-databind\2.9.10.4\jackson-databind-2.9.10.4.jar;C:\Users\lucas\.m2\repository\com\fasterxml\jackson\core\jackson-annotations\2.9.10\jackson-annotations-2.9.10.jar;C:\Users\lucas\.m2\repository\com\fasterxml\jackson\core\jackson-core\2.9.10\jackson-core-2.9.10.jar;C:\Users\lucas\.m2\repository\com\fasterxml\jackson\datatype\jackson-datatype-jdk8\2.9.10\jackson-datatype-jdk8-2.9.10.jar;C:\Users\lucas\.m2\repository\com\fasterxml\jackson\datatype\jackson-datatype-jsr310\2.9.10\jackson-datatype-jsr310-2.9.10.jar;C:\Users\lucas\.m2\repository\com\fasterxml\jackson\module\jackson-module-parameter-names\2.9.10\jackson-mo
Launcher Type: SUN_STANDARD

Environment Variables:
JAVA_HOME=C:\Program Files\Java\jdk1.8.0_201
PATH=C:/Program Files/Java/jre1.8.0_211/bin/server;C:/Program Files/Java/jre1.8.0_211/bin;C:/Program Files/Java/jre1.8.0_211/lib/amd64;C:\python3\Scripts\;C:\python3\;C:\Program Files (x86)\Common Files\Oracle\Java\javapath;C:\Windows\system32;C:\Windows;C:\Windows\System32\Wbem;C:\Windows\System32\WindowsPowerShell\v1.0\;C:\Program Files\NVIDIA Corporation\NVIDIA NvDLISR;C:\Program Files (x86)\NVIDIA Corporation\PhysX\Common;C:\WINDOWS\system32;C:\WINDOWS;C:\WINDOWS\System32\Wbem;C:\WINDOWS\System32\WindowsPowerShell\v1.0\;C:\WINDOWS\System32\OpenSSH\;C:\Program Files\Git\cmd;C:\apache-maven-3.6.1\bin;C:\Program Files\Java\jdk1.8.0_201;C:\Program Files\nodejs\;C:\Program Files\Docker\Docker\resources\bin;C:\ProgramData\DockerDesktop\version-bin;C:\Users\lucas\AppData\Local\Microsoft\WindowsApps;;C:\Users\lucas\AppData\Roaming\npm;E:\heroku\bin;C:\Program Files\JetBrains\IntelliJ IDEA Community Edition 2020.1.3\bin;;E:\Microsoft VS Code\bin;C:\WINDOWS\system32;
USERNAME=lucas
OS=Windows_NT
PROCESSOR_IDENTIFIER=Intel64 Family 6 Model 58 Stepping 9, GenuineIntel



---------------  S Y S T E M  ---------------

OS: Windows 10.0 , 64 bit Build 18362 (10.0.18362.1082)

CPU:total 4 (initial active 4) (4 cores per cpu, 1 threads per core) family 6 model 58 stepping 9, cmov, cx8, fxsr, mmx, sse, sse2, sse3, ssse3, sse4.1, sse4.2, popcnt, avx, aes, clmul, erms, tsc, tscinvbit, tscinv

Memory: 4k page, physical 8260664k(730356k free), swap 8260664k(5396k free)

vm_info: Java HotSpot(TM) 64-Bit Server VM (25.211-b12) for windows-amd64 JRE (1.8.0_211-b12), built on Apr  1 2019 20:53:26 by "java_re" with MS VC++ 10.0 (VS2010)

time: Sun Sep 20 21:04:25 2020
timezone: Hora oficial do Brasil
elapsed time: 6 seconds (0d 0h 0m 6s)

