#
# There is insufficient memory for the Java Runtime Environment to continue.
# Native memory allocation (malloc) failed to allocate 32744 bytes for ChunkPool::allocate
# Possible reasons:
#   The system is out of physical RAM or swap space
#   The process is running with CompressedOops enabled, and the Java Heap may be blocking the growth of the native heap
# Possible solutions:
#   Reduce memory load on the system
#   Increase physical memory or swap space
#   Check if swap backing store is full
#   Decrease Java heap size (-Xmx/-Xms)
#   Decrease number of Java threads
#   Decrease Java thread stack sizes (-Xss)
#   Set larger code cache with -XX:ReservedCodeCacheSize=
#   JVM is running with Unscaled Compressed Oops mode in which the Java heap is
#     placed in the first 4GB address space. The Java Heap base address is the
#     maximum limit for the native heap growth. Please use -XX:HeapBaseMinAddress
#     to set the Java Heap base and to place the Java Heap above 4GB virtual address.
# This output file may be truncated or incomplete.
#
#  Out of Memory Error (allocation.cpp:272), pid=2064, tid=0x0000000000000918
#
# JRE version: Java(TM) SE Runtime Environment (8.0_211-b12) (build 1.8.0_211-b12)
# Java VM: Java HotSpot(TM) 64-Bit Server VM (25.211-b12 mixed mode windows-amd64 compressed oops)
# Failed to write core dump. Minidumps are not enabled by default on client versions of Windows
#

---------------  T H R E A D  ---------------

Current thread (0x0000000019ab1800):  JavaThread "restartedMain" [_thread_in_vm, id=2328, stack(0x000000001ad20000,0x000000001ae20000)]

Stack: [0x000000001ad20000,0x000000001ae20000]
[error occurred during error reporting (printing stack bounds), id 0xc0000005]

Native frames: (J=compiled Java code, j=interpreted, Vv=VM code, C=native code)

Java frames: (J=compiled Java code, j=interpreted, Vv=VM code)
J 737  java.lang.ClassLoader.defineClass1(Ljava/lang/String;[BIILjava/security/ProtectionDomain;Ljava/lang/String;)Ljava/lang/Class; (0 bytes) @ 0x0000000002b4f19f [0x0000000002b4f100+0x9f]
J 4299 C2 java.lang.ClassLoader.defineClass(Ljava/lang/String;[BIILjava/security/ProtectionDomain;)Ljava/lang/Class; (43 bytes) @ 0x00000000035fab8c [0x00000000035fa640+0x54c]
J 705 C1 java.net.URLClassLoader.defineClass(Ljava/lang/String;Lsun/misc/Resource;)Ljava/lang/Class; (142 bytes) @ 0x0000000002b389a4 [0x0000000002b36e40+0x1b64]
J 2670 C1 java.net.URLClassLoader$1.run()Ljava/lang/Class; (63 bytes) @ 0x00000000031f3094 [0x00000000031f2de0+0x2b4]
J 2664 C1 java.net.URLClassLoader$1.run()Ljava/lang/Object; (5 bytes) @ 0x00000000031f103c [0x00000000031f0fc0+0x7c]
v  ~StubRoutines::call_stub
J 160  java.security.AccessController.doPrivileged(Ljava/security/PrivilegedExceptionAction;Ljava/security/AccessControlContext;)Ljava/lang/Object; (0 bytes) @ 0x00000000029d02e6 [0x00000000029d0280+0x66]
J 1436 C2 java.lang.ClassLoader.loadClass(Ljava/lang/String;Z)Ljava/lang/Class; (122 bytes) @ 0x0000000002d21a8c [0x0000000002d20ee0+0xbac]
J 2744 C1 sun.misc.Launcher$AppClassLoader.loadClass(Ljava/lang/String;Z)Ljava/lang/Class; (85 bytes) @ 0x00000000032384dc [0x0000000003237b40+0x99c]
J 2137 C2 java.lang.ClassLoader.loadClass(Ljava/lang/String;)Ljava/lang/Class; (7 bytes) @ 0x0000000002fc5c00 [0x0000000002fc5bc0+0x40]
v  ~StubRoutines::call_stub
j  org.hibernate.engine.jdbc.dialect.internal.DialectFactoryImpl.isEmpty(Ljava/lang/Object;)Z+15
j  org.hibernate.engine.jdbc.dialect.internal.DialectFactoryImpl.buildDialect(Ljava/util/Map;Lorg/hibernate/engine/jdbc/dialect/spi/DialectResolutionInfoSource;)Lorg/hibernate/dialect/Dialect;+11
j  org.hibernate.engine.jdbc.env.internal.JdbcEnvironmentInitiator.initiateService(Ljava/util/Map;Lorg/hibernate/service/spi/ServiceRegistryImplementor;)Lorg/hibernate/engine/jdbc/env/spi/JdbcEnvironment;+219
j  org.hibernate.engine.jdbc.env.internal.JdbcEnvironmentInitiator.initiateService(Ljava/util/Map;Lorg/hibernate/service/spi/ServiceRegistryImplementor;)Lorg/hibernate/service/Service;+3
j  org.hibernate.boot.registry.internal.StandardServiceRegistryImpl.initiateService(Lorg/hibernate/service/spi/ServiceInitiator;)Lorg/hibernate/service/Service;+9
j  org.hibernate.service.internal.AbstractServiceRegistryImpl.createService(Lorg/hibernate/service/spi/ServiceBinding;)Lorg/hibernate/service/Service;+26
j  org.hibernate.service.internal.AbstractServiceRegistryImpl.initializeService(Lorg/hibernate/service/spi/ServiceBinding;)Lorg/hibernate/service/Service;+30
j  org.hibernate.service.internal.AbstractServiceRegistryImpl.getService(Ljava/lang/Class;)Lorg/hibernate/service/Service;+88
j  org.hibernate.id.factory.internal.DefaultIdentifierGeneratorFactory.injectServices(Lorg/hibernate/service/spi/ServiceRegistryImplementor;)V+9
j  org.hibernate.service.internal.AbstractServiceRegistryImpl.injectDependencies(Lorg/hibernate/service/spi/ServiceBinding;)V+24
j  org.hibernate.service.internal.AbstractServiceRegistryImpl.initializeService(Lorg/hibernate/service/spi/ServiceBinding;)Lorg/hibernate/service/Service;+45
j  org.hibernate.service.internal.AbstractServiceRegistryImpl.getService(Ljava/lang/Class;)Lorg/hibernate/service/Service;+88
j  org.hibernate.boot.internal.InFlightMetadataCollectorImpl.<init>(Lorg/hibernate/boot/spi/BootstrapContext;Lorg/hibernate/boot/spi/MetadataBuildingOptions;)V+288
j  org.hibernate.boot.model.process.spi.MetadataBuildingProcess.complete(Lorg/hibernate/boot/model/process/spi/ManagedResources;Lorg/hibernate/boot/spi/BootstrapContext;Lorg/hibernate/boot/spi/MetadataBuildingOptions;)Lorg/hibernate/boot/spi/MetadataImplementor;+6
j  org.hibernate.jpa.boot.internal.EntityManagerFactoryBuilderImpl.metadata()Lorg/hibernate/boot/spi/MetadataImplementor;+30
j  org.hibernate.jpa.boot.internal.EntityManagerFactoryBuilderImpl.build()Ljavax/persistence/EntityManagerFactory;+1
j  org.springframework.orm.jpa.vendor.SpringHibernateJpaPersistenceProvider.createContainerEntityManagerFactory(Ljavax/persistence/spi/PersistenceUnitInfo;Ljava/util/Map;)Ljavax/persistence/EntityManagerFactory;+55
j  org.springframework.orm.jpa.LocalContainerEntityManagerFactoryBean.createNativeEntityManagerFactory()Ljavax/persistence/EntityManagerFactory;+129
j  org.springframework.orm.jpa.AbstractEntityManagerFactoryBean.buildNativeEntityManagerFactory()Ljavax/persistence/EntityManagerFactory;+1
j  org.springframework.orm.jpa.AbstractEntityManagerFactoryBean.afterPropertiesSet()V+192
j  org.springframework.orm.jpa.LocalContainerEntityManagerFactoryBean.afterPropertiesSet()V+77
j  org.springframework.beans.factory.support.AbstractAutowireCapableBeanFactory.invokeInitMethods(Ljava/lang/String;Ljava/lang/Object;Lorg/springframework/beans/factory/support/RootBeanDefinition;)V+106
j  org.springframework.beans.factory.support.AbstractAutowireCapableBeanFactory.initializeBean(Ljava/lang/String;Ljava/lang/Object;Lorg/springframework/beans/factory/support/RootBeanDefinition;)Ljava/lang/Object;+59
j  org.springframework.beans.factory.support.AbstractAutowireCapableBeanFactory.doCreateBean(Ljava/lang/String;Lorg/springframework/beans/factory/support/RootBeanDefinition;[Ljava/lang/Object;)Ljava/lang/Object;+245
j  org.springframework.beans.factory.support.AbstractAutowireCapableBeanFactory.createBean(Ljava/lang/String;Lorg/springframework/beans/factory/support/RootBeanDefinition;[Ljava/lang/Object;)Ljava/lang/Object;+169
j  org.springframework.beans.factory.support.AbstractBeanFactory.lambda$doGetBean$0(Ljava/lang/String;Lorg/springframework/beans/factory/support/RootBeanDefinition;[Ljava/lang/Object;)Ljava/lang/Object;+4
j  org.springframework.beans.factory.support.AbstractBeanFactory$$Lambda$106.getObject()Ljava/lang/Object;+16
j  org.springframework.beans.factory.support.DefaultSingletonBeanRegistry.getSingleton(Ljava/lang/String;Lorg/springframework/beans/factory/ObjectFactory;)Ljava/lang/Object;+132
J 2411 C1 org.springframework.beans.factory.support.AbstractBeanFactory.doGetBean(Ljava/lang/String;Ljava/lang/Class;[Ljava/lang/Object;Z)Ljava/lang/Object; (833 bytes) @ 0x00000000031088e4 [0x0000000003106740+0x21a4]
j  org.springframework.beans.factory.support.AbstractBeanFactory.getBean(Ljava/lang/String;)Ljava/lang/Object;+5
j  org.springframework.context.support.AbstractApplicationContext.getBean(Ljava/lang/String;)Ljava/lang/Object;+9
j  org.springframework.context.support.AbstractApplicationContext.finishBeanFactoryInitialization(Lorg/springframework/beans/factory/config/ConfigurableListableBeanFactory;)V+100
j  org.springframework.context.support.AbstractApplicationContext.refresh()V+54
j  org.springframework.boot.web.servlet.context.ServletWebServerApplicationContext.refresh()V+1
j  org.springframework.boot.SpringApplication.refresh(Lorg/springframework/context/ApplicationContext;)V+10
j  org.springframework.boot.SpringApplication.refreshContext(Lorg/springframework/context/ConfigurableApplicationContext;)V+2
j  org.springframework.boot.SpringApplication.run([Ljava/lang/String;)Lorg/springframework/context/ConfigurableApplicationContext;+118
j  org.springframework.boot.SpringApplication.run([Ljava/lang/Class;[Ljava/lang/String;)Lorg/springframework/context/ConfigurableApplicationContext;+9
j  org.springframework.boot.SpringApplication.run(Ljava/lang/Class;[Ljava/lang/String;)Lorg/springframework/context/ConfigurableApplicationContext;+9
j  com.xnexus.LaflenteApplication.main([Ljava/lang/String;)V+3
v  ~StubRoutines::call_stub
j  sun.reflect.NativeMethodAccessorImpl.invoke0(Ljava/lang/reflect/Method;Ljava/lang/Object;[Ljava/lang/Object;)Ljava/lang/Object;+0
j  sun.reflect.NativeMethodAccessorImpl.invoke(Ljava/lang/Object;[Ljava/lang/Object;)Ljava/lang/Object;+100
j  sun.reflect.DelegatingMethodAccessorImpl.invoke(Ljava/lang/Object;[Ljava/lang/Object;)Ljava/lang/Object;+6
j  java.lang.reflect.Method.invoke(Ljava/lang/Object;[Ljava/lang/Object;)Ljava/lang/Object;+56
j  org.springframework.boot.devtools.restart.RestartLauncher.run()V+41
v  ~StubRoutines::call_stub

---------------  P R O C E S S  ---------------

Java Threads: ( => current thread )
  0x000000001cb19000 JavaThread "HikariPool-1 connection adder" daemon [_thread_blocked, id=11104, stack(0x00000000213d0000,0x00000000214d0000)]
  0x000000001cb18800 JavaThread "HikariPool-1 housekeeper" daemon [_thread_blocked, id=2736, stack(0x00000000212d0000,0x00000000213d0000)]
  0x000000001cb1b800 JavaThread "container-0" [_thread_blocked, id=244, stack(0x00000000211d0000,0x00000000212d0000)]
  0x000000001cb15800 JavaThread "Catalina-utility-2" [_thread_blocked, id=10720, stack(0x000000001fb50000,0x000000001fc50000)]
  0x000000001cb1a800 JavaThread "Catalina-utility-1" [_thread_blocked, id=9404, stack(0x000000001bc60000,0x000000001bd60000)]
  0x000000001cb17800 JavaThread "Abandoned connection cleanup thread" daemon [_thread_blocked, id=10404, stack(0x000000001ae20000,0x000000001af20000)]
=>0x0000000019ab1800 JavaThread "restartedMain" [_thread_in_vm, id=2328, stack(0x000000001ad20000,0x000000001ae20000)]
  0x00000000199c4800 JavaThread "Thread-0" [_thread_blocked, id=9672, stack(0x000000001ac20000,0x000000001ad20000)]
  0x0000000018d1c000 JavaThread "Service Thread" daemon [_thread_in_Java, id=4456, stack(0x00000000190f0000,0x00000000191f0000)]
  0x00000000173a0000 JavaThread "C1 CompilerThread2" daemon [_thread_in_native, id=4660, stack(0x0000000018bf0000,0x0000000018cf0000)]
  0x000000001739b000 JavaThread "C2 CompilerThread1" daemon [_thread_in_native, id=4860, stack(0x0000000018af0000,0x0000000018bf0000)]
  0x0000000017394800 JavaThread "C2 CompilerThread0" daemon [_thread_in_native, id=9944, stack(0x00000000189f0000,0x0000000018af0000)]
  0x0000000017393000 JavaThread "Attach Listener" daemon [_thread_blocked, id=10484, stack(0x00000000188f0000,0x00000000189f0000)]
  0x0000000017392000 JavaThread "Signal Dispatcher" daemon [_thread_blocked, id=8576, stack(0x00000000187f0000,0x00000000188f0000)]
  0x000000001737c000 JavaThread "Finalizer" daemon [_thread_blocked, id=4224, stack(0x00000000185e0000,0x00000000186e0000)]
  0x0000000002866000 JavaThread "Reference Handler" daemon [_thread_blocked, id=8352, stack(0x00000000184e0000,0x00000000185e0000)]
  0x0000000002775800 JavaThread "main" [_thread_blocked, id=1124, stack(0x0000000002670000,0x0000000002770000)]

Other Threads:
  0x0000000017357800 VMThread [stack: 0x00000000183e0000,0x00000000184e0000] [id=1336]
  0x0000000018d60800 WatcherThread [stack: 0x00000000191f0000,0x00000000192f0000] [id=3916]

VM state:not at safepoint (normal execution)

VM Mutex/Monitor currently owned by a thread:  ([mutex/lock_event])
[0x0000000002773e60] CompiledIC_lock - owner thread: 0x00000000173a0000

heap address: 0x0000000081e00000, size: 2018 MB, Compressed Oops mode: 32-bit
Narrow klass base: 0x0000000000000000, Narrow klass shift: 3
Compressed class space size: 1073741824 Address: 0x0000000100000000

Heap:
 PSYoungGen      total 167424K, used 18948K [0x00000000d5f80000, 0x00000000e3200000, 0x0000000100000000)
  eden space 153088K, 3% used [0x00000000d5f80000,0x00000000d64fd2b0,0x00000000df500000)
  from space 14336K, 92% used [0x00000000df500000,0x00000000e0203e00,0x00000000e0300000)
  to   space 12288K, 0% used [0x00000000e0300000,0x00000000e0300000,0x00000000e0f00000)
 ParOldGen       total 58880K, used 17385K [0x0000000081e00000, 0x0000000085780000, 0x00000000d5f80000)
  object space 58880K, 29% used [0x0000000081e00000,0x0000000082efa7d0,0x0000000085780000)
 Metaspace       used 44500K, capacity 46464K, committed 46848K, reserved 1089536K
  class space    used 5988K, capacity 6350K, committed 6400K, reserved 1048576K

Card table byte_map: [0x0000000011c30000,0x0000000012030000] byte_map_base: 0x0000000011821000

Marking Bits: (ParMarkBitMap*) 0x00000000589d5ce0
 Begin Bits: [0x00000000126e0000, 0x0000000014668000)
 End Bits:   [0x0000000014668000, 0x00000000165f0000)

Polling page: 0x0000000000870000

CodeCache: size=245760Kb used=14007Kb max_used=14051Kb free=231752Kb
 bounds [0x0000000002870000, 0x0000000003640000, 0x0000000011870000]
 total_blobs=4325 nmethods=3849 adapters=388
 compilation: enabled

Compilation events (10 events):
Event: 6.271 Thread 0x00000000173a0000 4342       3       java.util.TreeMap::keyIterator (13 bytes)
Event: 6.271 Thread 0x00000000173a0000 nmethod 4342 0x0000000002c39d50 code [0x0000000002c39ee0, 0x0000000002c3a3d0]
Event: 6.272 Thread 0x00000000173a0000 4343       3       java.util.TreeMap$KeyIterator::<init> (12 bytes)
Event: 6.272 Thread 0x00000000173a0000 nmethod 4343 0x0000000002ca04d0 code [0x0000000002ca0640, 0x0000000002ca08b0]
Event: 6.272 Thread 0x00000000173a0000 4344       3       org.jboss.logging.Log4j2Logger::isEnabled (12 bytes)
Event: 6.272 Thread 0x00000000173a0000 nmethod 4344 0x0000000003630ad0 code [0x0000000003630c60, 0x00000000036310b8]
Event: 6.273 Thread 0x00000000173a0000 4345       3       java.lang.invoke.MethodHandleNatives::linkCallSiteImpl (44 bytes)
Event: 6.273 Thread 0x00000000173a0000 nmethod 4345 0x0000000003631210 code [0x00000000036313e0, 0x0000000003631b58]
Event: 6.277 Thread 0x00000000173a0000 4346       3       java.lang.invoke.InnerClassLambdaMetafactory::generateConstructor (151 bytes)
Event: 6.278 Thread 0x00000000173a0000 nmethod 4346 0x0000000003631f50 code [0x0000000003632260, 0x0000000003633818]

GC Heap History (10 events):
Event: 1.757 GC heap before
{Heap before GC invocations=7 (full 1):
 PSYoungGen      total 71680K, used 66560K [0x00000000d5f80000, 0x00000000df480000, 0x0000000100000000)
  eden space 66560K, 100% used [0x00000000d5f80000,0x00000000da080000,0x00000000da080000)
  from space 5120K, 0% used [0x00000000da080000,0x00000000da080000,0x00000000da580000)
  to   space 9728K, 0% used [0x00000000deb00000,0x00000000deb00000,0x00000000df480000)
 ParOldGen       total 58880K, used 7304K [0x0000000081e00000, 0x0000000085780000, 0x00000000d5f80000)
  object space 58880K, 12% used [0x0000000081e00000,0x00000000825220f0,0x0000000085780000)
 Metaspace       used 23721K, capacity 24500K, committed 24576K, reserved 1071104K
  class space    used 3065K, capacity 3262K, committed 3328K, reserved 1048576K
Event: 1.764 GC heap after
Heap after GC invocations=7 (full 1):
 PSYoungGen      total 106496K, used 3462K [0x00000000d5f80000, 0x00000000dee80000, 0x0000000100000000)
  eden space 102912K, 0% used [0x00000000d5f80000,0x00000000d5f80000,0x00000000dc400000)
  from space 3584K, 96% used [0x00000000deb00000,0x00000000dee61868,0x00000000dee80000)
  to   space 9728K, 0% used [0x00000000ddb80000,0x00000000ddb80000,0x00000000de500000)
 ParOldGen       total 58880K, used 7312K [0x0000000081e00000, 0x0000000085780000, 0x00000000d5f80000)
  object space 58880K, 12% used [0x0000000081e00000,0x00000000825240f0,0x0000000085780000)
 Metaspace       used 23721K, capacity 24500K, committed 24576K, reserved 1071104K
  class space    used 3065K, capacity 3262K, committed 3328K, reserved 1048576K
}
Event: 2.926 GC heap before
{Heap before GC invocations=8 (full 1):
 PSYoungGen      total 106496K, used 106374K [0x00000000d5f80000, 0x00000000dee80000, 0x0000000100000000)
  eden space 102912K, 100% used [0x00000000d5f80000,0x00000000dc400000,0x00000000dc400000)
  from space 3584K, 96% used [0x00000000deb00000,0x00000000dee61868,0x00000000dee80000)
  to   space 9728K, 0% used [0x00000000ddb80000,0x00000000ddb80000,0x00000000de500000)
 ParOldGen       total 58880K, used 7312K [0x0000000081e00000, 0x0000000085780000, 0x00000000d5f80000)
  object space 58880K, 12% used [0x0000000081e00000,0x00000000825240f0,0x0000000085780000)
 Metaspace       used 28326K, capacity 29454K, committed 29568K, reserved 1075200K
  class space    used 3725K, capacity 3962K, committed 3968K, reserved 1048576K
Event: 2.939 GC heap after
Heap after GC invocations=8 (full 1):
 PSYoungGen      total 136704K, used 9716K [0x00000000d5f80000, 0x00000000e0f00000, 0x0000000100000000)
  eden space 126976K, 0% used [0x00000000d5f80000,0x00000000d5f80000,0x00000000ddb80000)
  from space 9728K, 99% used [0x00000000ddb80000,0x00000000de4fd0c8,0x00000000de500000)
  to   space 12288K, 0% used [0x00000000e0300000,0x00000000e0300000,0x00000000e0f00000)
 ParOldGen       total 58880K, used 8948K [0x0000000081e00000, 0x0000000085780000, 0x00000000d5f80000)
  object space 58880K, 15% used [0x0000000081e00000,0x00000000826bd340,0x0000000085780000)
 Metaspace       used 28326K, capacity 29454K, committed 29568K, reserved 1075200K
  class space    used 3725K, capacity 3962K, committed 3968K, reserved 1048576K
}
Event: 4.204 GC heap before
{Heap before GC invocations=9 (full 1):
 PSYoungGen      total 136704K, used 112513K [0x00000000d5f80000, 0x00000000e0f00000, 0x0000000100000000)
  eden space 126976K, 80% used [0x00000000d5f80000,0x00000000dc3e3430,0x00000000ddb80000)
  from space 9728K, 99% used [0x00000000ddb80000,0x00000000de4fd0c8,0x00000000de500000)
  to   space 12288K, 0% used [0x00000000e0300000,0x00000000e0300000,0x00000000e0f00000)
 ParOldGen       total 58880K, used 8948K [0x0000000081e00000, 0x0000000085780000, 0x00000000d5f80000)
  object space 58880K, 15% used [0x0000000081e00000,0x00000000826bd340,0x0000000085780000)
 Metaspace       used 33700K, capacity 35354K, committed 35456K, reserved 1079296K
  class space    used 4400K, capacity 4711K, committed 4736K, reserved 1048576K
Event: 4.214 GC heap after
Heap after GC invocations=9 (full 1):
 PSYoungGen      total 165376K, used 12285K [0x00000000d5f80000, 0x00000000e3200000, 0x0000000100000000)
  eden space 153088K, 0% used [0x00000000d5f80000,0x00000000d5f80000,0x00000000df500000)
  from space 12288K, 99% used [0x00000000e0300000,0x00000000e0eff7b8,0x00000000e0f00000)
  to   space 14336K, 0% used [0x00000000df500000,0x00000000df500000,0x00000000e0300000)
 ParOldGen       total 58880K, used 9966K [0x0000000081e00000, 0x0000000085780000, 0x00000000d5f80000)
  object space 58880K, 16% used [0x0000000081e00000,0x00000000827bbac0,0x0000000085780000)
 Metaspace       used 33700K, capacity 35354K, committed 35456K, reserved 1079296K
  class space    used 4400K, capacity 4711K, committed 4736K, reserved 1048576K
}
Event: 4.215 GC heap before
{Heap before GC invocations=10 (full 2):
 PSYoungGen      total 165376K, used 12285K [0x00000000d5f80000, 0x00000000e3200000, 0x0000000100000000)
  eden space 153088K, 0% used [0x00000000d5f80000,0x00000000d5f80000,0x00000000df500000)
  from space 12288K, 99% used [0x00000000e0300000,0x00000000e0eff7b8,0x00000000e0f00000)
  to   space 14336K, 0% used [0x00000000df500000,0x00000000df500000,0x00000000e0300000)
 ParOldGen       total 58880K, used 9966K [0x0000000081e00000, 0x0000000085780000, 0x00000000d5f80000)
  object space 58880K, 16% used [0x0000000081e00000,0x00000000827bbac0,0x0000000085780000)
 Metaspace       used 33700K, capacity 35354K, committed 35456K, reserved 1079296K
  class space    used 4400K, capacity 4711K, committed 4736K, reserved 1048576K
Event: 4.276 GC heap after
Heap after GC invocations=10 (full 2):
 PSYoungGen      total 165376K, used 0K [0x00000000d5f80000, 0x00000000e3200000, 0x0000000100000000)
  eden space 153088K, 0% used [0x00000000d5f80000,0x00000000d5f80000,0x00000000df500000)
  from space 12288K, 0% used [0x00000000e0300000,0x00000000e0300000,0x00000000e0f00000)
  to   space 14336K, 0% used [0x00000000df500000,0x00000000df500000,0x00000000e0300000)
 ParOldGen       total 58880K, used 17377K [0x0000000081e00000, 0x0000000085780000, 0x00000000d5f80000)
  object space 58880K, 29% used [0x0000000081e00000,0x0000000082ef87d0,0x0000000085780000)
 Metaspace       used 33700K, capacity 35354K, committed 35456K, reserved 1079296K
  class space    used 4400K, capacity 4711K, committed 4736K, reserved 1048576K
}
Event: 6.238 GC heap before
{Heap before GC invocations=11 (full 2):
 PSYoungGen      total 165376K, used 153088K [0x00000000d5f80000, 0x00000000e3200000, 0x0000000100000000)
  eden space 153088K, 100% used [0x00000000d5f80000,0x00000000df500000,0x00000000df500000)
  from space 12288K, 0% used [0x00000000e0300000,0x00000000e0300000,0x00000000e0f00000)
  to   space 14336K, 0% used [0x00000000df500000,0x00000000df500000,0x00000000e0300000)
 ParOldGen       total 58880K, used 17377K [0x0000000081e00000, 0x0000000085780000, 0x00000000d5f80000)
  object space 58880K, 29% used [0x0000000081e00000,0x0000000082ef87d0,0x0000000085780000)
 Metaspace       used 44342K, capacity 46388K, committed 46592K, reserved 1089536K
  class space    used 5968K, capacity 6348K, committed 6400K, reserved 1048576K
Event: 6.257 GC heap after
Heap after GC invocations=11 (full 2):
 PSYoungGen      total 167424K, used 13327K [0x00000000d5f80000, 0x00000000e3200000, 0x0000000100000000)
  eden space 153088K, 0% used [0x00000000d5f80000,0x00000000d5f80000,0x00000000df500000)
  from space 14336K, 92% used [0x00000000df500000,0x00000000e0203e00,0x00000000e0300000)
  to   space 12288K, 0% used [0x00000000e0300000,0x00000000e0300000,0x00000000e0f00000)
 ParOldGen       total 58880K, used 17385K [0x0000000081e00000, 0x0000000085780000, 0x00000000d5f80000)
  object space 58880K, 29% used [0x0000000081e00000,0x0000000082efa7d0,0x0000000085780000)
 Metaspace       used 44342K, capacity 46388K, committed 46592K, reserved 1089536K
  class space    used 5968K, capacity 6348K, committed 6400K, reserved 1048576K
}

Deoptimization events (10 events):
Event: 5.797 Thread 0x0000000019ab1800 Uncommon trap: reason=class_check action=maybe_recompile pc=0x00000000034bf1c4 method=java.util.AbstractList$Itr.next()Ljava/lang/Object; @ 14
Event: 5.835 Thread 0x0000000019ab1800 Uncommon trap: reason=array_check action=maybe_recompile pc=0x00000000032bf4ec method=java.util.AbstractCollection.toArray([Ljava/lang/Object;)[Ljava/lang/Object; @ 119
Event: 5.918 Thread 0x0000000019ab1800 Uncommon trap: reason=bimorphic action=maybe_recompile pc=0x0000000002d23108 method=java.lang.ClassLoader.loadClass(Ljava/lang/String;Z)Ljava/lang/Class; @ 70
Event: 5.919 Thread 0x0000000019ab1800 Uncommon trap: reason=bimorphic action=maybe_recompile pc=0x0000000002d23108 method=java.lang.ClassLoader.loadClass(Ljava/lang/String;Z)Ljava/lang/Class; @ 70
Event: 6.051 Thread 0x0000000019ab1800 Uncommon trap: reason=array_check action=maybe_recompile pc=0x00000000032bf4ec method=java.util.AbstractCollection.toArray([Ljava/lang/Object;)[Ljava/lang/Object; @ 119
Event: 6.051 Thread 0x0000000019ab1800 Uncommon trap: reason=array_check action=maybe_recompile pc=0x00000000032bf4ec method=java.util.AbstractCollection.toArray([Ljava/lang/Object;)[Ljava/lang/Object; @ 119
Event: 6.262 Thread 0x0000000018d1c000 Uncommon trap: reason=bimorphic action=maybe_recompile pc=0x00000000034bdae0 method=java.util.AbstractCollection.containsAll(Ljava/util/Collection;)Z @ 25
Event: 6.262 Thread 0x0000000018d1c000 Uncommon trap: reason=bimorphic action=maybe_recompile pc=0x00000000034bdae0 method=java.util.AbstractCollection.containsAll(Ljava/util/Collection;)Z @ 25
Event: 6.262 Thread 0x0000000018d1c000 Uncommon trap: reason=bimorphic action=maybe_recompile pc=0x00000000034bdae0 method=java.util.AbstractCollection.containsAll(Ljava/util/Collection;)Z @ 25
Event: 6.262 Thread 0x0000000018d1c000 Uncommon trap: reason=bimorphic action=maybe_recompile pc=0x00000000034bdae0 method=java.util.AbstractCollection.containsAll(Ljava/util/Collection;)Z @ 25

Classes redefined (0 events):
No events

Internal exceptions (10 events):
Event: 4.719 Thread 0x0000000019ab1800 Implicit null exception at 0x0000000002fd238d to 0x0000000002fd28fc
Event: 4.719 Thread 0x0000000019ab1800 Exception <a 'java/lang/NullPointerException'> (0x00000000d9beb258) thrown at [C:\re\workspace\8-2-build-windows-amd64-cygwin\jdk8u211\12973\hotspot\src\share\vm\runtime\sharedRuntime.cpp, line 605]
Event: 4.719 Thread 0x0000000019ab1800 Implicit null exception at 0x0000000002fd238d to 0x0000000002fd28fc
Event: 4.719 Thread 0x0000000019ab1800 Exception <a 'java/lang/NullPointerException'> (0x00000000d9bec820) thrown at [C:\re\workspace\8-2-build-windows-amd64-cygwin\jdk8u211\12973\hotspot\src\share\vm\runtime\sharedRuntime.cpp, line 605]
Event: 4.719 Thread 0x0000000019ab1800 Implicit null exception at 0x0000000002fd238d to 0x0000000002fd28fc
Event: 4.720 Thread 0x0000000019ab1800 Exception <a 'java/lang/NullPointerException'> (0x00000000d9bedd70) thrown at [C:\re\workspace\8-2-build-windows-amd64-cygwin\jdk8u211\12973\hotspot\src\share\vm\runtime\sharedRuntime.cpp, line 605]
Event: 4.917 Thread 0x0000000019ab1800 Exception <a 'java/lang/NoSuchMethodError': java.lang.Object.lambda$identity$2(Ljava/lang/Object;)Ljava/lang/Object;> (0x00000000da837820) thrown at [C:\re\workspace\8-2-build-windows-amd64-cygwin\jdk8u211\12973\hotspot\src\share\vm\interpreter\linkResolv
Event: 5.091 Thread 0x0000000019ab1800 Exception <a 'java/io/FileNotFoundException'> (0x00000000dadf2640) thrown at [C:\re\workspace\8-2-build-windows-amd64-cygwin\jdk8u211\12973\hotspot\src\share\vm\prims\jni.cpp, line 710]
Event: 5.278 Thread 0x0000000019ab1800 Implicit null exception at 0x0000000002c0c123 to 0x0000000002c0c39d
Event: 5.426 Thread 0x0000000019ab1800 Implicit null exception at 0x0000000002ecc51d to 0x0000000002ed3435

Events (10 events):
Event: 6.276 loading class org/hibernate/engine/jdbc/env/internal/JdbcEnvironmentInitiator$1
Event: 6.276 loading class org/hibernate/engine/jdbc/env/internal/JdbcEnvironmentInitiator$1 done
Event: 6.276 loading class io/micrometer/core/instrument/distribution/pause/PauseDetector
Event: 6.276 loading class io/micrometer/core/instrument/distribution/pause/PauseDetector done
Event: 6.276 loading class io/micrometer/core/instrument/Meter$Id
Event: 6.276 loading class io/micrometer/core/instrument/Meter$Id done
Event: 6.276 loading class io/micrometer/core/instrument/MeterRegistry
Event: 6.276 loading class io/micrometer/core/instrument/MeterRegistry done
Event: 6.277 loading class org/hibernate/annotations/common/util/StringHelper
Event: 6.277 loading class org/hibernate/annotations/common/util/StringHelper done


Dynamic libraries:
0x00007ff73b880000 - 0x00007ff73b8b7000 	C:\Program Files\Java\jre1.8.0_211\bin\javaw.exe
0x00007ff8d0740000 - 0x00007ff8d0930000 	C:\WINDOWS\SYSTEM32\ntdll.dll
0x00007ff8ce7f0000 - 0x00007ff8ce8a2000 	C:\WINDOWS\System32\KERNEL32.DLL
0x00007ff8ce110000 - 0x00007ff8ce3b5000 	C:\WINDOWS\System32\KERNELBASE.dll
0x00007ff8cfe60000 - 0x00007ff8cff03000 	C:\WINDOWS\System32\ADVAPI32.dll
0x00007ff8d0380000 - 0x00007ff8d041e000 	C:\WINDOWS\System32\msvcrt.dll
0x00007ff8ce8c0000 - 0x00007ff8ce957000 	C:\WINDOWS\System32\sechost.dll
0x00007ff8d0560000 - 0x00007ff8d0680000 	C:\WINDOWS\System32\RPCRT4.dll
0x00007ff8cfbf0000 - 0x00007ff8cfd85000 	C:\WINDOWS\System32\USER32.dll
0x00007ff8ce7c0000 - 0x00007ff8ce7e1000 	C:\WINDOWS\System32\win32u.dll
0x00007ff8cee10000 - 0x00007ff8cee36000 	C:\WINDOWS\System32\GDI32.dll
0x00007ff8cd720000 - 0x00007ff8cd8b6000 	C:\WINDOWS\System32\gdi32full.dll
0x00007ff8ce570000 - 0x00007ff8ce60e000 	C:\WINDOWS\System32\msvcp_win.dll
0x00007ff8ce610000 - 0x00007ff8ce70a000 	C:\WINDOWS\System32\ucrtbase.dll
0x00007ff8c22b0000 - 0x00007ff8c2534000 	C:\WINDOWS\WinSxS\amd64_microsoft.windows.common-controls_6595b64144ccf1df_6.0.18362.1082_none_9e8193e1e45b25c1\COMCTL32.dll
0x00007ff8cead0000 - 0x00007ff8cee05000 	C:\WINDOWS\System32\combase.dll
0x00007ff8cd8c0000 - 0x00007ff8cd940000 	C:\WINDOWS\System32\bcryptPrimitives.dll
0x00007ff8cfaf0000 - 0x00007ff8cfb1e000 	C:\WINDOWS\System32\IMM32.DLL
0x0000000057ff0000 - 0x00000000580c2000 	C:\Program Files\Java\jre1.8.0_211\bin\msvcr100.dll
0x00000000581b0000 - 0x0000000058a55000 	C:\Program Files\Java\jre1.8.0_211\bin\server\jvm.dll
0x00007ff8ce8b0000 - 0x00007ff8ce8b8000 	C:\WINDOWS\System32\PSAPI.DLL
0x00007ff8b1980000 - 0x00007ff8b1989000 	C:\WINDOWS\SYSTEM32\WSOCK32.dll
0x00007ff8cb6e0000 - 0x00007ff8cb704000 	C:\WINDOWS\SYSTEM32\WINMM.dll
0x00007ff8c67f0000 - 0x00007ff8c67fa000 	C:\WINDOWS\SYSTEM32\VERSION.dll
0x00007ff8ce960000 - 0x00007ff8ce9cf000 	C:\WINDOWS\System32\WS2_32.dll
0x00007ff8cb5b0000 - 0x00007ff8cb5dd000 	C:\WINDOWS\SYSTEM32\winmmbase.dll
0x00007ff8cd6d0000 - 0x00007ff8cd71a000 	C:\WINDOWS\System32\cfgmgr32.dll
0x00007ff8addf0000 - 0x00007ff8addff000 	C:\Program Files\Java\jre1.8.0_211\bin\verify.dll
0x00007ff8a7990000 - 0x00007ff8a79b9000 	C:\Program Files\Java\jre1.8.0_211\bin\java.dll
0x00007ff8a7d90000 - 0x00007ff8a7da6000 	C:\Program Files\Java\jre1.8.0_211\bin\zip.dll
0x00007ff8cf170000 - 0x00007ff8cf857000 	C:\WINDOWS\System32\SHELL32.dll
0x00007ff8ceff0000 - 0x00007ff8cf099000 	C:\WINDOWS\System32\shcore.dll
0x00007ff8cd990000 - 0x00007ff8ce110000 	C:\WINDOWS\System32\windows.storage.dll
0x00007ff8cd630000 - 0x00007ff8cd653000 	C:\WINDOWS\System32\profapi.dll
0x00007ff8cd680000 - 0x00007ff8cd6ca000 	C:\WINDOWS\System32\powrprof.dll
0x00007ff8cd600000 - 0x00007ff8cd610000 	C:\WINDOWS\System32\UMPDC.dll
0x00007ff8cfb90000 - 0x00007ff8cfbe2000 	C:\WINDOWS\System32\shlwapi.dll
0x00007ff8cd660000 - 0x00007ff8cd671000 	C:\WINDOWS\System32\kernel.appcore.dll
0x00007ff8cd940000 - 0x00007ff8cd957000 	C:\WINDOWS\System32\cryptsp.dll
0x00007ff8cb800000 - 0x00007ff8cb80d000 	C:\Program Files\Java\jre1.8.0_211\bin\management.dll
0x00007ff8a7970000 - 0x00007ff8a798a000 	C:\Program Files\Java\jre1.8.0_211\bin\net.dll
0x00007ff8c0290000 - 0x00007ff8c0466000 	C:\WINDOWS\SYSTEM32\urlmon.dll
0x00007ff8bf610000 - 0x00007ff8bf8b6000 	C:\WINDOWS\SYSTEM32\iertutil.dll
0x00007ff8ccf20000 - 0x00007ff8ccf2c000 	C:\WINDOWS\SYSTEM32\CRYPTBASE.DLL
0x00007ff8ccda0000 - 0x00007ff8cce07000 	C:\WINDOWS\system32\mswsock.dll
0x00007ff8a8860000 - 0x00007ff8a8876000 	C:\WINDOWS\system32\napinsp.dll
0x00007ff8a8840000 - 0x00007ff8a885a000 	C:\WINDOWS\system32\pnrpnsp.dll
0x00007ff8ccb00000 - 0x00007ff8ccbcb000 	C:\WINDOWS\SYSTEM32\DNSAPI.dll
0x00007ff8cfa20000 - 0x00007ff8cfa28000 	C:\WINDOWS\System32\NSI.dll
0x00007ff8ccac0000 - 0x00007ff8ccafa000 	C:\WINDOWS\SYSTEM32\IPHLPAPI.DLL
0x00007ff8b1780000 - 0x00007ff8b178e000 	C:\WINDOWS\System32\winrnr.dll
0x00007ff8c9df0000 - 0x00007ff8c9e0c000 	C:\WINDOWS\system32\NLAapi.dll
0x00007ff8c8ba0000 - 0x00007ff8c8bb5000 	C:\WINDOWS\system32\wshbth.dll
0x00007ff8c5d40000 - 0x00007ff8c5d4a000 	C:\Windows\System32\rasadhlp.dll
0x00007ff8c6770000 - 0x00007ff8c67e7000 	C:\WINDOWS\System32\fwpuclnt.dll
0x00007ff8cd960000 - 0x00007ff8cd986000 	C:\WINDOWS\System32\bcrypt.dll
0x00007ff8a7950000 - 0x00007ff8a7962000 	C:\Program Files\Java\jre1.8.0_211\bin\nio.dll
0x00007ff8cc920000 - 0x00007ff8cc953000 	C:\WINDOWS\system32\rsaenh.dll
0x00007ff8cd520000 - 0x00007ff8cd545000 	C:\WINDOWS\SYSTEM32\USERENV.dll
0x00007ff8c6b10000 - 0x00007ff8c6b26000 	C:\WINDOWS\SYSTEM32\dhcpcsvc6.DLL
0x00007ff8c6af0000 - 0x00007ff8c6b0c000 	C:\WINDOWS\SYSTEM32\dhcpcsvc.DLL

VM Arguments:
jvm_args: -Dfile.encoding=UTF-8 
java_command: com.xnexus.LaflenteApplication
java_class_path (initial): C:\Users\lucas\Documents\Faculdade\xNexus-laflente-backoffice\laflente_backoffice\target\classes;C:\Users\lucas\.m2\repository\org\springframework\boot\spring-boot-starter-web\2.1.14.RELEASE\spring-boot-starter-web-2.1.14.RELEASE.jar;C:\Users\lucas\.m2\repository\org\springframework\boot\spring-boot-starter\2.1.14.RELEASE\spring-boot-starter-2.1.14.RELEASE.jar;C:\Users\lucas\.m2\repository\org\springframework\boot\spring-boot-starter-logging\2.1.14.RELEASE\spring-boot-starter-logging-2.1.14.RELEASE.jar;C:\Users\lucas\.m2\repository\ch\qos\logback\logback-classic\1.2.3\logback-classic-1.2.3.jar;C:\Users\lucas\.m2\repository\ch\qos\logback\logback-core\1.2.3\logback-core-1.2.3.jar;C:\Users\lucas\.m2\repository\org\apache\logging\log4j\log4j-to-slf4j\2.11.2\log4j-to-slf4j-2.11.2.jar;C:\Users\lucas\.m2\repository\org\apache\logging\log4j\log4j-api\2.11.2\log4j-api-2.11.2.jar;C:\Users\lucas\.m2\repository\org\slf4j\jul-to-slf4j\1.7.30\jul-to-slf4j-1.7.30.jar;C:\Users\lucas\.m2\repository\javax\annotation\javax.annotation-api\1.3.2\javax.annotation-api-1.3.2.jar;C:\Users\lucas\.m2\repository\org\yaml\snakeyaml\1.23\snakeyaml-1.23.jar;C:\Users\lucas\.m2\repository\org\springframework\boot\spring-boot-starter-json\2.1.14.RELEASE\spring-boot-starter-json-2.1.14.RELEASE.jar;C:\Users\lucas\.m2\repository\com\fasterxml\jackson\core\jackson-databind\2.9.10.4\jackson-databind-2.9.10.4.jar;C:\Users\lucas\.m2\repository\com\fasterxml\jackson\core\jackson-annotations\2.9.10\jackson-annotations-2.9.10.jar;C:\Users\lucas\.m2\repository\com\fasterxml\jackson\core\jackson-core\2.9.10\jackson-core-2.9.10.jar;C:\Users\lucas\.m2\repository\com\fasterxml\jackson\datatype\jackson-datatype-jdk8\2.9.10\jackson-datatype-jdk8-2.9.10.jar;C:\Users\lucas\.m2\repository\com\fasterxml\jackson\datatype\jackson-datatype-jsr310\2.9.10\jackson-datatype-jsr310-2.9.10.jar;C:\Users\lucas\.m2\repository\com\fasterxml\jackson\module\jackson-module-parameter-names\2.9.10\jackson-mo
Launcher Type: SUN_STANDARD

Environment Variables:
JAVA_HOME=C:\Program Files\Java\jdk1.8.0_201
PATH=C:/Program Files/Java/jre1.8.0_211/bin/server;C:/Program Files/Java/jre1.8.0_211/bin;C:/Program Files/Java/jre1.8.0_211/lib/amd64;C:\python3\Scripts\;C:\python3\;C:\Program Files (x86)\Common Files\Oracle\Java\javapath;C:\Windows\system32;C:\Windows;C:\Windows\System32\Wbem;C:\Windows\System32\WindowsPowerShell\v1.0\;C:\Program Files\NVIDIA Corporation\NVIDIA NvDLISR;C:\Program Files (x86)\NVIDIA Corporation\PhysX\Common;C:\WINDOWS\system32;C:\WINDOWS;C:\WINDOWS\System32\Wbem;C:\WINDOWS\System32\WindowsPowerShell\v1.0\;C:\WINDOWS\System32\OpenSSH\;C:\Program Files\Git\cmd;C:\apache-maven-3.6.1\bin;C:\Program Files\Java\jdk1.8.0_201;C:\Program Files\nodejs\;C:\Program Files\Docker\Docker\resources\bin;C:\ProgramData\DockerDesktop\version-bin;C:\Users\lucas\AppData\Local\Microsoft\WindowsApps;;C:\Users\lucas\AppData\Roaming\npm;E:\heroku\bin;C:\Program Files\JetBrains\IntelliJ IDEA Community Edition 2020.1.3\bin;;E:\Microsoft VS Code\bin;C:\WINDOWS\system32;
USERNAME=lucas
OS=Windows_NT
PROCESSOR_IDENTIFIER=Intel64 Family 6 Model 58 Stepping 9, GenuineIntel



---------------  S Y S T E M  ---------------

OS: Windows 10.0 , 64 bit Build 18362 (10.0.18362.1082)

CPU:total 4 (initial active 4) (4 cores per cpu, 1 threads per core) family 6 model 58 stepping 9, cmov, cx8, fxsr, mmx, sse, sse2, sse3, ssse3, sse4.1, sse4.2, popcnt, avx, aes, clmul, erms, tsc, tscinvbit, tscinv

Memory: 4k page, physical 8260664k(633204k free), swap 8260664k(5140k free)

vm_info: Java HotSpot(TM) 64-Bit Server VM (25.211-b12) for windows-amd64 JRE (1.8.0_211-b12), built on Apr  1 2019 20:53:26 by "java_re" with MS VC++ 10.0 (VS2010)

time: Mon Sep 21 21:36:02 2020
timezone: Hora oficial do Brasil
elapsed time: 6 seconds (0d 0h 0m 6s)

