#
# There is insufficient memory for the Java Runtime Environment to continue.
# Native memory allocation (malloc) failed to allocate 73520 bytes for Chunk::new
# Possible reasons:
#   The system is out of physical RAM or swap space
#   The process is running with CompressedOops enabled, and the Java Heap may be blocking the growth of the native heap
# Possible solutions:
#   Reduce memory load on the system
#   Increase physical memory or swap space
#   Check if swap backing store is full
#   Decrease Java heap size (-Xmx/-Xms)
#   Decrease number of Java threads
#   Decrease Java thread stack sizes (-Xss)
#   Set larger code cache with -XX:ReservedCodeCacheSize=
#   JVM is running with Unscaled Compressed Oops mode in which the Java heap is
#     placed in the first 4GB address space. The Java Heap base address is the
#     maximum limit for the native heap growth. Please use -XX:HeapBaseMinAddress
#     to set the Java Heap base and to place the Java Heap above 4GB virtual address.
# This output file may be truncated or incomplete.
#
#  Out of Memory Error (allocation.cpp:389), pid=9428, tid=0x0000000000001718
#
# JRE version: Java(TM) SE Runtime Environment (8.0_211-b12) (build 1.8.0_211-b12)
# Java VM: Java HotSpot(TM) 64-Bit Server VM (25.211-b12 mixed mode windows-amd64 compressed oops)
# Failed to write core dump. Minidumps are not enabled by default on client versions of Windows
#

---------------  T H R E A D  ---------------

Current thread (0x00000000170d8800):  JavaThread "C2 CompilerThread1" daemon [_thread_in_native, id=5912, stack(0x00000000187f0000,0x00000000188f0000)]

Stack: [0x00000000187f0000,0x00000000188f0000]
[error occurred during error reporting (printing stack bounds), id 0xc0000005]

Native frames: (J=compiled Java code, j=interpreted, Vv=VM code, C=native code)


Current CompileTask:
C2:   8126 5006   !   4       org.springframework.util.ClassUtils::getMostSpecificMethod (72 bytes)


---------------  P R O C E S S  ---------------

Java Threads: ( => current thread )
  0x000000001a408000 JavaThread "Live Reload Server" daemon [_thread_in_native, id=10964, stack(0x0000000021f70000,0x0000000022070000)]
  0x000000001a40b800 JavaThread "HikariPool-1 connection adder" daemon [_thread_blocked, id=11660, stack(0x0000000020fe0000,0x00000000210e0000)]
  0x000000001a40b000 JavaThread "HikariPool-1 housekeeper" daemon [_thread_blocked, id=4660, stack(0x0000000021110000,0x0000000021210000)]
  0x000000001a40a000 JavaThread "container-0" [_thread_blocked, id=2128, stack(0x0000000020960000,0x0000000020a60000)]
  0x000000001a40c800 JavaThread "Catalina-utility-2" [_thread_blocked, id=1812, stack(0x0000000020860000,0x0000000020960000)]
  0x000000001a409800 JavaThread "Catalina-utility-1" [_thread_blocked, id=3152, stack(0x0000000020760000,0x0000000020860000)]
  0x000000001a407000 JavaThread "Abandoned connection cleanup thread" daemon [_thread_blocked, id=6880, stack(0x0000000020660000,0x0000000020760000)]
  0x0000000019a46800 JavaThread "restartedMain" [_thread_in_vm, id=9736, stack(0x000000001aa20000,0x000000001ab20000)]
  0x0000000019400000 JavaThread "Thread-0" [_thread_blocked, id=9900, stack(0x000000001a920000,0x000000001aa20000)]
  0x0000000018913000 JavaThread "Service Thread" daemon [_thread_in_vm, id=6748, stack(0x0000000018df0000,0x0000000018ef0000)]
  0x0000000018900800 JavaThread "C1 CompilerThread2" daemon [_thread_blocked, id=7608, stack(0x0000000018cf0000,0x0000000018df0000)]
=>0x00000000170d8800 JavaThread "C2 CompilerThread1" daemon [_thread_in_native, id=5912, stack(0x00000000187f0000,0x00000000188f0000)]
  0x0000000017084000 JavaThread "C2 CompilerThread0" daemon [_thread_in_native, id=7252, stack(0x00000000186f0000,0x00000000187f0000)]
  0x0000000017082000 JavaThread "Attach Listener" daemon [_thread_blocked, id=10608, stack(0x00000000185f0000,0x00000000186f0000)]
  0x0000000017081000 JavaThread "Signal Dispatcher" daemon [_thread_blocked, id=9008, stack(0x00000000184f0000,0x00000000185f0000)]
  0x000000001706a800 JavaThread "Finalizer" daemon [_thread_blocked, id=9712, stack(0x00000000182e0000,0x00000000183e0000)]
  0x0000000002554000 JavaThread "Reference Handler" daemon [_thread_blocked, id=4544, stack(0x00000000181e0000,0x00000000182e0000)]
  0x0000000002465800 JavaThread "main" [_thread_blocked, id=9076, stack(0x0000000002360000,0x0000000002460000)]

Other Threads:
  0x0000000017048000 VMThread [stack: 0x00000000180e0000,0x00000000181e0000] [id=1504]
  0x000000001895c800 WatcherThread [stack: 0x0000000018ef0000,0x0000000018ff0000] [id=2148]

VM state:not at safepoint (normal execution)

VM Mutex/Monitor currently owned by a thread: None

heap address: 0x0000000081e00000, size: 2018 MB, Compressed Oops mode: 32-bit
Narrow klass base: 0x0000000000000000, Narrow klass shift: 3
Compressed class space size: 1073741824 Address: 0x0000000100000000

Heap:
 PSYoungGen      total 360448K, used 12507K [0x00000000d5f80000, 0x00000000f6880000, 0x0000000100000000)
  eden space 339968K, 3% used [0x00000000d5f80000,0x00000000d6bb6ef8,0x00000000eab80000)
  from space 20480K, 0% used [0x00000000eab80000,0x00000000eab80000,0x00000000ebf80000)
  to   space 19968K, 0% used [0x00000000f5500000,0x00000000f5500000,0x00000000f6880000)
 ParOldGen       total 66560K, used 26183K [0x0000000081e00000, 0x0000000085f00000, 0x00000000d5f80000)
  object space 66560K, 39% used [0x0000000081e00000,0x0000000083791dd8,0x0000000085f00000)
 Metaspace       used 57285K, capacity 60086K, committed 60336K, reserved 1101824K
  class space    used 7905K, capacity 8397K, committed 8420K, reserved 1048576K

Card table byte_map: [0x0000000011920000,0x0000000011d20000] byte_map_base: 0x0000000011511000

Marking Bits: (ParMarkBitMap*) 0x0000000066635ce0
 Begin Bits: [0x00000000123d0000, 0x0000000014358000)
 End Bits:   [0x0000000014358000, 0x00000000162e0000)

Polling page: 0x0000000000520000

CodeCache: size=245760Kb used=16404Kb max_used=17057Kb free=229355Kb
 bounds [0x0000000002560000, 0x0000000003660000, 0x0000000011560000]
 total_blobs=4996 nmethods=4444 adapters=464
 compilation: enabled

Compilation events (10 events):
Event: 7.939 Thread 0x0000000018900800 5146       2       org.springframework.cglib.core.AbstractClassGenerator$ClassLoaderData$2::apply (5 bytes)
Event: 7.939 Thread 0x0000000018900800 nmethod 5146 0x00000000029c7250 code [0x00000000029c73a0, 0x00000000029c74f0]
Event: 7.958 Thread 0x0000000018900800 5147       2       org.springframework.web.context.support.ServletContextAwareProcessor::postProcessBeforeInitialization (56 bytes)
Event: 7.958 Thread 0x0000000018900800 nmethod 5147 0x0000000002cbd0d0 code [0x0000000002cbd2a0, 0x0000000002cbd6d8]
Event: 7.958 Thread 0x0000000018900800 5148       2       org.springframework.context.support.ApplicationListenerDetector::postProcessBeforeInitialization (2 bytes)
Event: 7.958 Thread 0x0000000018900800 nmethod 5148 0x0000000002eaae10 code [0x0000000002eaaf60, 0x0000000002eab0b0]
Event: 7.959 Thread 0x0000000018900800 5149       2       java.lang.reflect.Constructor::getParameterCount (6 bytes)
Event: 7.959 Thread 0x0000000018900800 nmethod 5149 0x000000000330a7d0 code [0x000000000330a920, 0x000000000330aa70]
Event: 8.125 Thread 0x0000000018900800 5150       1       javax.management.openmbean.OpenType::getTypeName (5 bytes)
Event: 8.125 Thread 0x0000000018900800 nmethod 5150 0x0000000002747410 code [0x0000000002747560, 0x0000000002747670]

GC Heap History (10 events):
Event: 4.125 GC heap before
{Heap before GC invocations=10 (full 1):
 PSYoungGen      total 242688K, used 23331K [0x00000000d5f80000, 0x00000000e5e00000, 0x0000000100000000)
  eden space 230400K, 4% used [0x00000000d5f80000,0x00000000d6a4cfd0,0x00000000e4080000)
  from space 12288K, 99% used [0x00000000e5200000,0x00000000e5dfbfc8,0x00000000e5e00000)
  to   space 14336K, 0% used [0x00000000e4200000,0x00000000e4200000,0x00000000e5000000)
 ParOldGen       total 49664K, used 10154K [0x0000000081e00000, 0x0000000084e80000, 0x00000000d5f80000)
  object space 49664K, 20% used [0x0000000081e00000,0x00000000827ea9e8,0x0000000084e80000)
 Metaspace       used 34338K, capacity 36038K, committed 36048K, reserved 1081344K
  class space    used 4467K, capacity 4782K, committed 4784K, reserved 1048576K
Event: 4.157 GC heap after
Heap after GC invocations=10 (full 1):
 PSYoungGen      total 246272K, used 10777K [0x00000000d5f80000, 0x00000000ece00000, 0x0000000100000000)
  eden space 231936K, 0% used [0x00000000d5f80000,0x00000000d5f80000,0x00000000e4200000)
  from space 14336K, 75% used [0x00000000e4200000,0x00000000e4c86618,0x00000000e5000000)
  to   space 14848K, 0% used [0x00000000ebf80000,0x00000000ebf80000,0x00000000ece00000)
 ParOldGen       total 49664K, used 10162K [0x0000000081e00000, 0x0000000084e80000, 0x00000000d5f80000)
  object space 49664K, 20% used [0x0000000081e00000,0x00000000827ec9e8,0x0000000084e80000)
 Metaspace       used 34338K, capacity 36038K, committed 36048K, reserved 1081344K
  class space    used 4467K, capacity 4782K, committed 4784K, reserved 1048576K
}
Event: 4.157 GC heap before
{Heap before GC invocations=11 (full 2):
 PSYoungGen      total 246272K, used 10777K [0x00000000d5f80000, 0x00000000ece00000, 0x0000000100000000)
  eden space 231936K, 0% used [0x00000000d5f80000,0x00000000d5f80000,0x00000000e4200000)
  from space 14336K, 75% used [0x00000000e4200000,0x00000000e4c86618,0x00000000e5000000)
  to   space 14848K, 0% used [0x00000000ebf80000,0x00000000ebf80000,0x00000000ece00000)
 ParOldGen       total 49664K, used 10162K [0x0000000081e00000, 0x0000000084e80000, 0x00000000d5f80000)
  object space 49664K, 20% used [0x0000000081e00000,0x00000000827ec9e8,0x0000000084e80000)
 Metaspace       used 34338K, capacity 36038K, committed 36048K, reserved 1081344K
  class space    used 4467K, capacity 4782K, committed 4784K, reserved 1048576K
Event: 4.211 GC heap after
Heap after GC invocations=11 (full 2):
 PSYoungGen      total 246272K, used 0K [0x00000000d5f80000, 0x00000000ece00000, 0x0000000100000000)
  eden space 231936K, 0% used [0x00000000d5f80000,0x00000000d5f80000,0x00000000e4200000)
  from space 14336K, 0% used [0x00000000e4200000,0x00000000e4200000,0x00000000e5000000)
  to   space 14848K, 0% used [0x00000000ebf80000,0x00000000ebf80000,0x00000000ece00000)
 ParOldGen       total 66560K, used 15401K [0x0000000081e00000, 0x0000000085f00000, 0x00000000d5f80000)
  object space 66560K, 23% used [0x0000000081e00000,0x0000000082d0a728,0x0000000085f00000)
 Metaspace       used 34338K, capacity 36038K, committed 36048K, reserved 1081344K
  class space    used 4467K, capacity 4782K, committed 4784K, reserved 1048576K
}
Event: 7.347 GC heap before
{Heap before GC invocations=12 (full 2):
 PSYoungGen      total 246272K, used 231936K [0x00000000d5f80000, 0x00000000ece00000, 0x0000000100000000)
  eden space 231936K, 100% used [0x00000000d5f80000,0x00000000e4200000,0x00000000e4200000)
  from space 14336K, 0% used [0x00000000e4200000,0x00000000e4200000,0x00000000e5000000)
  to   space 14848K, 0% used [0x00000000ebf80000,0x00000000ebf80000,0x00000000ece00000)
 ParOldGen       total 66560K, used 15401K [0x0000000081e00000, 0x0000000085f00000, 0x00000000d5f80000)
  object space 66560K, 23% used [0x0000000081e00000,0x0000000082d0a728,0x0000000085f00000)
 Metaspace       used 55108K, capacity 57582K, committed 57724K, reserved 1099776K
  class space    used 7608K, capacity 8059K, committed 8112K, reserved 1048576K
Event: 7.369 GC heap after
Heap after GC invocations=12 (full 2):
 PSYoungGen      total 354816K, used 14842K [0x00000000d5f80000, 0x00000000ed500000, 0x0000000100000000)
  eden space 339968K, 0% used [0x00000000d5f80000,0x00000000d5f80000,0x00000000eab80000)
  from space 14848K, 99% used [0x00000000ebf80000,0x00000000ecdfeb58,0x00000000ece00000)
  to   space 20480K, 0% used [0x00000000eab80000,0x00000000eab80000,0x00000000ebf80000)
 ParOldGen       total 66560K, used 24436K [0x0000000081e00000, 0x0000000085f00000, 0x00000000d5f80000)
  object space 66560K, 36% used [0x0000000081e00000,0x00000000835dd0c0,0x0000000085f00000)
 Metaspace       used 55108K, capacity 57582K, committed 57724K, reserved 1099776K
  class space    used 7608K, capacity 8059K, committed 8112K, reserved 1048576K
}
Event: 7.967 GC heap before
{Heap before GC invocations=13 (full 2):
 PSYoungGen      total 354816K, used 68571K [0x00000000d5f80000, 0x00000000ed500000, 0x0000000100000000)
  eden space 339968K, 15% used [0x00000000d5f80000,0x00000000d93f8410,0x00000000eab80000)
  from space 14848K, 99% used [0x00000000ebf80000,0x00000000ecdfeb58,0x00000000ece00000)
  to   space 20480K, 0% used [0x00000000eab80000,0x00000000eab80000,0x00000000ebf80000)
 ParOldGen       total 66560K, used 24436K [0x0000000081e00000, 0x0000000085f00000, 0x00000000d5f80000)
  object space 66560K, 36% used [0x0000000081e00000,0x00000000835dd0c0,0x0000000085f00000)
 Metaspace       used 57282K, capacity 60022K, committed 60080K, reserved 1101824K
  class space    used 7902K, capacity 8397K, committed 8420K, reserved 1048576K
Event: 7.979 GC heap after
Heap after GC invocations=13 (full 2):
 PSYoungGen      total 360448K, used 3832K [0x00000000d5f80000, 0x00000000f6880000, 0x0000000100000000)
  eden space 339968K, 0% used [0x00000000d5f80000,0x00000000d5f80000,0x00000000eab80000)
  from space 20480K, 18% used [0x00000000eab80000,0x00000000eaf3e298,0x00000000ebf80000)
  to   space 19968K, 0% used [0x00000000f5500000,0x00000000f5500000,0x00000000f6880000)
 ParOldGen       total 66560K, used 32753K [0x0000000081e00000, 0x0000000085f00000, 0x00000000d5f80000)
  object space 66560K, 49% used [0x0000000081e00000,0x0000000083dfc538,0x0000000085f00000)
 Metaspace       used 57282K, capacity 60022K, committed 60080K, reserved 1101824K
  class space    used 7902K, capacity 8397K, committed 8420K, reserved 1048576K
}
Event: 7.979 GC heap before
{Heap before GC invocations=14 (full 3):
 PSYoungGen      total 360448K, used 3832K [0x00000000d5f80000, 0x00000000f6880000, 0x0000000100000000)
  eden space 339968K, 0% used [0x00000000d5f80000,0x00000000d5f80000,0x00000000eab80000)
  from space 20480K, 18% used [0x00000000eab80000,0x00000000eaf3e298,0x00000000ebf80000)
  to   space 19968K, 0% used [0x00000000f5500000,0x00000000f5500000,0x00000000f6880000)
 ParOldGen       total 66560K, used 32753K [0x0000000081e00000, 0x0000000085f00000, 0x00000000d5f80000)
  object space 66560K, 49% used [0x0000000081e00000,0x0000000083dfc538,0x0000000085f00000)
 Metaspace       used 57282K, capacity 60022K, committed 60080K, reserved 1101824K
  class space    used 7902K, capacity 8397K, committed 8420K, reserved 1048576K
Event: 8.124 GC heap after
Heap after GC invocations=14 (full 3):
 PSYoungGen      total 360448K, used 0K [0x00000000d5f80000, 0x00000000f6880000, 0x0000000100000000)
  eden space 339968K, 0% used [0x00000000d5f80000,0x00000000d5f80000,0x00000000eab80000)
  from space 20480K, 0% used [0x00000000eab80000,0x00000000eab80000,0x00000000ebf80000)
  to   space 19968K, 0% used [0x00000000f5500000,0x00000000f5500000,0x00000000f6880000)
 ParOldGen       total 66560K, used 26183K [0x0000000081e00000, 0x0000000085f00000, 0x00000000d5f80000)
  object space 66560K, 39% used [0x0000000081e00000,0x0000000083791dd8,0x0000000085f00000)
 Metaspace       used 57278K, capacity 60016K, committed 60080K, reserved 1101824K
  class space    used 7901K, capacity 8396K, committed 8420K, reserved 1048576K
}

Deoptimization events (10 events):
Event: 7.387 Thread 0x0000000018913000 Uncommon trap: reason=speculate_class_check action=maybe_recompile pc=0x00000000027d80d8 method=java.util.AbstractList.listIterator()Ljava/util/ListIterator; @ 2
Event: 7.387 Thread 0x0000000018913000 Uncommon trap: reason=speculate_class_check action=maybe_recompile pc=0x00000000027d80d8 method=java.util.AbstractList.listIterator()Ljava/util/ListIterator; @ 2
Event: 7.416 Thread 0x0000000018913000 Uncommon trap: reason=speculate_class_check action=maybe_recompile pc=0x00000000027d80d8 method=java.util.AbstractList.listIterator()Ljava/util/ListIterator; @ 2
Event: 7.540 Thread 0x0000000019a46800 Uncommon trap: reason=unstable_if action=reinterpret pc=0x000000000361a460 method=org.springframework.core.annotation.AnnotatedElementUtils.searchWithFindSemantics(Ljava/lang/reflect/AnnotatedElement;Ljava/util/Set;Ljava/lang/String;Ljava/lang/Class;Lorg/
Event: 7.619 Thread 0x0000000019a46800 Uncommon trap: reason=unstable_if action=reinterpret pc=0x00000000032a50cc method=java.util.concurrent.ConcurrentHashMap.putVal(Ljava/lang/Object;Ljava/lang/Object;Z)Ljava/lang/Object; @ 331
Event: 7.620 Thread 0x0000000019a46800 Uncommon trap: reason=unstable_if action=reinterpret pc=0x00000000033c5b3c method=java.util.concurrent.ConcurrentHashMap.get(Ljava/lang/Object;)Ljava/lang/Object; @ 86
Event: 7.622 Thread 0x0000000019a46800 Uncommon trap: reason=unstable_if action=reinterpret pc=0x00000000029733ac method=java.util.concurrent.ConcurrentHashMap.transfer([Ljava/util/concurrent/ConcurrentHashMap$Node;[Ljava/util/concurrent/ConcurrentHashMap$Node;)V @ 356
Event: 7.623 Thread 0x0000000019a46800 Uncommon trap: reason=unstable_if action=reinterpret pc=0x000000000295ae18 method=java.util.concurrent.ConcurrentHashMap.transfer([Ljava/util/concurrent/ConcurrentHashMap$Node;[Ljava/util/concurrent/ConcurrentHashMap$Node;)V @ 356
Event: 7.836 Thread 0x0000000019a46800 Uncommon trap: reason=unstable_if action=reinterpret pc=0x0000000002b4a888 method=java.io.WinNTFileSystem.isLetter(C)Z @ 3
Event: 7.850 Thread 0x0000000019a46800 Uncommon trap: reason=unstable_if action=reinterpret pc=0x00000000031efcfc method=org.springframework.beans.factory.support.AbstractBeanFactory.isTypeMatch(Ljava/lang/String;Lorg/springframework/core/ResolvableType;)Z @ 26

Classes redefined (0 events):
No events

Internal exceptions (10 events):
Event: 7.471 Thread 0x0000000019a46800 Exception <a 'java/lang/ClassNotFoundException': org/springframework/boot/autoconfigure/web/servlet/WebMvcAutoConfiguration$EnableWebMvcConfiguration$$EnhancerBySpringCGLIB$$3014ff4bCustomizer> (0x00000000d72887d8) thrown at [C:\re\workspace\8-2-build-win
Event: 7.472 Thread 0x0000000019a46800 Exception <a 'java/lang/ClassNotFoundException': org/springframework/context/annotation/ConfigurationClassEnhancer$EnhancedConfigurationCustomizer> (0x00000000d72ccae0) thrown at [C:\re\workspace\8-2-build-windows-amd64-cygwin\jdk8u211\12973\hotspot\src\s
Event: 7.473 Thread 0x0000000019a46800 Exception <a 'java/lang/ClassNotFoundException': org/springframework/beans/factory/BeanFactoryAwareCustomizer> (0x00000000d72e4318) thrown at [C:\re\workspace\8-2-build-windows-amd64-cygwin\jdk8u211\12973\hotspot\src\share\vm\classfile\systemDictionary.cp
Event: 7.473 Thread 0x0000000019a46800 Exception <a 'java/lang/ClassNotFoundException': org/springframework/beans/factory/AwareCustomizer> (0x00000000d72fa060) thrown at [C:\re\workspace\8-2-build-windows-amd64-cygwin\jdk8u211\12973\hotspot\src\share\vm\classfile\systemDictionary.cpp, line 210
Event: 7.474 Thread 0x0000000019a46800 Exception <a 'java/lang/ClassNotFoundException': org/springframework/context/ResourceLoaderAwareCustomizer> (0x00000000d7310708) thrown at [C:\re\workspace\8-2-build-windows-amd64-cygwin\jdk8u211\12973\hotspot\src\share\vm\classfile\systemDictionary.cpp, 
Event: 7.474 Thread 0x0000000019a46800 Exception <a 'java/lang/ClassNotFoundException': org/springframework/beans/factory/AwareCustomizer> (0x00000000d7325e20) thrown at [C:\re\workspace\8-2-build-windows-amd64-cygwin\jdk8u211\12973\hotspot\src\share\vm\classfile\systemDictionary.cpp, line 210
Event: 7.474 Thread 0x0000000019a46800 Exception <a 'java/lang/ClassNotFoundException': org/springframework/context/ApplicationContextAwareCustomizer> (0x00000000d733d9e0) thrown at [C:\re\workspace\8-2-build-windows-amd64-cygwin\jdk8u211\12973\hotspot\src\share\vm\classfile\systemDictionary.c
Event: 7.475 Thread 0x0000000019a46800 Exception <a 'java/lang/ClassNotFoundException': org/springframework/beans/factory/AwareCustomizer> (0x00000000d7353700) thrown at [C:\re\workspace\8-2-build-windows-amd64-cygwin\jdk8u211\12973\hotspot\src\share\vm\classfile\systemDictionary.cpp, line 210
Event: 7.475 Thread 0x0000000019a46800 Exception <a 'java/lang/ClassNotFoundException': org/springframework/web/context/ServletContextAwareCustomizer> (0x00000000d736b2b8) thrown at [C:\re\workspace\8-2-build-windows-amd64-cygwin\jdk8u211\12973\hotspot\src\share\vm\classfile\systemDictionary.c
Event: 7.478 Thread 0x0000000019a46800 Exception <a 'java/lang/ClassNotFoundException': org/springframework/beans/factory/AwareCustomizer> (0x00000000d7380a48) thrown at [C:\re\workspace\8-2-build-windows-amd64-cygwin\jdk8u211\12973\hotspot\src\share\vm\classfile\systemDictionary.cpp, line 210

Events (10 events):
Event: 8.125 Thread 0x0000000018900800 flushing nmethod 0x0000000002674210
Event: 8.125 Thread 0x0000000018900800 flushing nmethod 0x00000000026909d0
Event: 8.125 Thread 0x0000000018900800 flushing nmethod 0x0000000002699d50
Event: 8.125 Thread 0x0000000018900800 flushing nmethod 0x00000000026cd590
Event: 8.125 Thread 0x0000000018900800 flushing nmethod 0x00000000026f0bd0
Event: 8.125 Thread 0x0000000018900800 flushing nmethod 0x00000000026f2f50
Event: 8.125 Thread 0x0000000018900800 flushing nmethod 0x00000000026f6ad0
Event: 8.125 Thread 0x0000000018900800 flushing nmethod 0x00000000026f7110
Event: 8.125 Thread 0x0000000018900800 flushing nmethod 0x000000000270ea90
Event: 8.125 Thread 0x0000000018900800 flushing nmethod 0x0000000002718a10


Dynamic libraries:
0x00007ff7ed860000 - 0x00007ff7ed897000 	C:\Program Files\Java\jre1.8.0_211\bin\javaw.exe
0x00007ff916e00000 - 0x00007ff916ff0000 	C:\WINDOWS\SYSTEM32\ntdll.dll
0x00007ff9158d0000 - 0x00007ff915982000 	C:\WINDOWS\System32\KERNEL32.DLL
0x00007ff913d90000 - 0x00007ff914035000 	C:\WINDOWS\System32\KERNELBASE.dll
0x00007ff916500000 - 0x00007ff9165a3000 	C:\WINDOWS\System32\ADVAPI32.dll
0x00007ff915400000 - 0x00007ff91549e000 	C:\WINDOWS\System32\msvcrt.dll
0x00007ff915fa0000 - 0x00007ff916037000 	C:\WINDOWS\System32\sechost.dll
0x00007ff915570000 - 0x00007ff915690000 	C:\WINDOWS\System32\RPCRT4.dll
0x00007ff915e00000 - 0x00007ff915f95000 	C:\WINDOWS\System32\USER32.dll
0x00007ff914430000 - 0x00007ff914451000 	C:\WINDOWS\System32\win32u.dll
0x00007ff915c80000 - 0x00007ff915ca6000 	C:\WINDOWS\System32\GDI32.dll
0x00007ff914290000 - 0x00007ff914426000 	C:\WINDOWS\System32\gdi32full.dll
0x00007ff914e10000 - 0x00007ff914eae000 	C:\WINDOWS\System32\msvcp_win.dll
0x00007ff914160000 - 0x00007ff91425a000 	C:\WINDOWS\System32\ucrtbase.dll
0x00007ff9071e0000 - 0x00007ff907464000 	C:\WINDOWS\WinSxS\amd64_microsoft.windows.common-controls_6595b64144ccf1df_6.0.18362.1082_none_9e8193e1e45b25c1\COMCTL32.dll
0x00007ff9161a0000 - 0x00007ff9164d5000 	C:\WINDOWS\System32\combase.dll
0x00007ff914be0000 - 0x00007ff914c60000 	C:\WINDOWS\System32\bcryptPrimitives.dll
0x00007ff914eb0000 - 0x00007ff914ede000 	C:\WINDOWS\System32\IMM32.DLL
0x0000000065c50000 - 0x0000000065d22000 	C:\Program Files\Java\jre1.8.0_211\bin\msvcr100.dll
0x0000000065e10000 - 0x00000000666b5000 	C:\Program Files\Java\jre1.8.0_211\bin\server\jvm.dll
0x00007ff9158c0000 - 0x00007ff9158c8000 	C:\WINDOWS\System32\PSAPI.DLL
0x00007ff9104d0000 - 0x00007ff9104d9000 	C:\WINDOWS\SYSTEM32\WSOCK32.dll
0x00007ff911ca0000 - 0x00007ff911cc4000 	C:\WINDOWS\SYSTEM32\WINMM.dll
0x00007ff9165b0000 - 0x00007ff91661f000 	C:\WINDOWS\System32\WS2_32.dll
0x00007ff90b7f0000 - 0x00007ff90b7fa000 	C:\WINDOWS\SYSTEM32\VERSION.dll
0x00007ff911c20000 - 0x00007ff911c4d000 	C:\WINDOWS\SYSTEM32\WINMMBASE.dll
0x00007ff914110000 - 0x00007ff91415a000 	C:\WINDOWS\System32\cfgmgr32.dll
0x00007ff908810000 - 0x00007ff90881f000 	C:\Program Files\Java\jre1.8.0_211\bin\verify.dll
0x00007ff8f4fa0000 - 0x00007ff8f4fc9000 	C:\Program Files\Java\jre1.8.0_211\bin\java.dll
0x00007ff8f4680000 - 0x00007ff8f4696000 	C:\Program Files\Java\jre1.8.0_211\bin\zip.dll
0x00007ff916620000 - 0x00007ff916d07000 	C:\WINDOWS\System32\SHELL32.dll
0x00007ff916d10000 - 0x00007ff916db9000 	C:\WINDOWS\System32\shcore.dll
0x00007ff914460000 - 0x00007ff914be0000 	C:\WINDOWS\System32\windows.storage.dll
0x00007ff913d60000 - 0x00007ff913d83000 	C:\WINDOWS\System32\profapi.dll
0x00007ff913d10000 - 0x00007ff913d5a000 	C:\WINDOWS\System32\powrprof.dll
0x00007ff913cc0000 - 0x00007ff913cd0000 	C:\WINDOWS\System32\UMPDC.dll
0x00007ff915860000 - 0x00007ff9158b2000 	C:\WINDOWS\System32\shlwapi.dll
0x00007ff913cf0000 - 0x00007ff913d01000 	C:\WINDOWS\System32\kernel.appcore.dll
0x00007ff914040000 - 0x00007ff914057000 	C:\WINDOWS\System32\cryptsp.dll
0x00007ff906790000 - 0x00007ff90679d000 	C:\Program Files\Java\jre1.8.0_211\bin\management.dll
0x00007ff8f59d0000 - 0x00007ff8f59ea000 	C:\Program Files\Java\jre1.8.0_211\bin\net.dll
0x00007ff9082b0000 - 0x00007ff908486000 	C:\WINDOWS\SYSTEM32\urlmon.dll
0x00007ff907fd0000 - 0x00007ff908276000 	C:\WINDOWS\SYSTEM32\iertutil.dll
0x00007ff9135e0000 - 0x00007ff9135ec000 	C:\WINDOWS\SYSTEM32\CRYPTBASE.DLL
0x00007ff913460000 - 0x00007ff9134c7000 	C:\WINDOWS\system32\mswsock.dll
0x00007ff8f47b0000 - 0x00007ff8f47c6000 	C:\WINDOWS\system32\napinsp.dll
0x00007ff8f4790000 - 0x00007ff8f47aa000 	C:\WINDOWS\system32\pnrpnsp.dll
0x00007ff9131c0000 - 0x00007ff91328b000 	C:\WINDOWS\SYSTEM32\DNSAPI.dll
0x00007ff915690000 - 0x00007ff915698000 	C:\WINDOWS\System32\NSI.dll
0x00007ff913180000 - 0x00007ff9131ba000 	C:\WINDOWS\SYSTEM32\IPHLPAPI.DLL
0x00007ff8f5e80000 - 0x00007ff8f5e8e000 	C:\WINDOWS\System32\winrnr.dll
0x00007ff910490000 - 0x00007ff9104ac000 	C:\WINDOWS\system32\NLAapi.dll
0x00007ff90f9f0000 - 0x00007ff90fa05000 	C:\WINDOWS\system32\wshbth.dll
0x00007ff90b090000 - 0x00007ff90b09a000 	C:\Windows\System32\rasadhlp.dll
0x00007ff90d200000 - 0x00007ff90d277000 	C:\WINDOWS\System32\fwpuclnt.dll
0x00007ff914260000 - 0x00007ff914286000 	C:\WINDOWS\System32\bcrypt.dll
0x00007ff8f59b0000 - 0x00007ff8f59c2000 	C:\Program Files\Java\jre1.8.0_211\bin\nio.dll
0x00007ff912fe0000 - 0x00007ff913013000 	C:\WINDOWS\system32\rsaenh.dll
0x00007ff913be0000 - 0x00007ff913c05000 	C:\WINDOWS\SYSTEM32\USERENV.dll
0x00007ff90d510000 - 0x00007ff90d526000 	C:\WINDOWS\SYSTEM32\dhcpcsvc6.DLL
0x00007ff90d490000 - 0x00007ff90d4ac000 	C:\WINDOWS\SYSTEM32\dhcpcsvc.DLL

VM Arguments:
jvm_args: -Dfile.encoding=UTF-8 
java_command: com.xnexus.LaflenteApplication
java_class_path (initial): C:\Users\lucas\Documents\Faculdade\xNexus-laflente-backoffice\laflente_backoffice\target\classes;C:\Users\lucas\.m2\repository\org\springframework\boot\spring-boot-starter-web\2.1.14.RELEASE\spring-boot-starter-web-2.1.14.RELEASE.jar;C:\Users\lucas\.m2\repository\org\springframework\boot\spring-boot-starter\2.1.14.RELEASE\spring-boot-starter-2.1.14.RELEASE.jar;C:\Users\lucas\.m2\repository\org\springframework\boot\spring-boot-starter-logging\2.1.14.RELEASE\spring-boot-starter-logging-2.1.14.RELEASE.jar;C:\Users\lucas\.m2\repository\ch\qos\logback\logback-classic\1.2.3\logback-classic-1.2.3.jar;C:\Users\lucas\.m2\repository\ch\qos\logback\logback-core\1.2.3\logback-core-1.2.3.jar;C:\Users\lucas\.m2\repository\org\apache\logging\log4j\log4j-to-slf4j\2.11.2\log4j-to-slf4j-2.11.2.jar;C:\Users\lucas\.m2\repository\org\apache\logging\log4j\log4j-api\2.11.2\log4j-api-2.11.2.jar;C:\Users\lucas\.m2\repository\org\slf4j\jul-to-slf4j\1.7.30\jul-to-slf4j-1.7.30.jar;C:\Users\lucas\.m2\repository\javax\annotation\javax.annotation-api\1.3.2\javax.annotation-api-1.3.2.jar;C:\Users\lucas\.m2\repository\org\yaml\snakeyaml\1.23\snakeyaml-1.23.jar;C:\Users\lucas\.m2\repository\org\springframework\boot\spring-boot-starter-json\2.1.14.RELEASE\spring-boot-starter-json-2.1.14.RELEASE.jar;C:\Users\lucas\.m2\repository\com\fasterxml\jackson\core\jackson-databind\2.9.10.4\jackson-databind-2.9.10.4.jar;C:\Users\lucas\.m2\repository\com\fasterxml\jackson\core\jackson-annotations\2.9.10\jackson-annotations-2.9.10.jar;C:\Users\lucas\.m2\repository\com\fasterxml\jackson\core\jackson-core\2.9.10\jackson-core-2.9.10.jar;C:\Users\lucas\.m2\repository\com\fasterxml\jackson\datatype\jackson-datatype-jdk8\2.9.10\jackson-datatype-jdk8-2.9.10.jar;C:\Users\lucas\.m2\repository\com\fasterxml\jackson\datatype\jackson-datatype-jsr310\2.9.10\jackson-datatype-jsr310-2.9.10.jar;C:\Users\lucas\.m2\repository\com\fasterxml\jackson\module\jackson-module-parameter-names\2.9.10\jackson-mo
Launcher Type: SUN_STANDARD

Environment Variables:
JAVA_HOME=C:\Program Files\Java\jdk1.8.0_201
PATH=C:/Program Files/Java/jre1.8.0_211/bin/server;C:/Program Files/Java/jre1.8.0_211/bin;C:/Program Files/Java/jre1.8.0_211/lib/amd64;C:\python3\Scripts\;C:\python3\;C:\Program Files (x86)\Common Files\Oracle\Java\javapath;C:\Windows\system32;C:\Windows;C:\Windows\System32\Wbem;C:\Windows\System32\WindowsPowerShell\v1.0\;C:\Program Files\NVIDIA Corporation\NVIDIA NvDLISR;C:\Program Files (x86)\NVIDIA Corporation\PhysX\Common;C:\WINDOWS\system32;C:\WINDOWS;C:\WINDOWS\System32\Wbem;C:\WINDOWS\System32\WindowsPowerShell\v1.0\;C:\WINDOWS\System32\OpenSSH\;C:\Program Files\Git\cmd;C:\apache-maven-3.6.1\bin;C:\Program Files\Java\jdk1.8.0_201;C:\Program Files\nodejs\;C:\Program Files\Docker\Docker\resources\bin;C:\ProgramData\DockerDesktop\version-bin;C:\Users\lucas\AppData\Local\Microsoft\WindowsApps;;C:\Users\lucas\AppData\Roaming\npm;E:\heroku\bin;C:\Program Files\JetBrains\IntelliJ IDEA Community Edition 2020.1.3\bin;;E:\Microsoft VS Code\bin;C:\WINDOWS\system32;
USERNAME=lucas
OS=Windows_NT
PROCESSOR_IDENTIFIER=Intel64 Family 6 Model 58 Stepping 9, GenuineIntel



---------------  S Y S T E M  ---------------

OS: Windows 10.0 , 64 bit Build 18362 (10.0.18362.1082)

CPU:total 4 (initial active 4) (4 cores per cpu, 1 threads per core) family 6 model 58 stepping 9, cmov, cx8, fxsr, mmx, sse, sse2, sse3, ssse3, sse4.1, sse4.2, popcnt, avx, aes, clmul, erms, tsc, tscinvbit, tscinv

Memory: 4k page, physical 8260664k(785428k free), swap 8260664k(5308k free)

vm_info: Java HotSpot(TM) 64-Bit Server VM (25.211-b12) for windows-amd64 JRE (1.8.0_211-b12), built on Apr  1 2019 20:53:26 by "java_re" with MS VC++ 10.0 (VS2010)

time: Sun Sep 20 21:51:43 2020
timezone: Hora oficial do Brasil
elapsed time: 8 seconds (0d 0h 0m 8s)

